[0.010s] Invoking command in '/home/algo/Harel/ros2_ws/build/my_robot_bringup': AMENT_PREFIX_PATH=/home/algo/Harel/ros2_ws/install/my_py_pkg:/home/algo/Harel/ros2_ws/install/my_robot_bringup:/home/algo/Harel/ros2_ws/install/my_robot_interfaces:/home/algo/Harel/ros2_ws/install/my_cpp_pkg:/opt/ros/foxy CMAKE_PREFIX_PATH=/home/algo/Harel/ros2_ws/install/my_robot_interfaces:/home/algo/Harel/ros2_ws/install/my_cpp_pkg:/home/algo/Harel/ros2_ws/install/my_robot_bringup:/home/algo/Harel/ros2_ws/install/my_py_pkg:/opt/ros/foxy /usr/bin/cmake --build /home/algo/Harel/ros2_ws/build/my_robot_bringup -- -j8 -l8
[0.040s] Invoked command in '/home/algo/Harel/ros2_ws/build/my_robot_bringup' returned '0': AMENT_PREFIX_PATH=/home/algo/Harel/ros2_ws/install/my_py_pkg:/home/algo/Harel/ros2_ws/install/my_robot_bringup:/home/algo/Harel/ros2_ws/install/my_robot_interfaces:/home/algo/Harel/ros2_ws/install/my_cpp_pkg:/opt/ros/foxy CMAKE_PREFIX_PATH=/home/algo/Harel/ros2_ws/install/my_robot_interfaces:/home/algo/Harel/ros2_ws/install/my_cpp_pkg:/home/algo/Harel/ros2_ws/install/my_robot_bringup:/home/algo/Harel/ros2_ws/install/my_py_pkg:/opt/ros/foxy /usr/bin/cmake --build /home/algo/Harel/ros2_ws/build/my_robot_bringup -- -j8 -l8
[0.057s] Invoking command in '/home/algo/Harel/ros2_ws/build/my_robot_bringup': AMENT_PREFIX_PATH=/home/algo/Harel/ros2_ws/install/my_py_pkg:/home/algo/Harel/ros2_ws/install/my_robot_bringup:/home/algo/Harel/ros2_ws/install/my_robot_interfaces:/home/algo/Harel/ros2_ws/install/my_cpp_pkg:/opt/ros/foxy CMAKE_PREFIX_PATH=/home/algo/Harel/ros2_ws/install/my_robot_interfaces:/home/algo/Harel/ros2_ws/install/my_cpp_pkg:/home/algo/Harel/ros2_ws/install/my_robot_bringup:/home/algo/Harel/ros2_ws/install/my_py_pkg:/opt/ros/foxy /usr/bin/cmake --install /home/algo/Harel/ros2_ws/build/my_robot_bringup
[0.063s] -- Install configuration: ""
[0.063s] -- Execute custom install script
[0.064s] -- Up-to-date symlink: /home/algo/Harel/ros2_ws/install/my_robot_bringup/share/my_robot_bringup/launch/number_app.launch.py
[0.064s] -- Up-to-date symlink: /home/algo/Harel/ros2_ws/install/my_robot_bringup/share/ament_index/resource_index/package_run_dependencies/my_robot_bringup
[0.064s] -- Up-to-date symlink: /home/algo/Harel/ros2_ws/install/my_robot_bringup/share/ament_index/resource_index/parent_prefix_path/my_robot_bringup
[0.064s] -- Up-to-date symlink: /home/algo/Harel/ros2_ws/install/my_robot_bringup/share/my_robot_bringup/environment/ament_prefix_path.sh
[0.064s] -- Up-to-date symlink: /home/algo/Harel/ros2_ws/install/my_robot_bringup/share/my_robot_bringup/environment/ament_prefix_path.dsv
[0.064s] -- Up-to-date symlink: /home/algo/Harel/ros2_ws/install/my_robot_bringup/share/my_robot_bringup/environment/path.sh
[0.065s] -- Up-to-date symlink: /home/algo/Harel/ros2_ws/install/my_robot_bringup/share/my_robot_bringup/environment/path.dsv
[0.065s] -- Up-to-date symlink: /home/algo/Harel/ros2_ws/install/my_robot_bringup/share/my_robot_bringup/local_setup.bash
[0.065s] -- Up-to-date symlink: /home/algo/Harel/ros2_ws/install/my_robot_bringup/share/my_robot_bringup/local_setup.sh
[0.065s] -- Up-to-date symlink: /home/algo/Harel/ros2_ws/install/my_robot_bringup/share/my_robot_bringup/local_setup.zsh
[0.065s] -- Up-to-date symlink: /home/algo/Harel/ros2_ws/install/my_robot_bringup/share/my_robot_bringup/local_setup.dsv
[0.065s] -- Symlinking: /home/algo/Harel/ros2_ws/install/my_robot_bringup/share/my_robot_bringup/package.dsv
[0.073s] -- Up-to-date symlink: /home/algo/Harel/ros2_ws/install/my_robot_bringup/share/ament_index/resource_index/packages/my_robot_bringup
[0.073s] -- Up-to-date symlink: /home/algo/Harel/ros2_ws/install/my_robot_bringup/share/my_robot_bringup/cmake/my_robot_bringupConfig.cmake
[0.073s] -- Up-to-date symlink: /home/algo/Harel/ros2_ws/install/my_robot_bringup/share/my_robot_bringup/cmake/my_robot_bringupConfig-version.cmake
[0.073s] -- Up-to-date symlink: /home/algo/Harel/ros2_ws/install/my_robot_bringup/share/my_robot_bringup/package.xml
[0.076s] Invoked command in '/home/algo/Harel/ros2_ws/build/my_robot_bringup' returned '0': AMENT_PREFIX_PATH=/home/algo/Harel/ros2_ws/install/my_py_pkg:/home/algo/Harel/ros2_ws/install/my_robot_bringup:/home/algo/Harel/ros2_ws/install/my_robot_interfaces:/home/algo/Harel/ros2_ws/install/my_cpp_pkg:/opt/ros/foxy CMAKE_PREFIX_PATH=/home/algo/Harel/ros2_ws/install/my_robot_interfaces:/home/algo/Harel/ros2_ws/install/my_cpp_pkg:/home/algo/Harel/ros2_ws/install/my_robot_bringup:/home/algo/Harel/ros2_ws/install/my_py_pkg:/opt/ros/foxy /usr/bin/cmake --install /home/algo/Harel/ros2_ws/build/my_robot_bringup
