[0.522s] Invoking command in '/home/algo/Harel/ros2_ws/build/my_py_pkg': CMAKE_PREFIX_PATH=/home/algo/Harel/ros2_ws/install/my_robot_interfaces:/home/algo/Harel/ros2_ws/install/my_robot_bringup:/home/algo/Harel/ros2_ws/install/my_cpp_pkg PYTHONPATH=/home/algo/Harel/ros2_ws/install/my_py_pkg/lib/python3.8/site-packages:${PYTHONPATH} /usr/bin/python3 setup.py develop --prefix /home/algo/Harel/ros2_ws/install/my_py_pkg --editable --build-directory /home/algo/Harel/ros2_ws/build/my_py_pkg/build --no-deps install_data --install-dir /home/algo/Harel/ros2_ws/install/my_py_pkg
[0.704s] running develop
[0.801s] running egg_info
[0.802s] creating my_py_pkg.egg-info
[0.802s] writing my_py_pkg.egg-info/PKG-INFO
[0.802s] writing dependency_links to my_py_pkg.egg-info/dependency_links.txt
[0.802s] writing entry points to my_py_pkg.egg-info/entry_points.txt
[0.802s] writing requirements to my_py_pkg.egg-info/requires.txt
[0.802s] writing top-level names to my_py_pkg.egg-info/top_level.txt
[0.803s] writing manifest file 'my_py_pkg.egg-info/SOURCES.txt'
[0.837s] reading manifest file 'my_py_pkg.egg-info/SOURCES.txt'
[0.838s] writing manifest file 'my_py_pkg.egg-info/SOURCES.txt'
[0.875s] running build_ext
[0.875s] Creating /home/algo/Harel/ros2_ws/install/my_py_pkg/lib/python3.8/site-packages/site.py
[0.878s] Creating /home/algo/Harel/ros2_ws/install/my_py_pkg/lib/python3.8/site-packages/my-py-pkg.egg-link (link to .)
[0.879s] Installing add_two_ints_client script to /home/algo/Harel/ros2_ws/install/my_py_pkg/lib/my_py_pkg
[0.879s] Installing add_two_ints_client_no_oop script to /home/algo/Harel/ros2_ws/install/my_py_pkg/lib/my_py_pkg
[0.879s] Installing add_two_ints_server script to /home/algo/Harel/ros2_ws/install/my_py_pkg/lib/my_py_pkg
[0.879s] Installing hw_status_publisher script to /home/algo/Harel/ros2_ws/install/my_py_pkg/lib/my_py_pkg
[0.879s] Installing number_counter script to /home/algo/Harel/ros2_ws/install/my_py_pkg/lib/my_py_pkg
[0.879s] Installing number_publisher script to /home/algo/Harel/ros2_ws/install/my_py_pkg/lib/my_py_pkg
[0.879s] Installing py_node script to /home/algo/Harel/ros2_ws/install/my_py_pkg/lib/my_py_pkg
[0.879s] Installing reset_number_count script to /home/algo/Harel/ros2_ws/install/my_py_pkg/lib/my_py_pkg
[0.879s] Installing robot_news_station script to /home/algo/Harel/ros2_ws/install/my_py_pkg/lib/my_py_pkg
[0.879s] Installing smartphone script to /home/algo/Harel/ros2_ws/install/my_py_pkg/lib/my_py_pkg
[0.880s] 
[0.880s] Installed /home/algo/Harel/ros2_ws/build/my_py_pkg
[0.880s] running install_data
[0.880s] creating /home/algo/Harel/ros2_ws/install/my_py_pkg/share/ament_index
[0.880s] creating /home/algo/Harel/ros2_ws/install/my_py_pkg/share/ament_index/resource_index
[0.880s] creating /home/algo/Harel/ros2_ws/install/my_py_pkg/share/ament_index/resource_index/packages
[0.880s] copying resource/my_py_pkg -> /home/algo/Harel/ros2_ws/install/my_py_pkg/share/ament_index/resource_index/packages
[0.880s] copying package.xml -> /home/algo/Harel/ros2_ws/install/my_py_pkg/share/my_py_pkg
[0.917s] Invoked command in '/home/algo/Harel/ros2_ws/build/my_py_pkg' returned '0': CMAKE_PREFIX_PATH=/home/algo/Harel/ros2_ws/install/my_robot_interfaces:/home/algo/Harel/ros2_ws/install/my_robot_bringup:/home/algo/Harel/ros2_ws/install/my_cpp_pkg PYTHONPATH=/home/algo/Harel/ros2_ws/install/my_py_pkg/lib/python3.8/site-packages:${PYTHONPATH} /usr/bin/python3 setup.py develop --prefix /home/algo/Harel/ros2_ws/install/my_py_pkg --editable --build-directory /home/algo/Harel/ros2_ws/build/my_py_pkg/build --no-deps install_data --install-dir /home/algo/Harel/ros2_ws/install/my_py_pkg
