[0.012s] Invoking command in '/home/algo/Harel/ros2_ws/build/my_robot_bringup': AMENT_PREFIX_PATH=/home/algo/Harel/ros2_ws/install/my_py_pkg:/home/algo/Harel/ros2_ws/install/my_robot_bringup:/home/algo/Harel/ros2_ws/install/my_robot_interfaces:/home/algo/Harel/ros2_ws/install/my_cpp_pkg:/opt/ros/foxy CMAKE_PREFIX_PATH=/home/algo/Harel/ros2_ws/install/my_robot_interfaces:/home/algo/Harel/ros2_ws/install/my_cpp_pkg:/home/algo/Harel/ros2_ws/install/my_robot_bringup:/home/algo/Harel/ros2_ws/install/my_py_pkg:/opt/ros/foxy /usr/bin/cmake /home/algo/Harel/ros2_ws/src/my_robot_bringup -DAMENT_CMAKE_SYMLINK_INSTALL=1 -DCMAKE_INSTALL_PREFIX=/home/algo/Harel/ros2_ws/install/my_robot_bringup
[0.058s] -- The C compiler identification is GNU 8.4.0
[0.108s] -- The CXX compiler identification is GNU 8.4.0
[0.114s] -- Check for working C compiler: /usr/bin/cc
[0.172s] -- Check for working C compiler: /usr/bin/cc -- works
[0.172s] -- Detecting C compiler ABI info
[0.233s] -- Detecting C compiler ABI info - done
[0.244s] -- Detecting C compile features
[0.244s] -- Detecting C compile features - done
[0.246s] -- Check for working CXX compiler: /usr/bin/c++
[0.318s] -- Check for working CXX compiler: /usr/bin/c++ -- works
[0.319s] -- Detecting CXX compiler ABI info
[0.381s] -- Detecting CXX compiler ABI info - done
[0.389s] -- Detecting CXX compile features
[0.390s] -- Detecting CXX compile features - done
[0.391s] -- Found ament_cmake: 0.9.9 (/opt/ros/foxy/share/ament_cmake/cmake)
[0.450s] -- Found PythonInterp: /home/algo/.pyenv/shims/python3 (found suitable version "3.9.10", minimum required is "3") 
[0.450s] -- Using PYTHON_EXECUTABLE: /home/algo/.pyenv/shims/python3
[0.597s] -- Override CMake install command with custom implementation using symlinks instead of copying resources
[0.711s] -- Configuring done
[0.712s] -- Generating done
[0.713s] -- Build files have been written to: /home/algo/Harel/ros2_ws/build/my_robot_bringup
[0.716s] Invoked command in '/home/algo/Harel/ros2_ws/build/my_robot_bringup' returned '0': AMENT_PREFIX_PATH=/home/algo/Harel/ros2_ws/install/my_py_pkg:/home/algo/Harel/ros2_ws/install/my_robot_bringup:/home/algo/Harel/ros2_ws/install/my_robot_interfaces:/home/algo/Harel/ros2_ws/install/my_cpp_pkg:/opt/ros/foxy CMAKE_PREFIX_PATH=/home/algo/Harel/ros2_ws/install/my_robot_interfaces:/home/algo/Harel/ros2_ws/install/my_cpp_pkg:/home/algo/Harel/ros2_ws/install/my_robot_bringup:/home/algo/Harel/ros2_ws/install/my_py_pkg:/opt/ros/foxy /usr/bin/cmake /home/algo/Harel/ros2_ws/src/my_robot_bringup -DAMENT_CMAKE_SYMLINK_INSTALL=1 -DCMAKE_INSTALL_PREFIX=/home/algo/Harel/ros2_ws/install/my_robot_bringup
[0.718s] Invoking command in '/home/algo/Harel/ros2_ws/build/my_robot_bringup': AMENT_PREFIX_PATH=/home/algo/Harel/ros2_ws/install/my_py_pkg:/home/algo/Harel/ros2_ws/install/my_robot_bringup:/home/algo/Harel/ros2_ws/install/my_robot_interfaces:/home/algo/Harel/ros2_ws/install/my_cpp_pkg:/opt/ros/foxy CMAKE_PREFIX_PATH=/home/algo/Harel/ros2_ws/install/my_robot_interfaces:/home/algo/Harel/ros2_ws/install/my_cpp_pkg:/home/algo/Harel/ros2_ws/install/my_robot_bringup:/home/algo/Harel/ros2_ws/install/my_py_pkg:/opt/ros/foxy /usr/bin/cmake --build /home/algo/Harel/ros2_ws/build/my_robot_bringup -- -j8 -l8
[0.744s] Invoked command in '/home/algo/Harel/ros2_ws/build/my_robot_bringup' returned '0': AMENT_PREFIX_PATH=/home/algo/Harel/ros2_ws/install/my_py_pkg:/home/algo/Harel/ros2_ws/install/my_robot_bringup:/home/algo/Harel/ros2_ws/install/my_robot_interfaces:/home/algo/Harel/ros2_ws/install/my_cpp_pkg:/opt/ros/foxy CMAKE_PREFIX_PATH=/home/algo/Harel/ros2_ws/install/my_robot_interfaces:/home/algo/Harel/ros2_ws/install/my_cpp_pkg:/home/algo/Harel/ros2_ws/install/my_robot_bringup:/home/algo/Harel/ros2_ws/install/my_py_pkg:/opt/ros/foxy /usr/bin/cmake --build /home/algo/Harel/ros2_ws/build/my_robot_bringup -- -j8 -l8
[0.760s] Invoking command in '/home/algo/Harel/ros2_ws/build/my_robot_bringup': AMENT_PREFIX_PATH=/home/algo/Harel/ros2_ws/install/my_py_pkg:/home/algo/Harel/ros2_ws/install/my_robot_bringup:/home/algo/Harel/ros2_ws/install/my_robot_interfaces:/home/algo/Harel/ros2_ws/install/my_cpp_pkg:/opt/ros/foxy CMAKE_PREFIX_PATH=/home/algo/Harel/ros2_ws/install/my_robot_interfaces:/home/algo/Harel/ros2_ws/install/my_cpp_pkg:/home/algo/Harel/ros2_ws/install/my_robot_bringup:/home/algo/Harel/ros2_ws/install/my_py_pkg:/opt/ros/foxy /usr/bin/cmake --install /home/algo/Harel/ros2_ws/build/my_robot_bringup
[0.767s] -- Install configuration: ""
[0.767s] -- Execute custom install script
[0.768s] -- Symlinking: /home/algo/Harel/ros2_ws/install/my_robot_bringup/share/my_robot_bringup/launch/number_app.launch.py
[0.775s] -- Symlinking: /home/algo/Harel/ros2_ws/install/my_robot_bringup/share/ament_index/resource_index/package_run_dependencies/my_robot_bringup
[0.781s] -- Symlinking: /home/algo/Harel/ros2_ws/install/my_robot_bringup/share/ament_index/resource_index/parent_prefix_path/my_robot_bringup
[0.788s] -- Symlinking: /home/algo/Harel/ros2_ws/install/my_robot_bringup/share/my_robot_bringup/environment/ament_prefix_path.sh
[0.794s] -- Symlinking: /home/algo/Harel/ros2_ws/install/my_robot_bringup/share/my_robot_bringup/environment/ament_prefix_path.dsv
[0.800s] -- Symlinking: /home/algo/Harel/ros2_ws/install/my_robot_bringup/share/my_robot_bringup/environment/path.sh
[0.806s] -- Symlinking: /home/algo/Harel/ros2_ws/install/my_robot_bringup/share/my_robot_bringup/environment/path.dsv
[0.812s] -- Symlinking: /home/algo/Harel/ros2_ws/install/my_robot_bringup/share/my_robot_bringup/local_setup.bash
[0.818s] -- Symlinking: /home/algo/Harel/ros2_ws/install/my_robot_bringup/share/my_robot_bringup/local_setup.sh
[0.824s] -- Symlinking: /home/algo/Harel/ros2_ws/install/my_robot_bringup/share/my_robot_bringup/local_setup.zsh
[0.830s] -- Symlinking: /home/algo/Harel/ros2_ws/install/my_robot_bringup/share/my_robot_bringup/local_setup.dsv
[0.838s] -- Symlinking: /home/algo/Harel/ros2_ws/install/my_robot_bringup/share/my_robot_bringup/package.dsv
[0.844s] -- Symlinking: /home/algo/Harel/ros2_ws/install/my_robot_bringup/share/ament_index/resource_index/packages/my_robot_bringup
[0.851s] -- Symlinking: /home/algo/Harel/ros2_ws/install/my_robot_bringup/share/my_robot_bringup/cmake/my_robot_bringupConfig.cmake
[0.858s] -- Symlinking: /home/algo/Harel/ros2_ws/install/my_robot_bringup/share/my_robot_bringup/cmake/my_robot_bringupConfig-version.cmake
[0.865s] -- Symlinking: /home/algo/Harel/ros2_ws/install/my_robot_bringup/share/my_robot_bringup/package.xml
[0.874s] Invoked command in '/home/algo/Harel/ros2_ws/build/my_robot_bringup' returned '0': AMENT_PREFIX_PATH=/home/algo/Harel/ros2_ws/install/my_py_pkg:/home/algo/Harel/ros2_ws/install/my_robot_bringup:/home/algo/Harel/ros2_ws/install/my_robot_interfaces:/home/algo/Harel/ros2_ws/install/my_cpp_pkg:/opt/ros/foxy CMAKE_PREFIX_PATH=/home/algo/Harel/ros2_ws/install/my_robot_interfaces:/home/algo/Harel/ros2_ws/install/my_cpp_pkg:/home/algo/Harel/ros2_ws/install/my_robot_bringup:/home/algo/Harel/ros2_ws/install/my_py_pkg:/opt/ros/foxy /usr/bin/cmake --install /home/algo/Harel/ros2_ws/build/my_robot_bringup
