[0.015s] Invoking command in '/home/algo/Harel/ros2_ws/build/my_robot_interfaces': CMAKE_PREFIX_PATH=${CMAKE_PREFIX_PATH}:/home/algo/Harel/ros2_ws/install/my_py_pkg:/opt/ros/foxy /usr/bin/cmake /home/algo/Harel/ros2_ws/src/my_robot_interfaces -DAMENT_CMAKE_SYMLINK_INSTALL=1 -DCMAKE_INSTALL_PREFIX=/home/algo/Harel/ros2_ws/install/my_robot_interfaces
[0.050s] -- The C compiler identification is GNU 8.4.0
[0.085s] -- The CXX compiler identification is GNU 8.4.0
[0.088s] -- Check for working C compiler: /usr/bin/cc
[0.133s] -- Check for working C compiler: /usr/bin/cc -- works
[0.133s] -- Detecting C compiler ABI info
[0.176s] -- Detecting C compiler ABI info - done
[0.183s] -- Detecting C compile features
[0.184s] -- Detecting C compile features - done
[0.185s] -- Check for working CXX compiler: /usr/bin/c++
[0.236s] -- Check for working CXX compiler: /usr/bin/c++ -- works
[0.237s] -- Detecting CXX compiler ABI info
[0.287s] -- Detecting CXX compiler ABI info - done
[0.295s] -- Detecting CXX compile features
[0.295s] -- Detecting CXX compile features - done
[0.297s] -- Found ament_cmake: 0.9.9 (/opt/ros/foxy/share/ament_cmake/cmake)
[0.337s] -- Found PythonInterp: /home/algo/.pyenv/shims/python3 (found suitable version "3.9.10", minimum required is "3") 
[0.337s] -- Using PYTHON_EXECUTABLE: /home/algo/.pyenv/shims/python3
[0.477s] -- Override CMake install command with custom implementation using symlinks instead of copying resources
[0.496s] -- Found rosidl_default_generators: 1.0.1 (/opt/ros/foxy/share/rosidl_default_generators/cmake)
[0.498s] -- Using all available rosidl_typesupport_c: rosidl_typesupport_fastrtps_c;rosidl_typesupport_introspection_c
[0.503s] -- Found rosidl_adapter: 1.2.1 (/opt/ros/foxy/share/rosidl_adapter/cmake)
[0.571s] -- Found OpenSSL: /usr/lib/x86_64-linux-gnu/libcrypto.so (found version "1.1.1f")  
[0.591s] -- Found FastRTPS: /opt/ros/foxy/include  
[0.644s] -- Using all available rosidl_typesupport_cpp: rosidl_typesupport_fastrtps_cpp;rosidl_typesupport_introspection_cpp
[0.698s] -- Found PythonInterp: /home/algo/.pyenv/shims/python3 (found version "3.9.10") 
[0.872s] -- Found ament_cmake_ros: 0.9.2 (/opt/ros/foxy/share/ament_cmake_ros/cmake)
[0.962s] -- Using all available rosidl_typesupport_c: rosidl_typesupport_fastrtps_c;rosidl_typesupport_introspection_c
[0.967s] -- Using all available rosidl_typesupport_cpp: rosidl_typesupport_fastrtps_cpp;rosidl_typesupport_introspection_cpp
[1.007s] -- Found PythonInterp: /home/algo/.pyenv/shims/python3 (found suitable version "3.9.10", minimum required is "3.5") 
[1.008s] -- Found python_cmake_module: 0.8.1 (/opt/ros/foxy/share/python_cmake_module/cmake)
[1.059s] -- Found PythonLibs: /usr/lib/x86_64-linux-gnu/libpython3.8.so (found suitable version "3.8.10", minimum required is "3.5") 
[1.059s] -- Using PYTHON_EXECUTABLE: /home/algo/.pyenv/shims/python3
[1.059s] -- Using PYTHON_INCLUDE_DIRS: /usr/include/python3.8
[1.059s] -- Using PYTHON_LIBRARIES: /usr/lib/x86_64-linux-gnu/libpython3.8.so
[1.098s] -- Found PythonExtra: .so  
[1.163s] -- Configuring done
[1.183s] -- Generating done
[1.185s] -- Build files have been written to: /home/algo/Harel/ros2_ws/build/my_robot_interfaces
[1.191s] Invoked command in '/home/algo/Harel/ros2_ws/build/my_robot_interfaces' returned '0': CMAKE_PREFIX_PATH=${CMAKE_PREFIX_PATH}:/home/algo/Harel/ros2_ws/install/my_py_pkg:/opt/ros/foxy /usr/bin/cmake /home/algo/Harel/ros2_ws/src/my_robot_interfaces -DAMENT_CMAKE_SYMLINK_INSTALL=1 -DCMAKE_INSTALL_PREFIX=/home/algo/Harel/ros2_ws/install/my_robot_interfaces
[1.193s] Invoking command in '/home/algo/Harel/ros2_ws/build/my_robot_interfaces': CMAKE_PREFIX_PATH=${CMAKE_PREFIX_PATH}:/home/algo/Harel/ros2_ws/install/my_py_pkg:/opt/ros/foxy /usr/bin/cmake --build /home/algo/Harel/ros2_ws/build/my_robot_interfaces -- -j8 -l8
[1.228s] [  3%] [34m[1mGenerating C code for ROS interfaces[0m
[1.228s] [35m[1mScanning dependencies of target my_robot_interfaces__cpp[0m
[1.236s] [  6%] [34m[1mGenerating C++ code for ROS interfaces[0m
[1.856s] [35m[1mScanning dependencies of target my_robot_interfaces__rosidl_generator_c[0m
[1.872s] [  6%] Built target my_robot_interfaces__cpp
[1.885s] [  9%] [34m[1mGenerating C++ type support dispatch for ROS interfaces[0m
[1.899s] [ 12%] [32mBuilding C object CMakeFiles/my_robot_interfaces__rosidl_generator_c.dir/rosidl_generator_c/my_robot_interfaces/msg/detail/hardware_status__functions.c.o[0m
[1.913s] [ 16%] [34m[1mGenerating C++ type support for eProsima Fast-RTPS[0m
[1.946s] [ 19%] [34m[1mGenerating C++ introspection for ROS interfaces[0m
[1.963s] [ 22%] [32m[1mLinking C shared library libmy_robot_interfaces__rosidl_generator_c.so[0m
[2.014s] [ 22%] Built target my_robot_interfaces__rosidl_generator_c
[2.030s] [ 25%] [34m[1mGenerating C introspection for ROS interfaces[0m
[2.045s] [ 29%] [34m[1mGenerating C type support dispatch for ROS interfaces[0m
[3.192s] [35m[1mScanning dependencies of target my_robot_interfaces__rosidl_typesupport_introspection_cpp[0m
[3.192s] [35m[1mScanning dependencies of target my_robot_interfaces__rosidl_typesupport_fastrtps_cpp[0m
[3.213s] [ 32%] [32mBuilding CXX object CMakeFiles/my_robot_interfaces__rosidl_typesupport_introspection_cpp.dir/rosidl_typesupport_introspection_cpp/my_robot_interfaces/msg/detail/hardware_status__type_support.cpp.o[0m
[3.221s] [35m[1mScanning dependencies of target my_robot_interfaces__rosidl_typesupport_cpp[0m
[3.229s] [ 35%] [32mBuilding CXX object CMakeFiles/my_robot_interfaces__rosidl_typesupport_fastrtps_cpp.dir/rosidl_typesupport_fastrtps_cpp/my_robot_interfaces/msg/detail/dds_fastrtps/hardware_status__type_support.cpp.o[0m
[3.242s] [ 38%] [32mBuilding CXX object CMakeFiles/my_robot_interfaces__rosidl_typesupport_cpp.dir/rosidl_typesupport_cpp/my_robot_interfaces/msg/hardware_status__type_support.cpp.o[0m
[3.294s] [35m[1mScanning dependencies of target my_robot_interfaces__rosidl_typesupport_c[0m
[3.319s] [35m[1mScanning dependencies of target my_robot_interfaces__rosidl_typesupport_introspection_c[0m
[3.383s] [ 41%] [32mBuilding CXX object CMakeFiles/my_robot_interfaces__rosidl_typesupport_c.dir/rosidl_typesupport_c/my_robot_interfaces/msg/hardware_status__type_support.cpp.o[0m
[3.422s] [ 45%] [32mBuilding C object CMakeFiles/my_robot_interfaces__rosidl_typesupport_introspection_c.dir/rosidl_typesupport_introspection_c/my_robot_interfaces/msg/detail/hardware_status__type_support.c.o[0m
[3.569s] [ 48%] [32m[1mLinking C shared library libmy_robot_interfaces__rosidl_typesupport_introspection_c.so[0m
[3.588s] [ 51%] [32m[1mLinking CXX shared library libmy_robot_interfaces__rosidl_typesupport_cpp.so[0m
[3.610s] [ 54%] [32m[1mLinking CXX shared library libmy_robot_interfaces__rosidl_typesupport_c.so[0m
[3.647s] [ 54%] Built target my_robot_interfaces__rosidl_typesupport_introspection_c
[3.698s] [ 54%] Built target my_robot_interfaces__rosidl_typesupport_c
[3.733s] [ 54%] Built target my_robot_interfaces__rosidl_typesupport_cpp
[3.861s] [ 58%] [32m[1mLinking CXX shared library libmy_robot_interfaces__rosidl_typesupport_introspection_cpp.so[0m
[3.949s] [ 61%] [32m[1mLinking CXX shared library libmy_robot_interfaces__rosidl_typesupport_fastrtps_cpp.so[0m
[4.029s] [ 61%] Built target my_robot_interfaces__rosidl_typesupport_introspection_cpp
[4.142s] [ 61%] Built target my_robot_interfaces__rosidl_typesupport_fastrtps_cpp
[4.182s] [ 64%] [34m[1mGenerating C type support for eProsima Fast-RTPS[0m
[5.178s] [35m[1mScanning dependencies of target my_robot_interfaces__rosidl_typesupport_fastrtps_c[0m
[5.201s] [ 67%] [32mBuilding CXX object CMakeFiles/my_robot_interfaces__rosidl_typesupport_fastrtps_c.dir/rosidl_typesupport_fastrtps_c/my_robot_interfaces/msg/detail/hardware_status__type_support_c.cpp.o[0m
[5.598s] [ 70%] [32m[1mLinking CXX shared library libmy_robot_interfaces__rosidl_typesupport_fastrtps_c.so[0m
[5.694s] [ 70%] Built target my_robot_interfaces__rosidl_typesupport_fastrtps_c
[5.702s] [35m[1mScanning dependencies of target my_robot_interfaces[0m
[5.719s] [ 70%] Built target my_robot_interfaces
[5.719s] [35m[1mScanning dependencies of target my_robot_interfaces__py[0m
[5.727s] [ 74%] [34m[1mGenerating Python code for ROS interfaces[0m
[6.287s] [ 74%] Built target my_robot_interfaces__py
[6.298s] [35m[1mScanning dependencies of target my_robot_interfaces__python[0m
[6.319s] [ 77%] [32mBuilding C object CMakeFiles/my_robot_interfaces__python.dir/rosidl_generator_py/my_robot_interfaces/msg/_hardware_status_s.c.o[0m
[6.460s] [ 80%] [32m[1mLinking C shared library rosidl_generator_py/my_robot_interfaces/libmy_robot_interfaces__python.so[0m
[6.506s] [ 80%] Built target my_robot_interfaces__python
[6.514s] [35m[1mScanning dependencies of target my_robot_interfaces__rosidl_typesupport_c__pyext[0m
[6.517s] [35m[1mScanning dependencies of target my_robot_interfaces__rosidl_typesupport_introspection_c__pyext[0m
[6.518s] [35m[1mScanning dependencies of target my_robot_interfaces__rosidl_typesupport_fastrtps_c__pyext[0m
[6.529s] [ 83%] [32mBuilding C object CMakeFiles/my_robot_interfaces__rosidl_typesupport_c__pyext.dir/rosidl_generator_py/my_robot_interfaces/_my_robot_interfaces_s.ep.rosidl_typesupport_c.c.o[0m
[6.535s] [ 87%] [32mBuilding C object CMakeFiles/my_robot_interfaces__rosidl_typesupport_introspection_c__pyext.dir/rosidl_generator_py/my_robot_interfaces/_my_robot_interfaces_s.ep.rosidl_typesupport_introspection_c.c.o[0m
[6.537s] [ 90%] [32mBuilding C object CMakeFiles/my_robot_interfaces__rosidl_typesupport_fastrtps_c__pyext.dir/rosidl_generator_py/my_robot_interfaces/_my_robot_interfaces_s.ep.rosidl_typesupport_fastrtps_c.c.o[0m
[6.590s] [ 93%] [32m[1mLinking C shared library rosidl_generator_py/my_robot_interfaces/my_robot_interfaces_s__rosidl_typesupport_c.cpython-39-x86_64-linux-gnu.so[0m
[6.619s] [ 93%] Built target my_robot_interfaces__rosidl_typesupport_c__pyext
[6.627s] [ 96%] [32m[1mLinking C shared library rosidl_generator_py/my_robot_interfaces/my_robot_interfaces_s__rosidl_typesupport_introspection_c.cpython-39-x86_64-linux-gnu.so[0m
[6.627s] [100%] [32m[1mLinking CXX shared library rosidl_generator_py/my_robot_interfaces/my_robot_interfaces_s__rosidl_typesupport_fastrtps_c.cpython-39-x86_64-linux-gnu.so[0m
[6.663s] [100%] Built target my_robot_interfaces__rosidl_typesupport_introspection_c__pyext
[6.681s] [100%] Built target my_robot_interfaces__rosidl_typesupport_fastrtps_c__pyext
[6.691s] Invoked command in '/home/algo/Harel/ros2_ws/build/my_robot_interfaces' returned '0': CMAKE_PREFIX_PATH=${CMAKE_PREFIX_PATH}:/home/algo/Harel/ros2_ws/install/my_py_pkg:/opt/ros/foxy /usr/bin/cmake --build /home/algo/Harel/ros2_ws/build/my_robot_interfaces -- -j8 -l8
[6.738s] Invoking command in '/home/algo/Harel/ros2_ws/build/my_robot_interfaces': CMAKE_PREFIX_PATH=${CMAKE_PREFIX_PATH}:/home/algo/Harel/ros2_ws/install/my_py_pkg:/opt/ros/foxy /usr/bin/cmake --install /home/algo/Harel/ros2_ws/build/my_robot_interfaces
[6.747s] -- Install configuration: ""
[6.747s] -- Execute custom install script
[6.747s] -- Symlinking: /home/algo/Harel/ros2_ws/install/my_robot_interfaces/share/ament_index/resource_index/rosidl_interfaces/my_robot_interfaces
[6.756s] -- Symlinking: /home/algo/Harel/ros2_ws/install/my_robot_interfaces/include/my_robot_interfaces/msg/detail/hardware_status__functions.h
[6.763s] -- Symlinking: /home/algo/Harel/ros2_ws/install/my_robot_interfaces/include/my_robot_interfaces/msg/detail/hardware_status__struct.h
[6.770s] -- Symlinking: /home/algo/Harel/ros2_ws/install/my_robot_interfaces/include/my_robot_interfaces/msg/detail/hardware_status__type_support.h
[6.777s] -- Symlinking: /home/algo/Harel/ros2_ws/install/my_robot_interfaces/include/my_robot_interfaces/msg/hardware_status.h
[6.784s] -- Symlinking: /home/algo/Harel/ros2_ws/install/my_robot_interfaces/include/my_robot_interfaces/msg/rosidl_generator_c__visibility_control.h
[6.791s] -- Symlinking: /home/algo/Harel/ros2_ws/install/my_robot_interfaces/share/my_robot_interfaces/environment/library_path.sh
[6.798s] -- Symlinking: /home/algo/Harel/ros2_ws/install/my_robot_interfaces/share/my_robot_interfaces/environment/library_path.dsv
[6.806s] -- Symlinking: /home/algo/Harel/ros2_ws/install/my_robot_interfaces/include/my_robot_interfaces/msg/detail/hardware_status__rosidl_typesupport_fastrtps_c.h
[6.812s] -- Symlinking: /home/algo/Harel/ros2_ws/install/my_robot_interfaces/include/my_robot_interfaces/msg/rosidl_typesupport_fastrtps_c__visibility_control.h
[6.819s] -- Symlinking: /home/algo/Harel/ros2_ws/install/my_robot_interfaces/lib/libmy_robot_interfaces__rosidl_typesupport_fastrtps_c.so
[6.829s] -- Symlinking: /home/algo/Harel/ros2_ws/install/my_robot_interfaces/include/my_robot_interfaces/msg/detail/hardware_status__rosidl_typesupport_fastrtps_cpp.hpp
[6.839s] -- Symlinking: /home/algo/Harel/ros2_ws/install/my_robot_interfaces/include/my_robot_interfaces/msg/rosidl_typesupport_fastrtps_cpp__visibility_control.h
[6.850s] -- Symlinking: /home/algo/Harel/ros2_ws/install/my_robot_interfaces/lib/libmy_robot_interfaces__rosidl_typesupport_fastrtps_cpp.so
[6.860s] -- Symlinking: /home/algo/Harel/ros2_ws/install/my_robot_interfaces/include/my_robot_interfaces/msg/detail/hardware_status__rosidl_typesupport_introspection_c.h
[6.871s] -- Symlinking: /home/algo/Harel/ros2_ws/install/my_robot_interfaces/include/my_robot_interfaces/msg/rosidl_typesupport_introspection_c__visibility_control.h
[6.879s] -- Symlinking: /home/algo/Harel/ros2_ws/install/my_robot_interfaces/include/my_robot_interfaces/msg/detail/hardware_status__builder.hpp
[6.885s] -- Symlinking: /home/algo/Harel/ros2_ws/install/my_robot_interfaces/include/my_robot_interfaces/msg/detail/hardware_status__struct.hpp
[6.892s] -- Symlinking: /home/algo/Harel/ros2_ws/install/my_robot_interfaces/include/my_robot_interfaces/msg/detail/hardware_status__traits.hpp
[6.899s] -- Symlinking: /home/algo/Harel/ros2_ws/install/my_robot_interfaces/include/my_robot_interfaces/msg/hardware_status.hpp
[6.906s] -- Symlinking: /home/algo/Harel/ros2_ws/install/my_robot_interfaces/include/my_robot_interfaces/msg/detail/hardware_status__rosidl_typesupport_introspection_cpp.hpp
[6.912s] -- Symlinking: /home/algo/Harel/ros2_ws/install/my_robot_interfaces/share/my_robot_interfaces/environment/pythonpath.sh
[6.919s] -- Symlinking: /home/algo/Harel/ros2_ws/install/my_robot_interfaces/share/my_robot_interfaces/environment/pythonpath.dsv
[6.926s] -- Symlinking: /home/algo/Harel/ros2_ws/install/my_robot_interfaces/lib/python3.9/site-packages/my_robot_interfaces/__init__.py
[6.933s] -- Symlinking: /home/algo/Harel/ros2_ws/install/my_robot_interfaces/lib/python3.9/site-packages/my_robot_interfaces/msg/__init__.py
[6.940s] -- Symlinking: /home/algo/Harel/ros2_ws/install/my_robot_interfaces/lib/python3.9/site-packages/my_robot_interfaces/msg/_hardware_status.py
[6.951s] -- Symlinking: /home/algo/Harel/ros2_ws/install/my_robot_interfaces/lib/python3.9/site-packages/my_robot_interfaces/my_robot_interfaces_s__rosidl_typesupport_fastrtps_c.cpython-39-x86_64-linux-gnu.so
[6.958s] -- Symlinking: /home/algo/Harel/ros2_ws/install/my_robot_interfaces/lib/python3.9/site-packages/my_robot_interfaces/my_robot_interfaces_s__rosidl_typesupport_introspection_c.cpython-39-x86_64-linux-gnu.so
[6.967s] -- Symlinking: /home/algo/Harel/ros2_ws/install/my_robot_interfaces/lib/python3.9/site-packages/my_robot_interfaces/my_robot_interfaces_s__rosidl_typesupport_c.cpython-39-x86_64-linux-gnu.so
[6.973s] -- Symlinking: /home/algo/Harel/ros2_ws/install/my_robot_interfaces/lib/libmy_robot_interfaces__python.so
[6.980s] -- Symlinking: /home/algo/Harel/ros2_ws/install/my_robot_interfaces/share/my_robot_interfaces/msg/HardwareStatus.idl
[6.987s] -- Symlinking: /home/algo/Harel/ros2_ws/install/my_robot_interfaces/share/my_robot_interfaces/msg/HardwareStatus.msg
[6.994s] -- Symlinking: /home/algo/Harel/ros2_ws/install/my_robot_interfaces/share/ament_index/resource_index/package_run_dependencies/my_robot_interfaces
[7.001s] -- Symlinking: /home/algo/Harel/ros2_ws/install/my_robot_interfaces/share/ament_index/resource_index/parent_prefix_path/my_robot_interfaces
[7.008s] -- Symlinking: /home/algo/Harel/ros2_ws/install/my_robot_interfaces/share/my_robot_interfaces/environment/ament_prefix_path.sh
[7.014s] -- Symlinking: /home/algo/Harel/ros2_ws/install/my_robot_interfaces/share/my_robot_interfaces/environment/ament_prefix_path.dsv
[7.021s] -- Symlinking: /home/algo/Harel/ros2_ws/install/my_robot_interfaces/share/my_robot_interfaces/environment/path.sh
[7.028s] -- Symlinking: /home/algo/Harel/ros2_ws/install/my_robot_interfaces/share/my_robot_interfaces/environment/path.dsv
[7.035s] -- Symlinking: /home/algo/Harel/ros2_ws/install/my_robot_interfaces/share/my_robot_interfaces/local_setup.bash
[7.042s] -- Symlinking: /home/algo/Harel/ros2_ws/install/my_robot_interfaces/share/my_robot_interfaces/local_setup.sh
[7.050s] -- Symlinking: /home/algo/Harel/ros2_ws/install/my_robot_interfaces/share/my_robot_interfaces/local_setup.zsh
[7.057s] -- Symlinking: /home/algo/Harel/ros2_ws/install/my_robot_interfaces/share/my_robot_interfaces/local_setup.dsv
[7.065s] -- Symlinking: /home/algo/Harel/ros2_ws/install/my_robot_interfaces/share/my_robot_interfaces/package.dsv
[7.072s] -- Symlinking: /home/algo/Harel/ros2_ws/install/my_robot_interfaces/share/ament_index/resource_index/packages/my_robot_interfaces
[7.079s] -- Symlinking: /home/algo/Harel/ros2_ws/install/my_robot_interfaces/share/my_robot_interfaces/cmake/rosidl_cmake-extras.cmake
[7.085s] -- Symlinking: /home/algo/Harel/ros2_ws/install/my_robot_interfaces/share/my_robot_interfaces/cmake/ament_cmake_export_dependencies-extras.cmake
[7.092s] -- Symlinking: /home/algo/Harel/ros2_ws/install/my_robot_interfaces/share/my_robot_interfaces/cmake/ament_cmake_export_libraries-extras.cmake
[7.099s] -- Symlinking: /home/algo/Harel/ros2_ws/install/my_robot_interfaces/share/my_robot_interfaces/cmake/ament_cmake_export_targets-extras.cmake
[7.106s] -- Symlinking: /home/algo/Harel/ros2_ws/install/my_robot_interfaces/share/my_robot_interfaces/cmake/ament_cmake_export_include_directories-extras.cmake
[7.113s] -- Symlinking: /home/algo/Harel/ros2_ws/install/my_robot_interfaces/share/my_robot_interfaces/cmake/rosidl_cmake_export_typesupport_libraries-extras.cmake
[7.120s] -- Symlinking: /home/algo/Harel/ros2_ws/install/my_robot_interfaces/share/my_robot_interfaces/cmake/rosidl_cmake_export_typesupport_targets-extras.cmake
[7.126s] -- Symlinking: /home/algo/Harel/ros2_ws/install/my_robot_interfaces/share/my_robot_interfaces/cmake/my_robot_interfacesConfig.cmake
[7.133s] -- Symlinking: /home/algo/Harel/ros2_ws/install/my_robot_interfaces/share/my_robot_interfaces/cmake/my_robot_interfacesConfig-version.cmake
[7.140s] -- Symlinking: /home/algo/Harel/ros2_ws/install/my_robot_interfaces/share/my_robot_interfaces/package.xml
[7.150s] -- Installing: /home/algo/Harel/ros2_ws/install/my_robot_interfaces/lib/libmy_robot_interfaces__rosidl_generator_c.so
[7.151s] -- Set runtime path of "/home/algo/Harel/ros2_ws/install/my_robot_interfaces/lib/libmy_robot_interfaces__rosidl_generator_c.so" to ""
[7.151s] -- Installing: /home/algo/Harel/ros2_ws/install/my_robot_interfaces/lib/libmy_robot_interfaces__rosidl_typesupport_introspection_c.so
[7.151s] -- Set runtime path of "/home/algo/Harel/ros2_ws/install/my_robot_interfaces/lib/libmy_robot_interfaces__rosidl_typesupport_introspection_c.so" to ""
[7.151s] -- Installing: /home/algo/Harel/ros2_ws/install/my_robot_interfaces/lib/libmy_robot_interfaces__rosidl_typesupport_c.so
[7.152s] -- Set runtime path of "/home/algo/Harel/ros2_ws/install/my_robot_interfaces/lib/libmy_robot_interfaces__rosidl_typesupport_c.so" to ""
[7.152s] -- Installing: /home/algo/Harel/ros2_ws/install/my_robot_interfaces/lib/libmy_robot_interfaces__rosidl_typesupport_introspection_cpp.so
[7.152s] -- Set runtime path of "/home/algo/Harel/ros2_ws/install/my_robot_interfaces/lib/libmy_robot_interfaces__rosidl_typesupport_introspection_cpp.so" to ""
[7.152s] -- Installing: /home/algo/Harel/ros2_ws/install/my_robot_interfaces/lib/libmy_robot_interfaces__rosidl_typesupport_cpp.so
[7.153s] -- Set runtime path of "/home/algo/Harel/ros2_ws/install/my_robot_interfaces/lib/libmy_robot_interfaces__rosidl_typesupport_cpp.so" to ""
[7.211s] Compiling '/home/algo/Harel/ros2_ws/install/my_robot_interfaces/lib/python3.9/site-packages/my_robot_interfaces/__init__.py'...
[7.215s] -- Installing: /home/algo/Harel/ros2_ws/install/my_robot_interfaces/share/my_robot_interfaces/cmake/my_robot_interfaces__rosidl_generator_cExport.cmake
[7.215s] -- Installing: /home/algo/Harel/ros2_ws/install/my_robot_interfaces/share/my_robot_interfaces/cmake/my_robot_interfaces__rosidl_generator_cExport-noconfig.cmake
[7.215s] -- Installing: /home/algo/Harel/ros2_ws/install/my_robot_interfaces/share/my_robot_interfaces/cmake/my_robot_interfaces__rosidl_typesupport_introspection_cExport.cmake
[7.216s] -- Installing: /home/algo/Harel/ros2_ws/install/my_robot_interfaces/share/my_robot_interfaces/cmake/my_robot_interfaces__rosidl_typesupport_introspection_cExport-noconfig.cmake
[7.216s] -- Installing: /home/algo/Harel/ros2_ws/install/my_robot_interfaces/share/my_robot_interfaces/cmake/my_robot_interfaces__rosidl_typesupport_cExport.cmake
[7.216s] -- Installing: /home/algo/Harel/ros2_ws/install/my_robot_interfaces/share/my_robot_interfaces/cmake/my_robot_interfaces__rosidl_typesupport_cExport-noconfig.cmake
[7.216s] -- Installing: /home/algo/Harel/ros2_ws/install/my_robot_interfaces/share/my_robot_interfaces/cmake/my_robot_interfaces__rosidl_generator_cppExport.cmake
[7.216s] -- Installing: /home/algo/Harel/ros2_ws/install/my_robot_interfaces/share/my_robot_interfaces/cmake/my_robot_interfaces__rosidl_typesupport_introspection_cppExport.cmake
[7.216s] -- Installing: /home/algo/Harel/ros2_ws/install/my_robot_interfaces/share/my_robot_interfaces/cmake/my_robot_interfaces__rosidl_typesupport_introspection_cppExport-noconfig.cmake
[7.217s] -- Installing: /home/algo/Harel/ros2_ws/install/my_robot_interfaces/share/my_robot_interfaces/cmake/my_robot_interfaces__rosidl_typesupport_cppExport.cmake
[7.217s] -- Installing: /home/algo/Harel/ros2_ws/install/my_robot_interfaces/share/my_robot_interfaces/cmake/my_robot_interfaces__rosidl_typesupport_cppExport-noconfig.cmake
[7.219s] Invoked command in '/home/algo/Harel/ros2_ws/build/my_robot_interfaces' returned '0': CMAKE_PREFIX_PATH=${CMAKE_PREFIX_PATH}:/home/algo/Harel/ros2_ws/install/my_py_pkg:/opt/ros/foxy /usr/bin/cmake --install /home/algo/Harel/ros2_ws/build/my_robot_interfaces
