[0.105s] DEBUG:colcon:Command line arguments: ['/usr/bin/colcon', 'build', '--symlink-install']
[0.105s] DEBUG:colcon:Parsed command line arguments: Namespace(allow_overriding=[], ament_cmake_args=None, base_paths=['.'], build_base='build', catkin_cmake_args=None, catkin_skip_building_tests=False, cmake_args=None, cmake_clean_cache=False, cmake_clean_first=False, cmake_force_configure=False, cmake_target=None, cmake_target_skip_unavailable=False, continue_on_error=False, event_handlers=None, executor='parallel', ignore_user_meta=False, install_base='install', log_base=None, log_level=None, main=<bound method BuildVerb.main of <colcon_core.verb.build.BuildVerb object at 0x7ff3d30b0880>>, merge_install=False, metas=['./colcon.meta'], packages_above=None, packages_above_and_dependencies=None, packages_above_depth=None, packages_end=None, packages_ignore=None, packages_ignore_regex=None, packages_select=None, packages_select_build_failed=False, packages_select_by_dep=None, packages_select_regex=None, packages_select_test_failures=False, packages_skip=None, packages_skip_build_finished=False, packages_skip_by_dep=None, packages_skip_regex=None, packages_skip_test_passed=False, packages_skip_up_to=None, packages_start=None, packages_up_to=None, packages_up_to_regex=None, parallel_workers=8, paths=None, symlink_install=True, test_result_base=None, verb_extension=<colcon_core.verb.build.BuildVerb object at 0x7ff3d30b0880>, verb_name='build', verb_parser=<colcon_defaults.argument_parser.defaults.DefaultArgumentsDecorator object at 0x7ff3d30b0df0>)
[0.126s] Level 1:colcon.colcon_core.package_discovery:discover_packages(colcon_meta) check parameters
[0.126s] Level 1:colcon.colcon_core.package_discovery:discover_packages(recursive) check parameters
[0.126s] Level 1:colcon.colcon_core.package_discovery:discover_packages(ignore) check parameters
[0.126s] Level 1:colcon.colcon_core.package_discovery:discover_packages(path) check parameters
[0.126s] Level 1:colcon.colcon_core.package_discovery:discover_packages(colcon_meta) discover
[0.126s] Level 1:colcon.colcon_core.package_discovery:discover_packages(recursive) discover
[0.126s] INFO:colcon.colcon_core.package_discovery:Crawling recursively for packages in '/home/algo/Harel/ros2_ws'
[0.126s] Level 1:colcon.colcon_core.package_identification:_identify(.) by extensions ['ignore', 'ignore_ament_install']
[0.127s] Level 1:colcon.colcon_core.package_identification:_identify(.) by extension 'ignore'
[0.127s] Level 1:colcon.colcon_core.package_identification:_identify(.) by extension 'ignore_ament_install'
[0.127s] Level 1:colcon.colcon_core.package_identification:_identify(.) by extensions ['colcon_pkg']
[0.127s] Level 1:colcon.colcon_core.package_identification:_identify(.) by extension 'colcon_pkg'
[0.127s] Level 1:colcon.colcon_core.package_identification:_identify(.) by extensions ['colcon_meta']
[0.127s] Level 1:colcon.colcon_core.package_identification:_identify(.) by extension 'colcon_meta'
[0.127s] Level 1:colcon.colcon_core.package_identification:_identify(.) by extensions ['ros']
[0.127s] Level 1:colcon.colcon_core.package_identification:_identify(.) by extension 'ros'
[0.136s] Level 1:colcon.colcon_core.package_identification:_identify(.) by extensions ['cmake', 'python']
[0.136s] Level 1:colcon.colcon_core.package_identification:_identify(.) by extension 'cmake'
[0.136s] Level 1:colcon.colcon_core.package_identification:_identify(.) by extension 'python'
[0.136s] Level 1:colcon.colcon_core.package_identification:_identify(.) by extensions ['python_setup_py']
[0.136s] Level 1:colcon.colcon_core.package_identification:_identify(.) by extension 'python_setup_py'
[0.136s] Level 1:colcon.colcon_core.package_identification:_identify(build) by extensions ['ignore', 'ignore_ament_install']
[0.136s] Level 1:colcon.colcon_core.package_identification:_identify(build) by extension 'ignore'
[0.136s] Level 1:colcon.colcon_core.package_identification:_identify(build) ignored
[0.137s] Level 1:colcon.colcon_core.package_identification:_identify(install) by extensions ['ignore', 'ignore_ament_install']
[0.137s] Level 1:colcon.colcon_core.package_identification:_identify(install) by extension 'ignore'
[0.137s] Level 1:colcon.colcon_core.package_identification:_identify(install) ignored
[0.137s] Level 1:colcon.colcon_core.package_identification:_identify(log) by extensions ['ignore', 'ignore_ament_install']
[0.137s] Level 1:colcon.colcon_core.package_identification:_identify(log) by extension 'ignore'
[0.137s] Level 1:colcon.colcon_core.package_identification:_identify(log) ignored
[0.137s] Level 1:colcon.colcon_core.package_identification:_identify(src) by extensions ['ignore', 'ignore_ament_install']
[0.137s] Level 1:colcon.colcon_core.package_identification:_identify(src) by extension 'ignore'
[0.137s] Level 1:colcon.colcon_core.package_identification:_identify(src) by extension 'ignore_ament_install'
[0.137s] Level 1:colcon.colcon_core.package_identification:_identify(src) by extensions ['colcon_pkg']
[0.137s] Level 1:colcon.colcon_core.package_identification:_identify(src) by extension 'colcon_pkg'
[0.137s] Level 1:colcon.colcon_core.package_identification:_identify(src) by extensions ['colcon_meta']
[0.137s] Level 1:colcon.colcon_core.package_identification:_identify(src) by extension 'colcon_meta'
[0.137s] Level 1:colcon.colcon_core.package_identification:_identify(src) by extensions ['ros']
[0.137s] Level 1:colcon.colcon_core.package_identification:_identify(src) by extension 'ros'
[0.137s] Level 1:colcon.colcon_core.package_identification:_identify(src) by extensions ['cmake', 'python']
[0.137s] Level 1:colcon.colcon_core.package_identification:_identify(src) by extension 'cmake'
[0.137s] Level 1:colcon.colcon_core.package_identification:_identify(src) by extension 'python'
[0.137s] Level 1:colcon.colcon_core.package_identification:_identify(src) by extensions ['python_setup_py']
[0.137s] Level 1:colcon.colcon_core.package_identification:_identify(src) by extension 'python_setup_py'
[0.137s] Level 1:colcon.colcon_core.package_identification:_identify(src/my_cpp_pkg) by extensions ['ignore', 'ignore_ament_install']
[0.137s] Level 1:colcon.colcon_core.package_identification:_identify(src/my_cpp_pkg) by extension 'ignore'
[0.138s] Level 1:colcon.colcon_core.package_identification:_identify(src/my_cpp_pkg) by extension 'ignore_ament_install'
[0.138s] Level 1:colcon.colcon_core.package_identification:_identify(src/my_cpp_pkg) by extensions ['colcon_pkg']
[0.138s] Level 1:colcon.colcon_core.package_identification:_identify(src/my_cpp_pkg) by extension 'colcon_pkg'
[0.138s] Level 1:colcon.colcon_core.package_identification:_identify(src/my_cpp_pkg) by extensions ['colcon_meta']
[0.138s] Level 1:colcon.colcon_core.package_identification:_identify(src/my_cpp_pkg) by extension 'colcon_meta'
[0.138s] Level 1:colcon.colcon_core.package_identification:_identify(src/my_cpp_pkg) by extensions ['ros']
[0.138s] Level 1:colcon.colcon_core.package_identification:_identify(src/my_cpp_pkg) by extension 'ros'
[0.140s] DEBUG:colcon.colcon_core.package_identification:Package 'src/my_cpp_pkg' with type 'ros.ament_cmake' and name 'my_cpp_pkg'
[0.141s] Level 1:colcon.colcon_core.package_identification:_identify(src/my_py_pkg) by extensions ['ignore', 'ignore_ament_install']
[0.141s] Level 1:colcon.colcon_core.package_identification:_identify(src/my_py_pkg) by extension 'ignore'
[0.141s] Level 1:colcon.colcon_core.package_identification:_identify(src/my_py_pkg) by extension 'ignore_ament_install'
[0.141s] Level 1:colcon.colcon_core.package_identification:_identify(src/my_py_pkg) by extensions ['colcon_pkg']
[0.141s] Level 1:colcon.colcon_core.package_identification:_identify(src/my_py_pkg) by extension 'colcon_pkg'
[0.141s] Level 1:colcon.colcon_core.package_identification:_identify(src/my_py_pkg) by extensions ['colcon_meta']
[0.141s] Level 1:colcon.colcon_core.package_identification:_identify(src/my_py_pkg) by extension 'colcon_meta'
[0.141s] Level 1:colcon.colcon_core.package_identification:_identify(src/my_py_pkg) by extensions ['ros']
[0.141s] Level 1:colcon.colcon_core.package_identification:_identify(src/my_py_pkg) by extension 'ros'
[0.141s] DEBUG:colcon.colcon_core.package_identification:Package 'src/my_py_pkg' with type 'ros.ament_python' and name 'my_py_pkg'
[0.142s] Level 1:colcon.colcon_core.package_identification:_identify(src/my_robot_bringup) by extensions ['ignore', 'ignore_ament_install']
[0.142s] Level 1:colcon.colcon_core.package_identification:_identify(src/my_robot_bringup) by extension 'ignore'
[0.142s] Level 1:colcon.colcon_core.package_identification:_identify(src/my_robot_bringup) by extension 'ignore_ament_install'
[0.142s] Level 1:colcon.colcon_core.package_identification:_identify(src/my_robot_bringup) by extensions ['colcon_pkg']
[0.142s] Level 1:colcon.colcon_core.package_identification:_identify(src/my_robot_bringup) by extension 'colcon_pkg'
[0.142s] Level 1:colcon.colcon_core.package_identification:_identify(src/my_robot_bringup) by extensions ['colcon_meta']
[0.142s] Level 1:colcon.colcon_core.package_identification:_identify(src/my_robot_bringup) by extension 'colcon_meta'
[0.142s] Level 1:colcon.colcon_core.package_identification:_identify(src/my_robot_bringup) by extensions ['ros']
[0.142s] Level 1:colcon.colcon_core.package_identification:_identify(src/my_robot_bringup) by extension 'ros'
[0.142s] DEBUG:colcon.colcon_core.package_identification:Package 'src/my_robot_bringup' with type 'ros.ament_cmake' and name 'my_robot_bringup'
[0.142s] Level 1:colcon.colcon_core.package_identification:_identify(src/my_robot_interfaces) by extensions ['ignore', 'ignore_ament_install']
[0.142s] Level 1:colcon.colcon_core.package_identification:_identify(src/my_robot_interfaces) by extension 'ignore'
[0.142s] Level 1:colcon.colcon_core.package_identification:_identify(src/my_robot_interfaces) by extension 'ignore_ament_install'
[0.142s] Level 1:colcon.colcon_core.package_identification:_identify(src/my_robot_interfaces) by extensions ['colcon_pkg']
[0.142s] Level 1:colcon.colcon_core.package_identification:_identify(src/my_robot_interfaces) by extension 'colcon_pkg'
[0.142s] Level 1:colcon.colcon_core.package_identification:_identify(src/my_robot_interfaces) by extensions ['colcon_meta']
[0.142s] Level 1:colcon.colcon_core.package_identification:_identify(src/my_robot_interfaces) by extension 'colcon_meta'
[0.143s] Level 1:colcon.colcon_core.package_identification:_identify(src/my_robot_interfaces) by extensions ['ros']
[0.143s] Level 1:colcon.colcon_core.package_identification:_identify(src/my_robot_interfaces) by extension 'ros'
[0.143s] DEBUG:colcon.colcon_core.package_identification:Package 'src/my_robot_interfaces' with type 'ros.ament_cmake' and name 'my_robot_interfaces'
[0.143s] Level 1:colcon.colcon_core.package_discovery:discover_packages(recursive) using defaults
[0.143s] Level 1:colcon.colcon_core.package_discovery:discover_packages(ignore) discover
[0.143s] Level 1:colcon.colcon_core.package_discovery:discover_packages(ignore) using defaults
[0.143s] Level 1:colcon.colcon_core.package_discovery:discover_packages(path) discover
[0.143s] Level 1:colcon.colcon_core.package_discovery:discover_packages(path) using defaults
[0.156s] Level 1:colcon.colcon_core.package_discovery:discover_packages(prefix_path) check parameters
[0.156s] Level 1:colcon.colcon_core.package_discovery:discover_packages(prefix_path) discover
[0.159s] DEBUG:colcon.colcon_installed_package_information.package_discovery:Found 4 installed packages in /home/algo/Harel/ros2_ws/install
[0.159s] DEBUG:colcon.colcon_installed_package_information.package_discovery:Found 256 installed packages in /opt/ros/foxy
[0.160s] Level 1:colcon.colcon_core.package_discovery:discover_packages(prefix_path) using defaults
[0.214s] Level 5:colcon.colcon_core.verb:set package 'my_cpp_pkg' build argument 'cmake_args' from command line to 'None'
[0.214s] Level 5:colcon.colcon_core.verb:set package 'my_cpp_pkg' build argument 'cmake_target' from command line to 'None'
[0.214s] Level 5:colcon.colcon_core.verb:set package 'my_cpp_pkg' build argument 'cmake_target_skip_unavailable' from command line to 'False'
[0.214s] Level 5:colcon.colcon_core.verb:set package 'my_cpp_pkg' build argument 'cmake_clean_cache' from command line to 'False'
[0.214s] Level 5:colcon.colcon_core.verb:set package 'my_cpp_pkg' build argument 'cmake_clean_first' from command line to 'False'
[0.214s] Level 5:colcon.colcon_core.verb:set package 'my_cpp_pkg' build argument 'cmake_force_configure' from command line to 'False'
[0.214s] Level 5:colcon.colcon_core.verb:set package 'my_cpp_pkg' build argument 'ament_cmake_args' from command line to 'None'
[0.214s] Level 5:colcon.colcon_core.verb:set package 'my_cpp_pkg' build argument 'catkin_cmake_args' from command line to 'None'
[0.214s] Level 5:colcon.colcon_core.verb:set package 'my_cpp_pkg' build argument 'catkin_skip_building_tests' from command line to 'False'
[0.214s] DEBUG:colcon.colcon_core.verb:Building package 'my_cpp_pkg' with the following arguments: {'ament_cmake_args': None, 'build_base': '/home/algo/Harel/ros2_ws/build/my_cpp_pkg', 'catkin_cmake_args': None, 'catkin_skip_building_tests': False, 'cmake_args': None, 'cmake_clean_cache': False, 'cmake_clean_first': False, 'cmake_force_configure': False, 'cmake_target': None, 'cmake_target_skip_unavailable': False, 'install_base': '/home/algo/Harel/ros2_ws/install/my_cpp_pkg', 'merge_install': False, 'path': '/home/algo/Harel/ros2_ws/src/my_cpp_pkg', 'symlink_install': True, 'test_result_base': None}
[0.215s] Level 5:colcon.colcon_core.verb:set package 'my_robot_interfaces' build argument 'cmake_args' from command line to 'None'
[0.215s] Level 5:colcon.colcon_core.verb:set package 'my_robot_interfaces' build argument 'cmake_target' from command line to 'None'
[0.215s] Level 5:colcon.colcon_core.verb:set package 'my_robot_interfaces' build argument 'cmake_target_skip_unavailable' from command line to 'False'
[0.215s] Level 5:colcon.colcon_core.verb:set package 'my_robot_interfaces' build argument 'cmake_clean_cache' from command line to 'False'
[0.215s] Level 5:colcon.colcon_core.verb:set package 'my_robot_interfaces' build argument 'cmake_clean_first' from command line to 'False'
[0.215s] Level 5:colcon.colcon_core.verb:set package 'my_robot_interfaces' build argument 'cmake_force_configure' from command line to 'False'
[0.215s] Level 5:colcon.colcon_core.verb:set package 'my_robot_interfaces' build argument 'ament_cmake_args' from command line to 'None'
[0.215s] Level 5:colcon.colcon_core.verb:set package 'my_robot_interfaces' build argument 'catkin_cmake_args' from command line to 'None'
[0.215s] Level 5:colcon.colcon_core.verb:set package 'my_robot_interfaces' build argument 'catkin_skip_building_tests' from command line to 'False'
[0.215s] DEBUG:colcon.colcon_core.verb:Building package 'my_robot_interfaces' with the following arguments: {'ament_cmake_args': None, 'build_base': '/home/algo/Harel/ros2_ws/build/my_robot_interfaces', 'catkin_cmake_args': None, 'catkin_skip_building_tests': False, 'cmake_args': None, 'cmake_clean_cache': False, 'cmake_clean_first': False, 'cmake_force_configure': False, 'cmake_target': None, 'cmake_target_skip_unavailable': False, 'install_base': '/home/algo/Harel/ros2_ws/install/my_robot_interfaces', 'merge_install': False, 'path': '/home/algo/Harel/ros2_ws/src/my_robot_interfaces', 'symlink_install': True, 'test_result_base': None}
[0.216s] Level 5:colcon.colcon_core.verb:set package 'my_py_pkg' build argument 'cmake_args' from command line to 'None'
[0.216s] Level 5:colcon.colcon_core.verb:set package 'my_py_pkg' build argument 'cmake_target' from command line to 'None'
[0.216s] Level 5:colcon.colcon_core.verb:set package 'my_py_pkg' build argument 'cmake_target_skip_unavailable' from command line to 'False'
[0.216s] Level 5:colcon.colcon_core.verb:set package 'my_py_pkg' build argument 'cmake_clean_cache' from command line to 'False'
[0.216s] Level 5:colcon.colcon_core.verb:set package 'my_py_pkg' build argument 'cmake_clean_first' from command line to 'False'
[0.216s] Level 5:colcon.colcon_core.verb:set package 'my_py_pkg' build argument 'cmake_force_configure' from command line to 'False'
[0.216s] Level 5:colcon.colcon_core.verb:set package 'my_py_pkg' build argument 'ament_cmake_args' from command line to 'None'
[0.216s] Level 5:colcon.colcon_core.verb:set package 'my_py_pkg' build argument 'catkin_cmake_args' from command line to 'None'
[0.216s] Level 5:colcon.colcon_core.verb:set package 'my_py_pkg' build argument 'catkin_skip_building_tests' from command line to 'False'
[0.216s] DEBUG:colcon.colcon_core.verb:Building package 'my_py_pkg' with the following arguments: {'ament_cmake_args': None, 'build_base': '/home/algo/Harel/ros2_ws/build/my_py_pkg', 'catkin_cmake_args': None, 'catkin_skip_building_tests': False, 'cmake_args': None, 'cmake_clean_cache': False, 'cmake_clean_first': False, 'cmake_force_configure': False, 'cmake_target': None, 'cmake_target_skip_unavailable': False, 'install_base': '/home/algo/Harel/ros2_ws/install/my_py_pkg', 'merge_install': False, 'path': '/home/algo/Harel/ros2_ws/src/my_py_pkg', 'symlink_install': True, 'test_result_base': None}
[0.216s] Level 5:colcon.colcon_core.verb:set package 'my_robot_bringup' build argument 'cmake_args' from command line to 'None'
[0.216s] Level 5:colcon.colcon_core.verb:set package 'my_robot_bringup' build argument 'cmake_target' from command line to 'None'
[0.216s] Level 5:colcon.colcon_core.verb:set package 'my_robot_bringup' build argument 'cmake_target_skip_unavailable' from command line to 'False'
[0.216s] Level 5:colcon.colcon_core.verb:set package 'my_robot_bringup' build argument 'cmake_clean_cache' from command line to 'False'
[0.216s] Level 5:colcon.colcon_core.verb:set package 'my_robot_bringup' build argument 'cmake_clean_first' from command line to 'False'
[0.216s] Level 5:colcon.colcon_core.verb:set package 'my_robot_bringup' build argument 'cmake_force_configure' from command line to 'False'
[0.216s] Level 5:colcon.colcon_core.verb:set package 'my_robot_bringup' build argument 'ament_cmake_args' from command line to 'None'
[0.216s] Level 5:colcon.colcon_core.verb:set package 'my_robot_bringup' build argument 'catkin_cmake_args' from command line to 'None'
[0.216s] Level 5:colcon.colcon_core.verb:set package 'my_robot_bringup' build argument 'catkin_skip_building_tests' from command line to 'False'
[0.216s] DEBUG:colcon.colcon_core.verb:Building package 'my_robot_bringup' with the following arguments: {'ament_cmake_args': None, 'build_base': '/home/algo/Harel/ros2_ws/build/my_robot_bringup', 'catkin_cmake_args': None, 'catkin_skip_building_tests': False, 'cmake_args': None, 'cmake_clean_cache': False, 'cmake_clean_first': False, 'cmake_force_configure': False, 'cmake_target': None, 'cmake_target_skip_unavailable': False, 'install_base': '/home/algo/Harel/ros2_ws/install/my_robot_bringup', 'merge_install': False, 'path': '/home/algo/Harel/ros2_ws/src/my_robot_bringup', 'symlink_install': True, 'test_result_base': None}
[0.217s] INFO:colcon.colcon_core.executor:Executing jobs using 'parallel' executor
[0.218s] DEBUG:colcon.colcon_parallel_executor.executor.parallel:run_until_complete
[0.218s] INFO:colcon.colcon_ros.task.ament_cmake.build:Building ROS package in '/home/algo/Harel/ros2_ws/src/my_robot_interfaces' with build type 'ament_cmake'
[0.218s] INFO:colcon.colcon_cmake.task.cmake.build:Building CMake package in '/home/algo/Harel/ros2_ws/src/my_robot_interfaces'
[0.222s] INFO:colcon.colcon_core.plugin_system:Skipping extension 'colcon_core.shell.bat': Not used on non-Windows systems
[0.222s] INFO:colcon.colcon_core.shell:Skip shell extension 'powershell' for command environment: Not usable outside of PowerShell
[0.222s] DEBUG:colcon.colcon_core.shell:Skip shell extension 'dsv' for command environment
[0.226s] INFO:colcon.colcon_ros.task.ament_cmake.build:Building ROS package in '/home/algo/Harel/ros2_ws/src/my_cpp_pkg' with build type 'ament_cmake'
[0.227s] INFO:colcon.colcon_cmake.task.cmake.build:Building CMake package in '/home/algo/Harel/ros2_ws/src/my_cpp_pkg'
[0.227s] INFO:colcon.colcon_core.shell:Skip shell extension 'powershell' for command environment: Not usable outside of PowerShell
[0.228s] DEBUG:colcon.colcon_core.shell:Skip shell extension 'dsv' for command environment
[0.236s] DEBUG:colcon.colcon_core.event_handler.log_command:Invoking command in '/home/algo/Harel/ros2_ws/build/my_robot_interfaces': CMAKE_PREFIX_PATH=${CMAKE_PREFIX_PATH}:/home/algo/Harel/ros2_ws/install/my_py_pkg:/opt/ros/foxy /usr/bin/cmake --build /home/algo/Harel/ros2_ws/build/my_robot_interfaces -- -j8 -l8
[0.244s] DEBUG:colcon.colcon_core.event_handler.log_command:Invoking command in '/home/algo/Harel/ros2_ws/build/my_cpp_pkg': CMAKE_PREFIX_PATH=${CMAKE_PREFIX_PATH}:/home/algo/Harel/ros2_ws/install/my_py_pkg:/opt/ros/foxy /usr/bin/cmake --build /home/algo/Harel/ros2_ws/build/my_cpp_pkg -- -j8 -l8
[0.330s] DEBUG:colcon.colcon_core.event_handler.log_command:Invoked command in '/home/algo/Harel/ros2_ws/build/my_cpp_pkg' returned '0': CMAKE_PREFIX_PATH=${CMAKE_PREFIX_PATH}:/home/algo/Harel/ros2_ws/install/my_py_pkg:/opt/ros/foxy /usr/bin/cmake --build /home/algo/Harel/ros2_ws/build/my_cpp_pkg -- -j8 -l8
[0.367s] DEBUG:colcon.colcon_core.event_handler.log_command:Invoking command in '/home/algo/Harel/ros2_ws/build/my_cpp_pkg': CMAKE_PREFIX_PATH=${CMAKE_PREFIX_PATH}:/home/algo/Harel/ros2_ws/install/my_py_pkg:/opt/ros/foxy /usr/bin/cmake --install /home/algo/Harel/ros2_ws/build/my_cpp_pkg
[0.384s] Level 1:colcon.colcon_core.environment:create_environment_scripts_only(my_cpp_pkg)
[0.385s] DEBUG:colcon.colcon_core.event_handler.log_command:Invoked command in '/home/algo/Harel/ros2_ws/build/my_cpp_pkg' returned '0': CMAKE_PREFIX_PATH=${CMAKE_PREFIX_PATH}:/home/algo/Harel/ros2_ws/install/my_py_pkg:/opt/ros/foxy /usr/bin/cmake --install /home/algo/Harel/ros2_ws/build/my_cpp_pkg
[0.389s] Level 1:colcon.colcon_core.environment:checking '/home/algo/Harel/ros2_ws/install/my_cpp_pkg' for CMake module files
[0.389s] Level 1:colcon.colcon_core.environment:checking '/home/algo/Harel/ros2_ws/install/my_cpp_pkg' for CMake config files
[0.390s] Level 1:colcon.colcon_core.shell:create_environment_hook('my_cpp_pkg', 'cmake_prefix_path')
[0.390s] INFO:colcon.colcon_core.shell:Creating environment hook '/home/algo/Harel/ros2_ws/install/my_cpp_pkg/share/my_cpp_pkg/hook/cmake_prefix_path.ps1'
[0.390s] INFO:colcon.colcon_core.shell:Creating environment descriptor '/home/algo/Harel/ros2_ws/install/my_cpp_pkg/share/my_cpp_pkg/hook/cmake_prefix_path.dsv'
[0.392s] INFO:colcon.colcon_core.shell:Creating environment hook '/home/algo/Harel/ros2_ws/install/my_cpp_pkg/share/my_cpp_pkg/hook/cmake_prefix_path.sh'
[0.393s] Level 1:colcon.colcon_core.environment:checking '/home/algo/Harel/ros2_ws/install/my_cpp_pkg/lib'
[0.393s] Level 1:colcon.colcon_core.environment:checking '/home/algo/Harel/ros2_ws/install/my_cpp_pkg/bin'
[0.393s] Level 1:colcon.colcon_core.environment:checking '/home/algo/Harel/ros2_ws/install/my_cpp_pkg/lib/pkgconfig/my_cpp_pkg.pc'
[0.393s] Level 1:colcon.colcon_core.environment:checking '/home/algo/Harel/ros2_ws/install/my_cpp_pkg/lib/python3.8/site-packages'
[0.393s] Level 1:colcon.colcon_core.environment:checking '/home/algo/Harel/ros2_ws/install/my_cpp_pkg/bin'
[0.394s] INFO:colcon.colcon_core.shell:Creating package script '/home/algo/Harel/ros2_ws/install/my_cpp_pkg/share/my_cpp_pkg/package.ps1'
[0.395s] INFO:colcon.colcon_core.shell:Creating package descriptor '/home/algo/Harel/ros2_ws/install/my_cpp_pkg/share/my_cpp_pkg/package.dsv'
[0.396s] INFO:colcon.colcon_core.shell:Creating package script '/home/algo/Harel/ros2_ws/install/my_cpp_pkg/share/my_cpp_pkg/package.sh'
[0.397s] INFO:colcon.colcon_core.shell:Creating package script '/home/algo/Harel/ros2_ws/install/my_cpp_pkg/share/my_cpp_pkg/package.bash'
[0.398s] INFO:colcon.colcon_core.shell:Creating package script '/home/algo/Harel/ros2_ws/install/my_cpp_pkg/share/my_cpp_pkg/package.zsh'
[0.399s] Level 1:colcon.colcon_core.environment:create_file_with_runtime_dependencies(/home/algo/Harel/ros2_ws/install/my_cpp_pkg/share/colcon-core/packages/my_cpp_pkg)
[0.415s] DEBUG:colcon.colcon_core.event_handler.log_command:Invoked command in '/home/algo/Harel/ros2_ws/build/my_robot_interfaces' returned '0': CMAKE_PREFIX_PATH=${CMAKE_PREFIX_PATH}:/home/algo/Harel/ros2_ws/install/my_py_pkg:/opt/ros/foxy /usr/bin/cmake --build /home/algo/Harel/ros2_ws/build/my_robot_interfaces -- -j8 -l8
[0.426s] Level 1:colcon.colcon_core.environment:create_environment_scripts_only(my_cpp_pkg)
[0.427s] Level 1:colcon.colcon_core.environment:checking '/home/algo/Harel/ros2_ws/install/my_cpp_pkg' for CMake module files
[0.427s] Level 1:colcon.colcon_core.environment:checking '/home/algo/Harel/ros2_ws/install/my_cpp_pkg' for CMake config files
[0.428s] Level 1:colcon.colcon_core.shell:create_environment_hook('my_cpp_pkg', 'cmake_prefix_path')
[0.428s] INFO:colcon.colcon_core.shell:Creating environment hook '/home/algo/Harel/ros2_ws/install/my_cpp_pkg/share/my_cpp_pkg/hook/cmake_prefix_path.ps1'
[0.428s] INFO:colcon.colcon_core.shell:Creating environment descriptor '/home/algo/Harel/ros2_ws/install/my_cpp_pkg/share/my_cpp_pkg/hook/cmake_prefix_path.dsv'
[0.429s] INFO:colcon.colcon_core.shell:Creating environment hook '/home/algo/Harel/ros2_ws/install/my_cpp_pkg/share/my_cpp_pkg/hook/cmake_prefix_path.sh'
[0.429s] Level 1:colcon.colcon_core.environment:checking '/home/algo/Harel/ros2_ws/install/my_cpp_pkg/lib'
[0.429s] Level 1:colcon.colcon_core.environment:checking '/home/algo/Harel/ros2_ws/install/my_cpp_pkg/bin'
[0.429s] Level 1:colcon.colcon_core.environment:checking '/home/algo/Harel/ros2_ws/install/my_cpp_pkg/lib/pkgconfig/my_cpp_pkg.pc'
[0.430s] Level 1:colcon.colcon_core.environment:checking '/home/algo/Harel/ros2_ws/install/my_cpp_pkg/lib/python3.8/site-packages'
[0.430s] Level 1:colcon.colcon_core.environment:checking '/home/algo/Harel/ros2_ws/install/my_cpp_pkg/bin'
[0.430s] INFO:colcon.colcon_core.shell:Creating package script '/home/algo/Harel/ros2_ws/install/my_cpp_pkg/share/my_cpp_pkg/package.ps1'
[0.431s] INFO:colcon.colcon_core.shell:Creating package descriptor '/home/algo/Harel/ros2_ws/install/my_cpp_pkg/share/my_cpp_pkg/package.dsv'
[0.431s] INFO:colcon.colcon_core.shell:Creating package script '/home/algo/Harel/ros2_ws/install/my_cpp_pkg/share/my_cpp_pkg/package.sh'
[0.431s] INFO:colcon.colcon_core.shell:Creating package script '/home/algo/Harel/ros2_ws/install/my_cpp_pkg/share/my_cpp_pkg/package.bash'
[0.432s] INFO:colcon.colcon_core.shell:Creating package script '/home/algo/Harel/ros2_ws/install/my_cpp_pkg/share/my_cpp_pkg/package.zsh'
[0.432s] Level 1:colcon.colcon_core.environment:create_file_with_runtime_dependencies(/home/algo/Harel/ros2_ws/install/my_cpp_pkg/share/colcon-core/packages/my_cpp_pkg)
[0.452s] DEBUG:colcon.colcon_core.event_handler.log_command:Invoking command in '/home/algo/Harel/ros2_ws/build/my_robot_interfaces': CMAKE_PREFIX_PATH=${CMAKE_PREFIX_PATH}:/home/algo/Harel/ros2_ws/install/my_py_pkg:/opt/ros/foxy /usr/bin/cmake --install /home/algo/Harel/ros2_ws/build/my_robot_interfaces
[0.549s] Level 1:colcon.colcon_core.environment:create_environment_scripts_only(my_robot_interfaces)
[0.550s] Level 1:colcon.colcon_core.environment:checking '/home/algo/Harel/ros2_ws/install/my_robot_interfaces' for CMake module files
[0.550s] DEBUG:colcon.colcon_core.event_handler.log_command:Invoked command in '/home/algo/Harel/ros2_ws/build/my_robot_interfaces' returned '0': CMAKE_PREFIX_PATH=${CMAKE_PREFIX_PATH}:/home/algo/Harel/ros2_ws/install/my_py_pkg:/opt/ros/foxy /usr/bin/cmake --install /home/algo/Harel/ros2_ws/build/my_robot_interfaces
[0.550s] Level 1:colcon.colcon_core.environment:checking '/home/algo/Harel/ros2_ws/install/my_robot_interfaces' for CMake config files
[0.551s] Level 1:colcon.colcon_core.shell:create_environment_hook('my_robot_interfaces', 'cmake_prefix_path')
[0.551s] INFO:colcon.colcon_core.shell:Creating environment hook '/home/algo/Harel/ros2_ws/install/my_robot_interfaces/share/my_robot_interfaces/hook/cmake_prefix_path.ps1'
[0.552s] INFO:colcon.colcon_core.shell:Creating environment descriptor '/home/algo/Harel/ros2_ws/install/my_robot_interfaces/share/my_robot_interfaces/hook/cmake_prefix_path.dsv'
[0.552s] INFO:colcon.colcon_core.shell:Creating environment hook '/home/algo/Harel/ros2_ws/install/my_robot_interfaces/share/my_robot_interfaces/hook/cmake_prefix_path.sh'
[0.552s] Level 1:colcon.colcon_core.environment:checking '/home/algo/Harel/ros2_ws/install/my_robot_interfaces/lib'
[0.552s] Level 1:colcon.colcon_core.shell:create_environment_hook('my_robot_interfaces', 'ld_library_path_lib')
[0.553s] INFO:colcon.colcon_core.shell:Creating environment hook '/home/algo/Harel/ros2_ws/install/my_robot_interfaces/share/my_robot_interfaces/hook/ld_library_path_lib.ps1'
[0.553s] INFO:colcon.colcon_core.shell:Creating environment descriptor '/home/algo/Harel/ros2_ws/install/my_robot_interfaces/share/my_robot_interfaces/hook/ld_library_path_lib.dsv'
[0.553s] INFO:colcon.colcon_core.shell:Creating environment hook '/home/algo/Harel/ros2_ws/install/my_robot_interfaces/share/my_robot_interfaces/hook/ld_library_path_lib.sh'
[0.553s] Level 1:colcon.colcon_core.environment:checking '/home/algo/Harel/ros2_ws/install/my_robot_interfaces/bin'
[0.553s] Level 1:colcon.colcon_core.environment:checking '/home/algo/Harel/ros2_ws/install/my_robot_interfaces/lib/pkgconfig/my_robot_interfaces.pc'
[0.554s] Level 1:colcon.colcon_core.environment:checking '/home/algo/Harel/ros2_ws/install/my_robot_interfaces/lib/python3.8/site-packages'
[0.554s] Level 1:colcon.colcon_core.environment:checking '/home/algo/Harel/ros2_ws/install/my_robot_interfaces/bin'
[0.554s] INFO:colcon.colcon_core.shell:Creating package script '/home/algo/Harel/ros2_ws/install/my_robot_interfaces/share/my_robot_interfaces/package.ps1'
[0.554s] INFO:colcon.colcon_core.shell:Creating package descriptor '/home/algo/Harel/ros2_ws/install/my_robot_interfaces/share/my_robot_interfaces/package.dsv'
[0.555s] INFO:colcon.colcon_core.shell:Creating package script '/home/algo/Harel/ros2_ws/install/my_robot_interfaces/share/my_robot_interfaces/package.sh'
[0.555s] INFO:colcon.colcon_core.shell:Creating package script '/home/algo/Harel/ros2_ws/install/my_robot_interfaces/share/my_robot_interfaces/package.bash'
[0.555s] INFO:colcon.colcon_core.shell:Creating package script '/home/algo/Harel/ros2_ws/install/my_robot_interfaces/share/my_robot_interfaces/package.zsh'
[0.555s] Level 1:colcon.colcon_core.environment:create_file_with_runtime_dependencies(/home/algo/Harel/ros2_ws/install/my_robot_interfaces/share/colcon-core/packages/my_robot_interfaces)
[0.592s] Level 1:colcon.colcon_core.environment:create_environment_scripts_only(my_robot_interfaces)
[0.593s] Level 1:colcon.colcon_core.environment:checking '/home/algo/Harel/ros2_ws/install/my_robot_interfaces' for CMake module files
[0.593s] Level 1:colcon.colcon_core.environment:checking '/home/algo/Harel/ros2_ws/install/my_robot_interfaces' for CMake config files
[0.593s] Level 1:colcon.colcon_core.shell:create_environment_hook('my_robot_interfaces', 'cmake_prefix_path')
[0.594s] INFO:colcon.colcon_core.shell:Creating environment hook '/home/algo/Harel/ros2_ws/install/my_robot_interfaces/share/my_robot_interfaces/hook/cmake_prefix_path.ps1'
[0.594s] INFO:colcon.colcon_core.shell:Creating environment descriptor '/home/algo/Harel/ros2_ws/install/my_robot_interfaces/share/my_robot_interfaces/hook/cmake_prefix_path.dsv'
[0.595s] INFO:colcon.colcon_core.shell:Creating environment hook '/home/algo/Harel/ros2_ws/install/my_robot_interfaces/share/my_robot_interfaces/hook/cmake_prefix_path.sh'
[0.595s] Level 1:colcon.colcon_core.environment:checking '/home/algo/Harel/ros2_ws/install/my_robot_interfaces/lib'
[0.595s] Level 1:colcon.colcon_core.shell:create_environment_hook('my_robot_interfaces', 'ld_library_path_lib')
[0.595s] INFO:colcon.colcon_core.shell:Creating environment hook '/home/algo/Harel/ros2_ws/install/my_robot_interfaces/share/my_robot_interfaces/hook/ld_library_path_lib.ps1'
[0.596s] INFO:colcon.colcon_core.shell:Creating environment descriptor '/home/algo/Harel/ros2_ws/install/my_robot_interfaces/share/my_robot_interfaces/hook/ld_library_path_lib.dsv'
[0.596s] INFO:colcon.colcon_core.shell:Creating environment hook '/home/algo/Harel/ros2_ws/install/my_robot_interfaces/share/my_robot_interfaces/hook/ld_library_path_lib.sh'
[0.596s] Level 1:colcon.colcon_core.environment:checking '/home/algo/Harel/ros2_ws/install/my_robot_interfaces/bin'
[0.596s] Level 1:colcon.colcon_core.environment:checking '/home/algo/Harel/ros2_ws/install/my_robot_interfaces/lib/pkgconfig/my_robot_interfaces.pc'
[0.597s] Level 1:colcon.colcon_core.environment:checking '/home/algo/Harel/ros2_ws/install/my_robot_interfaces/lib/python3.8/site-packages'
[0.597s] Level 1:colcon.colcon_core.environment:checking '/home/algo/Harel/ros2_ws/install/my_robot_interfaces/bin'
[0.598s] INFO:colcon.colcon_core.shell:Creating package script '/home/algo/Harel/ros2_ws/install/my_robot_interfaces/share/my_robot_interfaces/package.ps1'
[0.598s] INFO:colcon.colcon_core.shell:Creating package descriptor '/home/algo/Harel/ros2_ws/install/my_robot_interfaces/share/my_robot_interfaces/package.dsv'
[0.599s] INFO:colcon.colcon_core.shell:Creating package script '/home/algo/Harel/ros2_ws/install/my_robot_interfaces/share/my_robot_interfaces/package.sh'
[0.599s] INFO:colcon.colcon_core.shell:Creating package script '/home/algo/Harel/ros2_ws/install/my_robot_interfaces/share/my_robot_interfaces/package.bash'
[0.599s] INFO:colcon.colcon_core.shell:Creating package script '/home/algo/Harel/ros2_ws/install/my_robot_interfaces/share/my_robot_interfaces/package.zsh'
[0.599s] Level 1:colcon.colcon_core.environment:create_file_with_runtime_dependencies(/home/algo/Harel/ros2_ws/install/my_robot_interfaces/share/colcon-core/packages/my_robot_interfaces)
[0.600s] INFO:colcon.colcon_ros.task.ament_python.build:Building ROS package in '/home/algo/Harel/ros2_ws/src/my_py_pkg' with build type 'ament_python'
[0.600s] Level 1:colcon.colcon_core.shell:create_environment_hook('my_py_pkg', 'ament_prefix_path')
[0.601s] INFO:colcon.colcon_core.shell:Creating environment hook '/home/algo/Harel/ros2_ws/install/my_py_pkg/share/my_py_pkg/hook/ament_prefix_path.ps1'
[0.601s] INFO:colcon.colcon_core.shell:Creating environment descriptor '/home/algo/Harel/ros2_ws/install/my_py_pkg/share/my_py_pkg/hook/ament_prefix_path.dsv'
[0.602s] INFO:colcon.colcon_core.shell:Creating environment hook '/home/algo/Harel/ros2_ws/install/my_py_pkg/share/my_py_pkg/hook/ament_prefix_path.sh'
[0.602s] INFO:colcon.colcon_core.shell:Skip shell extension 'powershell' for command environment: Not usable outside of PowerShell
[0.602s] DEBUG:colcon.colcon_core.shell:Skip shell extension 'dsv' for command environment
[0.818s] INFO:colcon.colcon_core.task.python.build:Building Python package in '/home/algo/Harel/ros2_ws/src/my_py_pkg'
[0.819s] INFO:colcon.colcon_core.shell:Skip shell extension 'powershell' for command environment: Not usable outside of PowerShell
[0.819s] DEBUG:colcon.colcon_core.shell:Skip shell extension 'dsv' for command environment
[1.144s] DEBUG:colcon.colcon_core.event_handler.log_command:Invoking command in '/home/algo/Harel/ros2_ws/build/my_py_pkg': CMAKE_PREFIX_PATH=/home/algo/Harel/ros2_ws/install/my_robot_interfaces:/home/algo/Harel/ros2_ws/install/my_robot_bringup:/home/algo/Harel/ros2_ws/install/my_cpp_pkg PYTHONPATH=/home/algo/Harel/ros2_ws/install/my_py_pkg/lib/python3.8/site-packages:${PYTHONPATH} /usr/bin/python3 setup.py develop --prefix /home/algo/Harel/ros2_ws/install/my_py_pkg --editable --build-directory /home/algo/Harel/ros2_ws/build/my_py_pkg/build --no-deps install_data --install-dir /home/algo/Harel/ros2_ws/install/my_py_pkg
[1.421s] Level 1:colcon.colcon_core.shell:create_environment_hook('my_py_pkg', 'pythonpath_develop')
[1.421s] INFO:colcon.colcon_core.shell:Creating environment hook '/home/algo/Harel/ros2_ws/build/my_py_pkg/share/my_py_pkg/hook/pythonpath_develop.ps1'
[1.422s] DEBUG:colcon.colcon_core.event_handler.log_command:Invoked command in '/home/algo/Harel/ros2_ws/build/my_py_pkg' returned '0': CMAKE_PREFIX_PATH=/home/algo/Harel/ros2_ws/install/my_robot_interfaces:/home/algo/Harel/ros2_ws/install/my_robot_bringup:/home/algo/Harel/ros2_ws/install/my_cpp_pkg PYTHONPATH=/home/algo/Harel/ros2_ws/install/my_py_pkg/lib/python3.8/site-packages:${PYTHONPATH} /usr/bin/python3 setup.py develop --prefix /home/algo/Harel/ros2_ws/install/my_py_pkg --editable --build-directory /home/algo/Harel/ros2_ws/build/my_py_pkg/build --no-deps install_data --install-dir /home/algo/Harel/ros2_ws/install/my_py_pkg
[1.422s] INFO:colcon.colcon_core.shell:Creating environment descriptor '/home/algo/Harel/ros2_ws/build/my_py_pkg/share/my_py_pkg/hook/pythonpath_develop.dsv'
[1.422s] INFO:colcon.colcon_core.shell:Creating environment hook '/home/algo/Harel/ros2_ws/build/my_py_pkg/share/my_py_pkg/hook/pythonpath_develop.sh'
[1.423s] Level 1:colcon.colcon_core.environment:checking '/home/algo/Harel/ros2_ws/install/my_py_pkg' for CMake module files
[1.423s] Level 1:colcon.colcon_core.environment:checking '/home/algo/Harel/ros2_ws/install/my_py_pkg' for CMake config files
[1.424s] Level 1:colcon.colcon_core.environment:checking '/home/algo/Harel/ros2_ws/install/my_py_pkg/lib'
[1.424s] Level 1:colcon.colcon_core.environment:checking '/home/algo/Harel/ros2_ws/install/my_py_pkg/bin'
[1.424s] Level 1:colcon.colcon_core.environment:checking '/home/algo/Harel/ros2_ws/install/my_py_pkg/lib/pkgconfig/my_py_pkg.pc'
[1.424s] Level 1:colcon.colcon_core.environment:checking '/home/algo/Harel/ros2_ws/install/my_py_pkg/lib/python3.8/site-packages'
[1.424s] Level 1:colcon.colcon_core.shell:create_environment_hook('my_py_pkg', 'pythonpath')
[1.424s] INFO:colcon.colcon_core.shell:Creating environment hook '/home/algo/Harel/ros2_ws/install/my_py_pkg/share/my_py_pkg/hook/pythonpath.ps1'
[1.425s] INFO:colcon.colcon_core.shell:Creating environment descriptor '/home/algo/Harel/ros2_ws/install/my_py_pkg/share/my_py_pkg/hook/pythonpath.dsv'
[1.425s] INFO:colcon.colcon_core.shell:Creating environment hook '/home/algo/Harel/ros2_ws/install/my_py_pkg/share/my_py_pkg/hook/pythonpath.sh'
[1.425s] Level 1:colcon.colcon_core.environment:checking '/home/algo/Harel/ros2_ws/install/my_py_pkg/bin'
[1.425s] Level 1:colcon.colcon_core.environment:create_environment_scripts_only(my_py_pkg)
[1.426s] INFO:colcon.colcon_core.shell:Creating package script '/home/algo/Harel/ros2_ws/install/my_py_pkg/share/my_py_pkg/package.ps1'
[1.426s] INFO:colcon.colcon_core.shell:Creating package descriptor '/home/algo/Harel/ros2_ws/install/my_py_pkg/share/my_py_pkg/package.dsv'
[1.426s] INFO:colcon.colcon_core.shell:Creating package script '/home/algo/Harel/ros2_ws/install/my_py_pkg/share/my_py_pkg/package.sh'
[1.427s] INFO:colcon.colcon_core.shell:Creating package script '/home/algo/Harel/ros2_ws/install/my_py_pkg/share/my_py_pkg/package.bash'
[1.427s] INFO:colcon.colcon_core.shell:Creating package script '/home/algo/Harel/ros2_ws/install/my_py_pkg/share/my_py_pkg/package.zsh'
[1.427s] Level 1:colcon.colcon_core.environment:create_file_with_runtime_dependencies(/home/algo/Harel/ros2_ws/install/my_py_pkg/share/colcon-core/packages/my_py_pkg)
[1.427s] INFO:colcon.colcon_ros.task.ament_cmake.build:Building ROS package in '/home/algo/Harel/ros2_ws/src/my_robot_bringup' with build type 'ament_cmake'
[1.428s] INFO:colcon.colcon_cmake.task.cmake.build:Building CMake package in '/home/algo/Harel/ros2_ws/src/my_robot_bringup'
[1.428s] INFO:colcon.colcon_core.shell:Skip shell extension 'powershell' for command environment: Not usable outside of PowerShell
[1.428s] DEBUG:colcon.colcon_core.shell:Skip shell extension 'dsv' for command environment
[1.439s] DEBUG:colcon.colcon_core.event_handler.log_command:Invoking command in '/home/algo/Harel/ros2_ws/build/my_robot_bringup': AMENT_PREFIX_PATH=/home/algo/Harel/ros2_ws/install/my_py_pkg:/home/algo/Harel/ros2_ws/install/my_robot_bringup:/home/algo/Harel/ros2_ws/install/my_robot_interfaces:/home/algo/Harel/ros2_ws/install/my_cpp_pkg:/opt/ros/foxy CMAKE_PREFIX_PATH=/home/algo/Harel/ros2_ws/install/my_robot_interfaces:/home/algo/Harel/ros2_ws/install/my_cpp_pkg:/home/algo/Harel/ros2_ws/install/my_robot_bringup:/home/algo/Harel/ros2_ws/install/my_py_pkg:/opt/ros/foxy /usr/bin/cmake --build /home/algo/Harel/ros2_ws/build/my_robot_bringup -- -j8 -l8
[1.469s] DEBUG:colcon.colcon_core.event_handler.log_command:Invoked command in '/home/algo/Harel/ros2_ws/build/my_robot_bringup' returned '0': AMENT_PREFIX_PATH=/home/algo/Harel/ros2_ws/install/my_py_pkg:/home/algo/Harel/ros2_ws/install/my_robot_bringup:/home/algo/Harel/ros2_ws/install/my_robot_interfaces:/home/algo/Harel/ros2_ws/install/my_cpp_pkg:/opt/ros/foxy CMAKE_PREFIX_PATH=/home/algo/Harel/ros2_ws/install/my_robot_interfaces:/home/algo/Harel/ros2_ws/install/my_cpp_pkg:/home/algo/Harel/ros2_ws/install/my_robot_bringup:/home/algo/Harel/ros2_ws/install/my_py_pkg:/opt/ros/foxy /usr/bin/cmake --build /home/algo/Harel/ros2_ws/build/my_robot_bringup -- -j8 -l8
[1.486s] DEBUG:colcon.colcon_core.event_handler.log_command:Invoking command in '/home/algo/Harel/ros2_ws/build/my_robot_bringup': AMENT_PREFIX_PATH=/home/algo/Harel/ros2_ws/install/my_py_pkg:/home/algo/Harel/ros2_ws/install/my_robot_bringup:/home/algo/Harel/ros2_ws/install/my_robot_interfaces:/home/algo/Harel/ros2_ws/install/my_cpp_pkg:/opt/ros/foxy CMAKE_PREFIX_PATH=/home/algo/Harel/ros2_ws/install/my_robot_interfaces:/home/algo/Harel/ros2_ws/install/my_cpp_pkg:/home/algo/Harel/ros2_ws/install/my_robot_bringup:/home/algo/Harel/ros2_ws/install/my_py_pkg:/opt/ros/foxy /usr/bin/cmake --install /home/algo/Harel/ros2_ws/build/my_robot_bringup
[1.503s] Level 1:colcon.colcon_core.environment:create_environment_scripts_only(my_robot_bringup)
[1.505s] Level 1:colcon.colcon_core.environment:checking '/home/algo/Harel/ros2_ws/install/my_robot_bringup' for CMake module files
[1.505s] DEBUG:colcon.colcon_core.event_handler.log_command:Invoked command in '/home/algo/Harel/ros2_ws/build/my_robot_bringup' returned '0': AMENT_PREFIX_PATH=/home/algo/Harel/ros2_ws/install/my_py_pkg:/home/algo/Harel/ros2_ws/install/my_robot_bringup:/home/algo/Harel/ros2_ws/install/my_robot_interfaces:/home/algo/Harel/ros2_ws/install/my_cpp_pkg:/opt/ros/foxy CMAKE_PREFIX_PATH=/home/algo/Harel/ros2_ws/install/my_robot_interfaces:/home/algo/Harel/ros2_ws/install/my_cpp_pkg:/home/algo/Harel/ros2_ws/install/my_robot_bringup:/home/algo/Harel/ros2_ws/install/my_py_pkg:/opt/ros/foxy /usr/bin/cmake --install /home/algo/Harel/ros2_ws/build/my_robot_bringup
[1.506s] Level 1:colcon.colcon_core.environment:checking '/home/algo/Harel/ros2_ws/install/my_robot_bringup' for CMake config files
[1.506s] Level 1:colcon.colcon_core.shell:create_environment_hook('my_robot_bringup', 'cmake_prefix_path')
[1.506s] INFO:colcon.colcon_core.shell:Creating environment hook '/home/algo/Harel/ros2_ws/install/my_robot_bringup/share/my_robot_bringup/hook/cmake_prefix_path.ps1'
[1.507s] INFO:colcon.colcon_core.shell:Creating environment descriptor '/home/algo/Harel/ros2_ws/install/my_robot_bringup/share/my_robot_bringup/hook/cmake_prefix_path.dsv'
[1.507s] INFO:colcon.colcon_core.shell:Creating environment hook '/home/algo/Harel/ros2_ws/install/my_robot_bringup/share/my_robot_bringup/hook/cmake_prefix_path.sh'
[1.508s] Level 1:colcon.colcon_core.environment:checking '/home/algo/Harel/ros2_ws/install/my_robot_bringup/bin'
[1.508s] Level 1:colcon.colcon_core.environment:checking '/home/algo/Harel/ros2_ws/install/my_robot_bringup/lib/pkgconfig/my_robot_bringup.pc'
[1.508s] Level 1:colcon.colcon_core.environment:checking '/home/algo/Harel/ros2_ws/install/my_robot_bringup/lib/python3.8/site-packages'
[1.508s] Level 1:colcon.colcon_core.environment:checking '/home/algo/Harel/ros2_ws/install/my_robot_bringup/bin'
[1.509s] INFO:colcon.colcon_core.shell:Creating package script '/home/algo/Harel/ros2_ws/install/my_robot_bringup/share/my_robot_bringup/package.ps1'
[1.509s] INFO:colcon.colcon_core.shell:Creating package descriptor '/home/algo/Harel/ros2_ws/install/my_robot_bringup/share/my_robot_bringup/package.dsv'
[1.510s] INFO:colcon.colcon_core.shell:Creating package script '/home/algo/Harel/ros2_ws/install/my_robot_bringup/share/my_robot_bringup/package.sh'
[1.510s] INFO:colcon.colcon_core.shell:Creating package script '/home/algo/Harel/ros2_ws/install/my_robot_bringup/share/my_robot_bringup/package.bash'
[1.510s] INFO:colcon.colcon_core.shell:Creating package script '/home/algo/Harel/ros2_ws/install/my_robot_bringup/share/my_robot_bringup/package.zsh'
[1.511s] Level 1:colcon.colcon_core.environment:create_file_with_runtime_dependencies(/home/algo/Harel/ros2_ws/install/my_robot_bringup/share/colcon-core/packages/my_robot_bringup)
[1.528s] Level 1:colcon.colcon_core.environment:create_environment_scripts_only(my_robot_bringup)
[1.528s] Level 1:colcon.colcon_core.environment:checking '/home/algo/Harel/ros2_ws/install/my_robot_bringup' for CMake module files
[1.529s] Level 1:colcon.colcon_core.environment:checking '/home/algo/Harel/ros2_ws/install/my_robot_bringup' for CMake config files
[1.529s] Level 1:colcon.colcon_core.shell:create_environment_hook('my_robot_bringup', 'cmake_prefix_path')
[1.529s] INFO:colcon.colcon_core.shell:Creating environment hook '/home/algo/Harel/ros2_ws/install/my_robot_bringup/share/my_robot_bringup/hook/cmake_prefix_path.ps1'
[1.530s] INFO:colcon.colcon_core.shell:Creating environment descriptor '/home/algo/Harel/ros2_ws/install/my_robot_bringup/share/my_robot_bringup/hook/cmake_prefix_path.dsv'
[1.530s] INFO:colcon.colcon_core.shell:Creating environment hook '/home/algo/Harel/ros2_ws/install/my_robot_bringup/share/my_robot_bringup/hook/cmake_prefix_path.sh'
[1.531s] Level 1:colcon.colcon_core.environment:checking '/home/algo/Harel/ros2_ws/install/my_robot_bringup/bin'
[1.531s] Level 1:colcon.colcon_core.environment:checking '/home/algo/Harel/ros2_ws/install/my_robot_bringup/lib/pkgconfig/my_robot_bringup.pc'
[1.531s] Level 1:colcon.colcon_core.environment:checking '/home/algo/Harel/ros2_ws/install/my_robot_bringup/lib/python3.8/site-packages'
[1.531s] Level 1:colcon.colcon_core.environment:checking '/home/algo/Harel/ros2_ws/install/my_robot_bringup/bin'
[1.532s] INFO:colcon.colcon_core.shell:Creating package script '/home/algo/Harel/ros2_ws/install/my_robot_bringup/share/my_robot_bringup/package.ps1'
[1.532s] INFO:colcon.colcon_core.shell:Creating package descriptor '/home/algo/Harel/ros2_ws/install/my_robot_bringup/share/my_robot_bringup/package.dsv'
[1.533s] INFO:colcon.colcon_core.shell:Creating package script '/home/algo/Harel/ros2_ws/install/my_robot_bringup/share/my_robot_bringup/package.sh'
[1.533s] INFO:colcon.colcon_core.shell:Creating package script '/home/algo/Harel/ros2_ws/install/my_robot_bringup/share/my_robot_bringup/package.bash'
[1.533s] INFO:colcon.colcon_core.shell:Creating package script '/home/algo/Harel/ros2_ws/install/my_robot_bringup/share/my_robot_bringup/package.zsh'
[1.533s] Level 1:colcon.colcon_core.environment:create_file_with_runtime_dependencies(/home/algo/Harel/ros2_ws/install/my_robot_bringup/share/colcon-core/packages/my_robot_bringup)
[1.534s] DEBUG:colcon.colcon_parallel_executor.executor.parallel:closing loop
[1.534s] DEBUG:colcon.colcon_parallel_executor.executor.parallel:loop closed
[1.534s] DEBUG:colcon.colcon_parallel_executor.executor.parallel:run_until_complete finished with '0'
[1.534s] DEBUG:colcon.colcon_core.event_reactor:joining thread
[1.540s] INFO:colcon.colcon_core.plugin_system:Skipping extension 'colcon_notification.desktop_notification.terminal_notifier': Not used on non-Darwin systems
[1.540s] INFO:colcon.colcon_core.plugin_system:Skipping extension 'colcon_notification.desktop_notification.win32': Not used on non-Windows systems
[1.540s] INFO:colcon.colcon_notification.desktop_notification:Sending desktop notification using 'notify2'
[1.554s] DEBUG:colcon.colcon_core.event_reactor:joined thread
[1.555s] INFO:colcon.colcon_core.shell:Creating prefix script '/home/algo/Harel/ros2_ws/install/local_setup.ps1'
[1.556s] INFO:colcon.colcon_core.shell:Creating prefix util module '/home/algo/Harel/ros2_ws/install/_local_setup_util_ps1.py'
[1.558s] INFO:colcon.colcon_core.shell:Creating prefix chain script '/home/algo/Harel/ros2_ws/install/setup.ps1'
[1.560s] INFO:colcon.colcon_core.shell:Creating prefix script '/home/algo/Harel/ros2_ws/install/local_setup.sh'
[1.561s] INFO:colcon.colcon_core.shell:Creating prefix util module '/home/algo/Harel/ros2_ws/install/_local_setup_util_sh.py'
[1.561s] INFO:colcon.colcon_core.shell:Creating prefix chain script '/home/algo/Harel/ros2_ws/install/setup.sh'
[1.562s] INFO:colcon.colcon_core.shell:Creating prefix script '/home/algo/Harel/ros2_ws/install/local_setup.bash'
[1.563s] INFO:colcon.colcon_core.shell:Creating prefix chain script '/home/algo/Harel/ros2_ws/install/setup.bash'
[1.564s] INFO:colcon.colcon_core.shell:Creating prefix script '/home/algo/Harel/ros2_ws/install/local_setup.zsh'
[1.567s] INFO:colcon.colcon_core.shell:Creating prefix chain script '/home/algo/Harel/ros2_ws/install/setup.zsh'
