[0.074s] DEBUG:colcon:Command line arguments: ['/usr/bin/colcon', 'build', '--symlink-install']
[0.074s] DEBUG:colcon:Parsed command line arguments: Namespace(allow_overriding=[], ament_cmake_args=None, base_paths=['.'], build_base='build', catkin_cmake_args=None, catkin_skip_building_tests=False, cmake_args=None, cmake_clean_cache=False, cmake_clean_first=False, cmake_force_configure=False, cmake_target=None, cmake_target_skip_unavailable=False, continue_on_error=False, event_handlers=None, executor='parallel', ignore_user_meta=False, install_base='install', log_base=None, log_level=None, main=<bound method BuildVerb.main of <colcon_core.verb.build.BuildVerb object at 0x7ff710c059d0>>, merge_install=False, metas=['./colcon.meta'], packages_above=None, packages_above_and_dependencies=None, packages_above_depth=None, packages_end=None, packages_ignore=None, packages_ignore_regex=None, packages_select=None, packages_select_build_failed=False, packages_select_by_dep=None, packages_select_regex=None, packages_select_test_failures=False, packages_skip=None, packages_skip_build_finished=False, packages_skip_by_dep=None, packages_skip_regex=None, packages_skip_test_passed=False, packages_skip_up_to=None, packages_start=None, packages_up_to=None, packages_up_to_regex=None, parallel_workers=8, paths=None, symlink_install=True, test_result_base=None, verb_extension=<colcon_core.verb.build.BuildVerb object at 0x7ff710c059d0>, verb_name='build', verb_parser=<colcon_defaults.argument_parser.defaults.DefaultArgumentsDecorator object at 0x7ff710c05f40>)
[0.088s] Level 1:colcon.colcon_core.package_discovery:discover_packages(colcon_meta) check parameters
[0.088s] Level 1:colcon.colcon_core.package_discovery:discover_packages(recursive) check parameters
[0.088s] Level 1:colcon.colcon_core.package_discovery:discover_packages(ignore) check parameters
[0.088s] Level 1:colcon.colcon_core.package_discovery:discover_packages(path) check parameters
[0.088s] Level 1:colcon.colcon_core.package_discovery:discover_packages(colcon_meta) discover
[0.088s] Level 1:colcon.colcon_core.package_discovery:discover_packages(recursive) discover
[0.088s] INFO:colcon.colcon_core.package_discovery:Crawling recursively for packages in '/home/algo/Harel/ros2_ws'
[0.088s] Level 1:colcon.colcon_core.package_identification:_identify(.) by extensions ['ignore', 'ignore_ament_install']
[0.088s] Level 1:colcon.colcon_core.package_identification:_identify(.) by extension 'ignore'
[0.088s] Level 1:colcon.colcon_core.package_identification:_identify(.) by extension 'ignore_ament_install'
[0.088s] Level 1:colcon.colcon_core.package_identification:_identify(.) by extensions ['colcon_pkg']
[0.088s] Level 1:colcon.colcon_core.package_identification:_identify(.) by extension 'colcon_pkg'
[0.089s] Level 1:colcon.colcon_core.package_identification:_identify(.) by extensions ['colcon_meta']
[0.089s] Level 1:colcon.colcon_core.package_identification:_identify(.) by extension 'colcon_meta'
[0.089s] Level 1:colcon.colcon_core.package_identification:_identify(.) by extensions ['ros']
[0.089s] Level 1:colcon.colcon_core.package_identification:_identify(.) by extension 'ros'
[0.095s] Level 1:colcon.colcon_core.package_identification:_identify(.) by extensions ['cmake', 'python']
[0.095s] Level 1:colcon.colcon_core.package_identification:_identify(.) by extension 'cmake'
[0.095s] Level 1:colcon.colcon_core.package_identification:_identify(.) by extension 'python'
[0.095s] Level 1:colcon.colcon_core.package_identification:_identify(.) by extensions ['python_setup_py']
[0.095s] Level 1:colcon.colcon_core.package_identification:_identify(.) by extension 'python_setup_py'
[0.095s] Level 1:colcon.colcon_core.package_identification:_identify(build) by extensions ['ignore', 'ignore_ament_install']
[0.095s] Level 1:colcon.colcon_core.package_identification:_identify(build) by extension 'ignore'
[0.095s] Level 1:colcon.colcon_core.package_identification:_identify(build) ignored
[0.095s] Level 1:colcon.colcon_core.package_identification:_identify(install) by extensions ['ignore', 'ignore_ament_install']
[0.095s] Level 1:colcon.colcon_core.package_identification:_identify(install) by extension 'ignore'
[0.095s] Level 1:colcon.colcon_core.package_identification:_identify(install) ignored
[0.095s] Level 1:colcon.colcon_core.package_identification:_identify(log) by extensions ['ignore', 'ignore_ament_install']
[0.095s] Level 1:colcon.colcon_core.package_identification:_identify(log) by extension 'ignore'
[0.095s] Level 1:colcon.colcon_core.package_identification:_identify(log) ignored
[0.095s] Level 1:colcon.colcon_core.package_identification:_identify(src) by extensions ['ignore', 'ignore_ament_install']
[0.096s] Level 1:colcon.colcon_core.package_identification:_identify(src) by extension 'ignore'
[0.096s] Level 1:colcon.colcon_core.package_identification:_identify(src) by extension 'ignore_ament_install'
[0.096s] Level 1:colcon.colcon_core.package_identification:_identify(src) by extensions ['colcon_pkg']
[0.096s] Level 1:colcon.colcon_core.package_identification:_identify(src) by extension 'colcon_pkg'
[0.096s] Level 1:colcon.colcon_core.package_identification:_identify(src) by extensions ['colcon_meta']
[0.096s] Level 1:colcon.colcon_core.package_identification:_identify(src) by extension 'colcon_meta'
[0.096s] Level 1:colcon.colcon_core.package_identification:_identify(src) by extensions ['ros']
[0.096s] Level 1:colcon.colcon_core.package_identification:_identify(src) by extension 'ros'
[0.096s] Level 1:colcon.colcon_core.package_identification:_identify(src) by extensions ['cmake', 'python']
[0.096s] Level 1:colcon.colcon_core.package_identification:_identify(src) by extension 'cmake'
[0.096s] Level 1:colcon.colcon_core.package_identification:_identify(src) by extension 'python'
[0.096s] Level 1:colcon.colcon_core.package_identification:_identify(src) by extensions ['python_setup_py']
[0.096s] Level 1:colcon.colcon_core.package_identification:_identify(src) by extension 'python_setup_py'
[0.096s] Level 1:colcon.colcon_core.package_identification:_identify(src/my_cpp_pkg) by extensions ['ignore', 'ignore_ament_install']
[0.096s] Level 1:colcon.colcon_core.package_identification:_identify(src/my_cpp_pkg) by extension 'ignore'
[0.096s] Level 1:colcon.colcon_core.package_identification:_identify(src/my_cpp_pkg) by extension 'ignore_ament_install'
[0.096s] Level 1:colcon.colcon_core.package_identification:_identify(src/my_cpp_pkg) by extensions ['colcon_pkg']
[0.096s] Level 1:colcon.colcon_core.package_identification:_identify(src/my_cpp_pkg) by extension 'colcon_pkg'
[0.096s] Level 1:colcon.colcon_core.package_identification:_identify(src/my_cpp_pkg) by extensions ['colcon_meta']
[0.096s] Level 1:colcon.colcon_core.package_identification:_identify(src/my_cpp_pkg) by extension 'colcon_meta'
[0.096s] Level 1:colcon.colcon_core.package_identification:_identify(src/my_cpp_pkg) by extensions ['ros']
[0.096s] Level 1:colcon.colcon_core.package_identification:_identify(src/my_cpp_pkg) by extension 'ros'
[0.098s] DEBUG:colcon.colcon_core.package_identification:Package 'src/my_cpp_pkg' with type 'ros.ament_cmake' and name 'my_cpp_pkg'
[0.098s] Level 1:colcon.colcon_core.package_identification:_identify(src/my_py_pkg) by extensions ['ignore', 'ignore_ament_install']
[0.098s] Level 1:colcon.colcon_core.package_identification:_identify(src/my_py_pkg) by extension 'ignore'
[0.098s] Level 1:colcon.colcon_core.package_identification:_identify(src/my_py_pkg) by extension 'ignore_ament_install'
[0.098s] Level 1:colcon.colcon_core.package_identification:_identify(src/my_py_pkg) by extensions ['colcon_pkg']
[0.098s] Level 1:colcon.colcon_core.package_identification:_identify(src/my_py_pkg) by extension 'colcon_pkg'
[0.098s] Level 1:colcon.colcon_core.package_identification:_identify(src/my_py_pkg) by extensions ['colcon_meta']
[0.098s] Level 1:colcon.colcon_core.package_identification:_identify(src/my_py_pkg) by extension 'colcon_meta'
[0.098s] Level 1:colcon.colcon_core.package_identification:_identify(src/my_py_pkg) by extensions ['ros']
[0.098s] Level 1:colcon.colcon_core.package_identification:_identify(src/my_py_pkg) by extension 'ros'
[0.099s] DEBUG:colcon.colcon_core.package_identification:Package 'src/my_py_pkg' with type 'ros.ament_python' and name 'my_py_pkg'
[0.099s] Level 1:colcon.colcon_core.package_identification:_identify(src/my_robot_bringup) by extensions ['ignore', 'ignore_ament_install']
[0.099s] Level 1:colcon.colcon_core.package_identification:_identify(src/my_robot_bringup) by extension 'ignore'
[0.099s] Level 1:colcon.colcon_core.package_identification:_identify(src/my_robot_bringup) by extension 'ignore_ament_install'
[0.099s] Level 1:colcon.colcon_core.package_identification:_identify(src/my_robot_bringup) by extensions ['colcon_pkg']
[0.099s] Level 1:colcon.colcon_core.package_identification:_identify(src/my_robot_bringup) by extension 'colcon_pkg'
[0.099s] Level 1:colcon.colcon_core.package_identification:_identify(src/my_robot_bringup) by extensions ['colcon_meta']
[0.099s] Level 1:colcon.colcon_core.package_identification:_identify(src/my_robot_bringup) by extension 'colcon_meta'
[0.099s] Level 1:colcon.colcon_core.package_identification:_identify(src/my_robot_bringup) by extensions ['ros']
[0.099s] Level 1:colcon.colcon_core.package_identification:_identify(src/my_robot_bringup) by extension 'ros'
[0.099s] DEBUG:colcon.colcon_core.package_identification:Package 'src/my_robot_bringup' with type 'ros.ament_cmake' and name 'my_robot_bringup'
[0.099s] Level 1:colcon.colcon_core.package_identification:_identify(src/my_robot_interfaces) by extensions ['ignore', 'ignore_ament_install']
[0.099s] Level 1:colcon.colcon_core.package_identification:_identify(src/my_robot_interfaces) by extension 'ignore'
[0.099s] Level 1:colcon.colcon_core.package_identification:_identify(src/my_robot_interfaces) by extension 'ignore_ament_install'
[0.099s] Level 1:colcon.colcon_core.package_identification:_identify(src/my_robot_interfaces) by extensions ['colcon_pkg']
[0.099s] Level 1:colcon.colcon_core.package_identification:_identify(src/my_robot_interfaces) by extension 'colcon_pkg'
[0.099s] Level 1:colcon.colcon_core.package_identification:_identify(src/my_robot_interfaces) by extensions ['colcon_meta']
[0.099s] Level 1:colcon.colcon_core.package_identification:_identify(src/my_robot_interfaces) by extension 'colcon_meta'
[0.099s] Level 1:colcon.colcon_core.package_identification:_identify(src/my_robot_interfaces) by extensions ['ros']
[0.099s] Level 1:colcon.colcon_core.package_identification:_identify(src/my_robot_interfaces) by extension 'ros'
[0.100s] DEBUG:colcon.colcon_core.package_identification:Package 'src/my_robot_interfaces' with type 'ros.ament_cmake' and name 'my_robot_interfaces'
[0.100s] Level 1:colcon.colcon_core.package_discovery:discover_packages(recursive) using defaults
[0.100s] Level 1:colcon.colcon_core.package_discovery:discover_packages(ignore) discover
[0.100s] Level 1:colcon.colcon_core.package_discovery:discover_packages(ignore) using defaults
[0.100s] Level 1:colcon.colcon_core.package_discovery:discover_packages(path) discover
[0.100s] Level 1:colcon.colcon_core.package_discovery:discover_packages(path) using defaults
[0.110s] Level 1:colcon.colcon_core.package_discovery:discover_packages(prefix_path) check parameters
[0.110s] Level 1:colcon.colcon_core.package_discovery:discover_packages(prefix_path) discover
[0.111s] WARNING:colcon.colcon_ros.prefix_path.ament:The path '/home/algo/Harel/ros2_ws/install/my_robot_bringup' in the environment variable AMENT_PREFIX_PATH doesn't exist
[0.111s] WARNING:colcon.colcon_ros.prefix_path.ament:The path '/home/algo/Harel/ros2_ws/install/my_py_pkg' in the environment variable AMENT_PREFIX_PATH doesn't exist
[0.111s] WARNING:colcon.colcon_ros.prefix_path.ament:The path '/home/algo/Harel/ros2_ws/install/my_robot_interfaces' in the environment variable AMENT_PREFIX_PATH doesn't exist
[0.111s] WARNING:colcon.colcon_ros.prefix_path.ament:The path '/home/algo/Harel/ros2_ws/install/my_cpp_pkg' in the environment variable AMENT_PREFIX_PATH doesn't exist
[0.111s] WARNING:colcon.colcon_ros.prefix_path.catkin:The path '/home/algo/Harel/ros2_ws/install/my_robot_bringup' in the environment variable CMAKE_PREFIX_PATH doesn't exist
[0.111s] WARNING:colcon.colcon_ros.prefix_path.catkin:The path '/home/algo/Harel/ros2_ws/install/my_robot_interfaces' in the environment variable CMAKE_PREFIX_PATH doesn't exist
[0.111s] WARNING:colcon.colcon_ros.prefix_path.catkin:The path '/home/algo/Harel/ros2_ws/install/my_cpp_pkg' in the environment variable CMAKE_PREFIX_PATH doesn't exist
[0.112s] DEBUG:colcon.colcon_installed_package_information.package_discovery:Found 0 installed packages in /home/algo/Harel/ros2_ws/install
[0.112s] DEBUG:colcon.colcon_installed_package_information.package_discovery:Found 256 installed packages in /opt/ros/foxy
[0.113s] Level 1:colcon.colcon_core.package_discovery:discover_packages(prefix_path) using defaults
[0.160s] Level 5:colcon.colcon_core.verb:set package 'my_cpp_pkg' build argument 'cmake_args' from command line to 'None'
[0.160s] Level 5:colcon.colcon_core.verb:set package 'my_cpp_pkg' build argument 'cmake_target' from command line to 'None'
[0.160s] Level 5:colcon.colcon_core.verb:set package 'my_cpp_pkg' build argument 'cmake_target_skip_unavailable' from command line to 'False'
[0.160s] Level 5:colcon.colcon_core.verb:set package 'my_cpp_pkg' build argument 'cmake_clean_cache' from command line to 'False'
[0.160s] Level 5:colcon.colcon_core.verb:set package 'my_cpp_pkg' build argument 'cmake_clean_first' from command line to 'False'
[0.160s] Level 5:colcon.colcon_core.verb:set package 'my_cpp_pkg' build argument 'cmake_force_configure' from command line to 'False'
[0.160s] Level 5:colcon.colcon_core.verb:set package 'my_cpp_pkg' build argument 'ament_cmake_args' from command line to 'None'
[0.160s] Level 5:colcon.colcon_core.verb:set package 'my_cpp_pkg' build argument 'catkin_cmake_args' from command line to 'None'
[0.160s] Level 5:colcon.colcon_core.verb:set package 'my_cpp_pkg' build argument 'catkin_skip_building_tests' from command line to 'False'
[0.160s] DEBUG:colcon.colcon_core.verb:Building package 'my_cpp_pkg' with the following arguments: {'ament_cmake_args': None, 'build_base': '/home/algo/Harel/ros2_ws/build/my_cpp_pkg', 'catkin_cmake_args': None, 'catkin_skip_building_tests': False, 'cmake_args': None, 'cmake_clean_cache': False, 'cmake_clean_first': False, 'cmake_force_configure': False, 'cmake_target': None, 'cmake_target_skip_unavailable': False, 'install_base': '/home/algo/Harel/ros2_ws/install/my_cpp_pkg', 'merge_install': False, 'path': '/home/algo/Harel/ros2_ws/src/my_cpp_pkg', 'symlink_install': True, 'test_result_base': None}
[0.160s] Level 5:colcon.colcon_core.verb:set package 'my_robot_interfaces' build argument 'cmake_args' from command line to 'None'
[0.160s] Level 5:colcon.colcon_core.verb:set package 'my_robot_interfaces' build argument 'cmake_target' from command line to 'None'
[0.160s] Level 5:colcon.colcon_core.verb:set package 'my_robot_interfaces' build argument 'cmake_target_skip_unavailable' from command line to 'False'
[0.160s] Level 5:colcon.colcon_core.verb:set package 'my_robot_interfaces' build argument 'cmake_clean_cache' from command line to 'False'
[0.160s] Level 5:colcon.colcon_core.verb:set package 'my_robot_interfaces' build argument 'cmake_clean_first' from command line to 'False'
[0.160s] Level 5:colcon.colcon_core.verb:set package 'my_robot_interfaces' build argument 'cmake_force_configure' from command line to 'False'
[0.160s] Level 5:colcon.colcon_core.verb:set package 'my_robot_interfaces' build argument 'ament_cmake_args' from command line to 'None'
[0.160s] Level 5:colcon.colcon_core.verb:set package 'my_robot_interfaces' build argument 'catkin_cmake_args' from command line to 'None'
[0.160s] Level 5:colcon.colcon_core.verb:set package 'my_robot_interfaces' build argument 'catkin_skip_building_tests' from command line to 'False'
[0.160s] DEBUG:colcon.colcon_core.verb:Building package 'my_robot_interfaces' with the following arguments: {'ament_cmake_args': None, 'build_base': '/home/algo/Harel/ros2_ws/build/my_robot_interfaces', 'catkin_cmake_args': None, 'catkin_skip_building_tests': False, 'cmake_args': None, 'cmake_clean_cache': False, 'cmake_clean_first': False, 'cmake_force_configure': False, 'cmake_target': None, 'cmake_target_skip_unavailable': False, 'install_base': '/home/algo/Harel/ros2_ws/install/my_robot_interfaces', 'merge_install': False, 'path': '/home/algo/Harel/ros2_ws/src/my_robot_interfaces', 'symlink_install': True, 'test_result_base': None}
[0.161s] Level 5:colcon.colcon_core.verb:set package 'my_py_pkg' build argument 'cmake_args' from command line to 'None'
[0.161s] Level 5:colcon.colcon_core.verb:set package 'my_py_pkg' build argument 'cmake_target' from command line to 'None'
[0.161s] Level 5:colcon.colcon_core.verb:set package 'my_py_pkg' build argument 'cmake_target_skip_unavailable' from command line to 'False'
[0.161s] Level 5:colcon.colcon_core.verb:set package 'my_py_pkg' build argument 'cmake_clean_cache' from command line to 'False'
[0.161s] Level 5:colcon.colcon_core.verb:set package 'my_py_pkg' build argument 'cmake_clean_first' from command line to 'False'
[0.161s] Level 5:colcon.colcon_core.verb:set package 'my_py_pkg' build argument 'cmake_force_configure' from command line to 'False'
[0.161s] Level 5:colcon.colcon_core.verb:set package 'my_py_pkg' build argument 'ament_cmake_args' from command line to 'None'
[0.161s] Level 5:colcon.colcon_core.verb:set package 'my_py_pkg' build argument 'catkin_cmake_args' from command line to 'None'
[0.161s] Level 5:colcon.colcon_core.verb:set package 'my_py_pkg' build argument 'catkin_skip_building_tests' from command line to 'False'
[0.161s] DEBUG:colcon.colcon_core.verb:Building package 'my_py_pkg' with the following arguments: {'ament_cmake_args': None, 'build_base': '/home/algo/Harel/ros2_ws/build/my_py_pkg', 'catkin_cmake_args': None, 'catkin_skip_building_tests': False, 'cmake_args': None, 'cmake_clean_cache': False, 'cmake_clean_first': False, 'cmake_force_configure': False, 'cmake_target': None, 'cmake_target_skip_unavailable': False, 'install_base': '/home/algo/Harel/ros2_ws/install/my_py_pkg', 'merge_install': False, 'path': '/home/algo/Harel/ros2_ws/src/my_py_pkg', 'symlink_install': True, 'test_result_base': None}
[0.161s] Level 5:colcon.colcon_core.verb:set package 'my_robot_bringup' build argument 'cmake_args' from command line to 'None'
[0.161s] Level 5:colcon.colcon_core.verb:set package 'my_robot_bringup' build argument 'cmake_target' from command line to 'None'
[0.161s] Level 5:colcon.colcon_core.verb:set package 'my_robot_bringup' build argument 'cmake_target_skip_unavailable' from command line to 'False'
[0.161s] Level 5:colcon.colcon_core.verb:set package 'my_robot_bringup' build argument 'cmake_clean_cache' from command line to 'False'
[0.161s] Level 5:colcon.colcon_core.verb:set package 'my_robot_bringup' build argument 'cmake_clean_first' from command line to 'False'
[0.161s] Level 5:colcon.colcon_core.verb:set package 'my_robot_bringup' build argument 'cmake_force_configure' from command line to 'False'
[0.161s] Level 5:colcon.colcon_core.verb:set package 'my_robot_bringup' build argument 'ament_cmake_args' from command line to 'None'
[0.161s] Level 5:colcon.colcon_core.verb:set package 'my_robot_bringup' build argument 'catkin_cmake_args' from command line to 'None'
[0.161s] Level 5:colcon.colcon_core.verb:set package 'my_robot_bringup' build argument 'catkin_skip_building_tests' from command line to 'False'
[0.161s] DEBUG:colcon.colcon_core.verb:Building package 'my_robot_bringup' with the following arguments: {'ament_cmake_args': None, 'build_base': '/home/algo/Harel/ros2_ws/build/my_robot_bringup', 'catkin_cmake_args': None, 'catkin_skip_building_tests': False, 'cmake_args': None, 'cmake_clean_cache': False, 'cmake_clean_first': False, 'cmake_force_configure': False, 'cmake_target': None, 'cmake_target_skip_unavailable': False, 'install_base': '/home/algo/Harel/ros2_ws/install/my_robot_bringup', 'merge_install': False, 'path': '/home/algo/Harel/ros2_ws/src/my_robot_bringup', 'symlink_install': True, 'test_result_base': None}
[0.161s] INFO:colcon.colcon_core.executor:Executing jobs using 'parallel' executor
[0.163s] DEBUG:colcon.colcon_parallel_executor.executor.parallel:run_until_complete
[0.163s] INFO:colcon.colcon_ros.task.ament_cmake.build:Building ROS package in '/home/algo/Harel/ros2_ws/src/my_robot_interfaces' with build type 'ament_cmake'
[0.163s] INFO:colcon.colcon_cmake.task.cmake.build:Building CMake package in '/home/algo/Harel/ros2_ws/src/my_robot_interfaces'
[0.165s] INFO:colcon.colcon_core.plugin_system:Skipping extension 'colcon_core.shell.bat': Not used on non-Windows systems
[0.165s] INFO:colcon.colcon_core.shell:Skip shell extension 'powershell' for command environment: Not usable outside of PowerShell
[0.165s] DEBUG:colcon.colcon_core.shell:Skip shell extension 'dsv' for command environment
[0.169s] INFO:colcon.colcon_ros.task.ament_cmake.build:Building ROS package in '/home/algo/Harel/ros2_ws/src/my_cpp_pkg' with build type 'ament_cmake'
[0.169s] INFO:colcon.colcon_cmake.task.cmake.build:Building CMake package in '/home/algo/Harel/ros2_ws/src/my_cpp_pkg'
[0.169s] INFO:colcon.colcon_core.shell:Skip shell extension 'powershell' for command environment: Not usable outside of PowerShell
[0.170s] DEBUG:colcon.colcon_core.shell:Skip shell extension 'dsv' for command environment
[0.178s] DEBUG:colcon.colcon_core.event_handler.log_command:Invoking command in '/home/algo/Harel/ros2_ws/build/my_robot_interfaces': CMAKE_PREFIX_PATH=${CMAKE_PREFIX_PATH}:/home/algo/Harel/ros2_ws/install/my_py_pkg:/opt/ros/foxy /usr/bin/cmake /home/algo/Harel/ros2_ws/src/my_robot_interfaces -DAMENT_CMAKE_SYMLINK_INSTALL=1 -DCMAKE_INSTALL_PREFIX=/home/algo/Harel/ros2_ws/install/my_robot_interfaces
[0.182s] DEBUG:colcon.colcon_core.event_handler.log_command:Invoking command in '/home/algo/Harel/ros2_ws/build/my_cpp_pkg': CMAKE_PREFIX_PATH=${CMAKE_PREFIX_PATH}:/home/algo/Harel/ros2_ws/install/my_py_pkg:/opt/ros/foxy /usr/bin/cmake /home/algo/Harel/ros2_ws/src/my_cpp_pkg -DAMENT_CMAKE_SYMLINK_INSTALL=1 -DCMAKE_INSTALL_PREFIX=/home/algo/Harel/ros2_ws/install/my_cpp_pkg
[1.355s] DEBUG:colcon.colcon_core.event_handler.log_command:Invoked command in '/home/algo/Harel/ros2_ws/build/my_robot_interfaces' returned '0': CMAKE_PREFIX_PATH=${CMAKE_PREFIX_PATH}:/home/algo/Harel/ros2_ws/install/my_py_pkg:/opt/ros/foxy /usr/bin/cmake /home/algo/Harel/ros2_ws/src/my_robot_interfaces -DAMENT_CMAKE_SYMLINK_INSTALL=1 -DCMAKE_INSTALL_PREFIX=/home/algo/Harel/ros2_ws/install/my_robot_interfaces
[1.357s] DEBUG:colcon.colcon_core.event_handler.log_command:Invoking command in '/home/algo/Harel/ros2_ws/build/my_robot_interfaces': CMAKE_PREFIX_PATH=${CMAKE_PREFIX_PATH}:/home/algo/Harel/ros2_ws/install/my_py_pkg:/opt/ros/foxy /usr/bin/cmake --build /home/algo/Harel/ros2_ws/build/my_robot_interfaces -- -j8 -l8
[1.409s] DEBUG:colcon.colcon_core.event_handler.log_command:Invoked command in '/home/algo/Harel/ros2_ws/build/my_cpp_pkg' returned '0': CMAKE_PREFIX_PATH=${CMAKE_PREFIX_PATH}:/home/algo/Harel/ros2_ws/install/my_py_pkg:/opt/ros/foxy /usr/bin/cmake /home/algo/Harel/ros2_ws/src/my_cpp_pkg -DAMENT_CMAKE_SYMLINK_INSTALL=1 -DCMAKE_INSTALL_PREFIX=/home/algo/Harel/ros2_ws/install/my_cpp_pkg
[1.412s] DEBUG:colcon.colcon_core.event_handler.log_command:Invoking command in '/home/algo/Harel/ros2_ws/build/my_cpp_pkg': CMAKE_PREFIX_PATH=${CMAKE_PREFIX_PATH}:/home/algo/Harel/ros2_ws/install/my_py_pkg:/opt/ros/foxy /usr/bin/cmake --build /home/algo/Harel/ros2_ws/build/my_cpp_pkg -- -j8 -l8
[6.854s] DEBUG:colcon.colcon_core.event_handler.log_command:Invoked command in '/home/algo/Harel/ros2_ws/build/my_robot_interfaces' returned '0': CMAKE_PREFIX_PATH=${CMAKE_PREFIX_PATH}:/home/algo/Harel/ros2_ws/install/my_py_pkg:/opt/ros/foxy /usr/bin/cmake --build /home/algo/Harel/ros2_ws/build/my_robot_interfaces -- -j8 -l8
[6.902s] DEBUG:colcon.colcon_core.event_handler.log_command:Invoking command in '/home/algo/Harel/ros2_ws/build/my_robot_interfaces': CMAKE_PREFIX_PATH=${CMAKE_PREFIX_PATH}:/home/algo/Harel/ros2_ws/install/my_py_pkg:/opt/ros/foxy /usr/bin/cmake --install /home/algo/Harel/ros2_ws/build/my_robot_interfaces
[7.382s] Level 1:colcon.colcon_core.environment:create_environment_scripts_only(my_robot_interfaces)
[7.383s] DEBUG:colcon.colcon_core.event_handler.log_command:Invoked command in '/home/algo/Harel/ros2_ws/build/my_robot_interfaces' returned '0': CMAKE_PREFIX_PATH=${CMAKE_PREFIX_PATH}:/home/algo/Harel/ros2_ws/install/my_py_pkg:/opt/ros/foxy /usr/bin/cmake --install /home/algo/Harel/ros2_ws/build/my_robot_interfaces
[7.386s] Level 1:colcon.colcon_core.environment:checking '/home/algo/Harel/ros2_ws/install/my_robot_interfaces' for CMake module files
[7.386s] Level 1:colcon.colcon_core.environment:checking '/home/algo/Harel/ros2_ws/install/my_robot_interfaces' for CMake config files
[7.386s] Level 1:colcon.colcon_core.shell:create_environment_hook('my_robot_interfaces', 'cmake_prefix_path')
[7.387s] INFO:colcon.colcon_core.shell:Creating environment hook '/home/algo/Harel/ros2_ws/install/my_robot_interfaces/share/my_robot_interfaces/hook/cmake_prefix_path.ps1'
[7.387s] INFO:colcon.colcon_core.shell:Creating environment descriptor '/home/algo/Harel/ros2_ws/install/my_robot_interfaces/share/my_robot_interfaces/hook/cmake_prefix_path.dsv'
[7.388s] INFO:colcon.colcon_core.shell:Creating environment hook '/home/algo/Harel/ros2_ws/install/my_robot_interfaces/share/my_robot_interfaces/hook/cmake_prefix_path.sh'
[7.388s] Level 1:colcon.colcon_core.environment:checking '/home/algo/Harel/ros2_ws/install/my_robot_interfaces/lib'
[7.389s] Level 1:colcon.colcon_core.shell:create_environment_hook('my_robot_interfaces', 'ld_library_path_lib')
[7.389s] INFO:colcon.colcon_core.shell:Creating environment hook '/home/algo/Harel/ros2_ws/install/my_robot_interfaces/share/my_robot_interfaces/hook/ld_library_path_lib.ps1'
[7.389s] INFO:colcon.colcon_core.shell:Creating environment descriptor '/home/algo/Harel/ros2_ws/install/my_robot_interfaces/share/my_robot_interfaces/hook/ld_library_path_lib.dsv'
[7.389s] INFO:colcon.colcon_core.shell:Creating environment hook '/home/algo/Harel/ros2_ws/install/my_robot_interfaces/share/my_robot_interfaces/hook/ld_library_path_lib.sh'
[7.390s] Level 1:colcon.colcon_core.environment:checking '/home/algo/Harel/ros2_ws/install/my_robot_interfaces/bin'
[7.390s] Level 1:colcon.colcon_core.environment:checking '/home/algo/Harel/ros2_ws/install/my_robot_interfaces/lib/pkgconfig/my_robot_interfaces.pc'
[7.390s] Level 1:colcon.colcon_core.environment:checking '/home/algo/Harel/ros2_ws/install/my_robot_interfaces/lib/python3.8/site-packages'
[7.390s] Level 1:colcon.colcon_core.environment:checking '/home/algo/Harel/ros2_ws/install/my_robot_interfaces/bin'
[7.390s] INFO:colcon.colcon_core.shell:Creating package script '/home/algo/Harel/ros2_ws/install/my_robot_interfaces/share/my_robot_interfaces/package.ps1'
[7.391s] INFO:colcon.colcon_core.shell:Creating package descriptor '/home/algo/Harel/ros2_ws/install/my_robot_interfaces/share/my_robot_interfaces/package.dsv'
[7.391s] INFO:colcon.colcon_core.shell:Creating package script '/home/algo/Harel/ros2_ws/install/my_robot_interfaces/share/my_robot_interfaces/package.sh'
[7.392s] INFO:colcon.colcon_core.shell:Creating package script '/home/algo/Harel/ros2_ws/install/my_robot_interfaces/share/my_robot_interfaces/package.bash'
[7.392s] INFO:colcon.colcon_core.shell:Creating package script '/home/algo/Harel/ros2_ws/install/my_robot_interfaces/share/my_robot_interfaces/package.zsh'
[7.393s] Level 1:colcon.colcon_core.environment:create_file_with_runtime_dependencies(/home/algo/Harel/ros2_ws/install/my_robot_interfaces/share/colcon-core/packages/my_robot_interfaces)
[7.429s] Level 1:colcon.colcon_core.environment:create_environment_scripts_only(my_robot_interfaces)
[7.430s] Level 1:colcon.colcon_core.environment:checking '/home/algo/Harel/ros2_ws/install/my_robot_interfaces' for CMake module files
[7.431s] Level 1:colcon.colcon_core.environment:checking '/home/algo/Harel/ros2_ws/install/my_robot_interfaces' for CMake config files
[7.432s] Level 1:colcon.colcon_core.shell:create_environment_hook('my_robot_interfaces', 'cmake_prefix_path')
[7.433s] INFO:colcon.colcon_core.shell:Creating environment hook '/home/algo/Harel/ros2_ws/install/my_robot_interfaces/share/my_robot_interfaces/hook/cmake_prefix_path.ps1'
[7.433s] INFO:colcon.colcon_core.shell:Creating environment descriptor '/home/algo/Harel/ros2_ws/install/my_robot_interfaces/share/my_robot_interfaces/hook/cmake_prefix_path.dsv'
[7.434s] INFO:colcon.colcon_core.shell:Creating environment hook '/home/algo/Harel/ros2_ws/install/my_robot_interfaces/share/my_robot_interfaces/hook/cmake_prefix_path.sh'
[7.434s] Level 1:colcon.colcon_core.environment:checking '/home/algo/Harel/ros2_ws/install/my_robot_interfaces/lib'
[7.434s] Level 1:colcon.colcon_core.shell:create_environment_hook('my_robot_interfaces', 'ld_library_path_lib')
[7.435s] INFO:colcon.colcon_core.shell:Creating environment hook '/home/algo/Harel/ros2_ws/install/my_robot_interfaces/share/my_robot_interfaces/hook/ld_library_path_lib.ps1'
[7.435s] INFO:colcon.colcon_core.shell:Creating environment descriptor '/home/algo/Harel/ros2_ws/install/my_robot_interfaces/share/my_robot_interfaces/hook/ld_library_path_lib.dsv'
[7.435s] INFO:colcon.colcon_core.shell:Creating environment hook '/home/algo/Harel/ros2_ws/install/my_robot_interfaces/share/my_robot_interfaces/hook/ld_library_path_lib.sh'
[7.435s] Level 1:colcon.colcon_core.environment:checking '/home/algo/Harel/ros2_ws/install/my_robot_interfaces/bin'
[7.435s] Level 1:colcon.colcon_core.environment:checking '/home/algo/Harel/ros2_ws/install/my_robot_interfaces/lib/pkgconfig/my_robot_interfaces.pc'
[7.436s] Level 1:colcon.colcon_core.environment:checking '/home/algo/Harel/ros2_ws/install/my_robot_interfaces/lib/python3.8/site-packages'
[7.436s] Level 1:colcon.colcon_core.environment:checking '/home/algo/Harel/ros2_ws/install/my_robot_interfaces/bin'
[7.436s] INFO:colcon.colcon_core.shell:Creating package script '/home/algo/Harel/ros2_ws/install/my_robot_interfaces/share/my_robot_interfaces/package.ps1'
[7.437s] INFO:colcon.colcon_core.shell:Creating package descriptor '/home/algo/Harel/ros2_ws/install/my_robot_interfaces/share/my_robot_interfaces/package.dsv'
[7.437s] INFO:colcon.colcon_core.shell:Creating package script '/home/algo/Harel/ros2_ws/install/my_robot_interfaces/share/my_robot_interfaces/package.sh'
[7.437s] INFO:colcon.colcon_core.shell:Creating package script '/home/algo/Harel/ros2_ws/install/my_robot_interfaces/share/my_robot_interfaces/package.bash'
[7.438s] INFO:colcon.colcon_core.shell:Creating package script '/home/algo/Harel/ros2_ws/install/my_robot_interfaces/share/my_robot_interfaces/package.zsh'
[7.438s] Level 1:colcon.colcon_core.environment:create_file_with_runtime_dependencies(/home/algo/Harel/ros2_ws/install/my_robot_interfaces/share/colcon-core/packages/my_robot_interfaces)
[7.439s] INFO:colcon.colcon_ros.task.ament_python.build:Building ROS package in '/home/algo/Harel/ros2_ws/src/my_py_pkg' with build type 'ament_python'
[7.439s] Level 1:colcon.colcon_core.shell:create_environment_hook('my_py_pkg', 'ament_prefix_path')
[7.439s] INFO:colcon.colcon_core.shell:Creating environment hook '/home/algo/Harel/ros2_ws/install/my_py_pkg/share/my_py_pkg/hook/ament_prefix_path.ps1'
[7.440s] INFO:colcon.colcon_core.shell:Creating environment descriptor '/home/algo/Harel/ros2_ws/install/my_py_pkg/share/my_py_pkg/hook/ament_prefix_path.dsv'
[7.441s] INFO:colcon.colcon_core.shell:Creating environment hook '/home/algo/Harel/ros2_ws/install/my_py_pkg/share/my_py_pkg/hook/ament_prefix_path.sh'
[7.442s] INFO:colcon.colcon_core.shell:Skip shell extension 'powershell' for command environment: Not usable outside of PowerShell
[7.442s] DEBUG:colcon.colcon_core.shell:Skip shell extension 'dsv' for command environment
[7.622s] INFO:colcon.colcon_core.task.python.build:Building Python package in '/home/algo/Harel/ros2_ws/src/my_py_pkg'
[7.622s] INFO:colcon.colcon_core.shell:Skip shell extension 'powershell' for command environment: Not usable outside of PowerShell
[7.622s] DEBUG:colcon.colcon_core.shell:Skip shell extension 'dsv' for command environment
[7.963s] DEBUG:colcon.colcon_core.event_handler.log_command:Invoking command in '/home/algo/Harel/ros2_ws/build/my_py_pkg': CMAKE_PREFIX_PATH=/home/algo/Harel/ros2_ws/install/my_robot_interfaces:/home/algo/Harel/ros2_ws/install/my_robot_bringup:/home/algo/Harel/ros2_ws/install/my_cpp_pkg PYTHONPATH=/home/algo/Harel/ros2_ws/install/my_py_pkg/lib/python3.8/site-packages:${PYTHONPATH} /usr/bin/python3 setup.py develop --prefix /home/algo/Harel/ros2_ws/install/my_py_pkg --editable --build-directory /home/algo/Harel/ros2_ws/build/my_py_pkg/build --no-deps install_data --install-dir /home/algo/Harel/ros2_ws/install/my_py_pkg
[8.179s] DEBUG:colcon.colcon_core.event_handler.log_command:Invoked command in '/home/algo/Harel/ros2_ws/build/my_cpp_pkg' returned '0': CMAKE_PREFIX_PATH=${CMAKE_PREFIX_PATH}:/home/algo/Harel/ros2_ws/install/my_py_pkg:/opt/ros/foxy /usr/bin/cmake --build /home/algo/Harel/ros2_ws/build/my_cpp_pkg -- -j8 -l8
[8.212s] DEBUG:colcon.colcon_core.event_handler.log_command:Invoking command in '/home/algo/Harel/ros2_ws/build/my_cpp_pkg': CMAKE_PREFIX_PATH=${CMAKE_PREFIX_PATH}:/home/algo/Harel/ros2_ws/install/my_py_pkg:/opt/ros/foxy /usr/bin/cmake --install /home/algo/Harel/ros2_ws/build/my_cpp_pkg
[8.356s] Level 1:colcon.colcon_core.shell:create_environment_hook('my_py_pkg', 'pythonpath_develop')
[8.357s] INFO:colcon.colcon_core.shell:Creating environment hook '/home/algo/Harel/ros2_ws/build/my_py_pkg/share/my_py_pkg/hook/pythonpath_develop.ps1'
[8.357s] DEBUG:colcon.colcon_core.event_handler.log_command:Invoked command in '/home/algo/Harel/ros2_ws/build/my_py_pkg' returned '0': CMAKE_PREFIX_PATH=/home/algo/Harel/ros2_ws/install/my_robot_interfaces:/home/algo/Harel/ros2_ws/install/my_robot_bringup:/home/algo/Harel/ros2_ws/install/my_cpp_pkg PYTHONPATH=/home/algo/Harel/ros2_ws/install/my_py_pkg/lib/python3.8/site-packages:${PYTHONPATH} /usr/bin/python3 setup.py develop --prefix /home/algo/Harel/ros2_ws/install/my_py_pkg --editable --build-directory /home/algo/Harel/ros2_ws/build/my_py_pkg/build --no-deps install_data --install-dir /home/algo/Harel/ros2_ws/install/my_py_pkg
[8.358s] INFO:colcon.colcon_core.shell:Creating environment descriptor '/home/algo/Harel/ros2_ws/build/my_py_pkg/share/my_py_pkg/hook/pythonpath_develop.dsv'
[8.358s] INFO:colcon.colcon_core.shell:Creating environment hook '/home/algo/Harel/ros2_ws/build/my_py_pkg/share/my_py_pkg/hook/pythonpath_develop.sh'
[8.360s] Level 1:colcon.colcon_core.environment:checking '/home/algo/Harel/ros2_ws/install/my_py_pkg' for CMake module files
[8.361s] Level 1:colcon.colcon_core.environment:checking '/home/algo/Harel/ros2_ws/install/my_py_pkg' for CMake config files
[8.361s] Level 1:colcon.colcon_core.environment:checking '/home/algo/Harel/ros2_ws/install/my_py_pkg/lib'
[8.361s] Level 1:colcon.colcon_core.environment:checking '/home/algo/Harel/ros2_ws/install/my_py_pkg/bin'
[8.361s] Level 1:colcon.colcon_core.environment:checking '/home/algo/Harel/ros2_ws/install/my_py_pkg/lib/pkgconfig/my_py_pkg.pc'
[8.361s] Level 1:colcon.colcon_core.environment:checking '/home/algo/Harel/ros2_ws/install/my_py_pkg/lib/python3.8/site-packages'
[8.361s] Level 1:colcon.colcon_core.shell:create_environment_hook('my_py_pkg', 'pythonpath')
[8.362s] INFO:colcon.colcon_core.shell:Creating environment hook '/home/algo/Harel/ros2_ws/install/my_py_pkg/share/my_py_pkg/hook/pythonpath.ps1'
[8.362s] INFO:colcon.colcon_core.shell:Creating environment descriptor '/home/algo/Harel/ros2_ws/install/my_py_pkg/share/my_py_pkg/hook/pythonpath.dsv'
[8.363s] INFO:colcon.colcon_core.shell:Creating environment hook '/home/algo/Harel/ros2_ws/install/my_py_pkg/share/my_py_pkg/hook/pythonpath.sh'
[8.363s] Level 1:colcon.colcon_core.environment:checking '/home/algo/Harel/ros2_ws/install/my_py_pkg/bin'
[8.363s] Level 1:colcon.colcon_core.environment:create_environment_scripts_only(my_py_pkg)
[8.364s] INFO:colcon.colcon_core.shell:Creating package script '/home/algo/Harel/ros2_ws/install/my_py_pkg/share/my_py_pkg/package.ps1'
[8.364s] INFO:colcon.colcon_core.shell:Creating package descriptor '/home/algo/Harel/ros2_ws/install/my_py_pkg/share/my_py_pkg/package.dsv'
[8.364s] INFO:colcon.colcon_core.shell:Creating package script '/home/algo/Harel/ros2_ws/install/my_py_pkg/share/my_py_pkg/package.sh'
[8.365s] INFO:colcon.colcon_core.shell:Creating package script '/home/algo/Harel/ros2_ws/install/my_py_pkg/share/my_py_pkg/package.bash'
[8.365s] INFO:colcon.colcon_core.shell:Creating package script '/home/algo/Harel/ros2_ws/install/my_py_pkg/share/my_py_pkg/package.zsh'
[8.365s] Level 1:colcon.colcon_core.environment:create_file_with_runtime_dependencies(/home/algo/Harel/ros2_ws/install/my_py_pkg/share/colcon-core/packages/my_py_pkg)
[8.408s] Level 1:colcon.colcon_core.environment:create_environment_scripts_only(my_cpp_pkg)
[8.409s] DEBUG:colcon.colcon_core.event_handler.log_command:Invoked command in '/home/algo/Harel/ros2_ws/build/my_cpp_pkg' returned '0': CMAKE_PREFIX_PATH=${CMAKE_PREFIX_PATH}:/home/algo/Harel/ros2_ws/install/my_py_pkg:/opt/ros/foxy /usr/bin/cmake --install /home/algo/Harel/ros2_ws/build/my_cpp_pkg
[8.409s] Level 1:colcon.colcon_core.environment:checking '/home/algo/Harel/ros2_ws/install/my_cpp_pkg' for CMake module files
[8.410s] Level 1:colcon.colcon_core.environment:checking '/home/algo/Harel/ros2_ws/install/my_cpp_pkg' for CMake config files
[8.410s] Level 1:colcon.colcon_core.shell:create_environment_hook('my_cpp_pkg', 'cmake_prefix_path')
[8.411s] INFO:colcon.colcon_core.shell:Creating environment hook '/home/algo/Harel/ros2_ws/install/my_cpp_pkg/share/my_cpp_pkg/hook/cmake_prefix_path.ps1'
[8.411s] INFO:colcon.colcon_core.shell:Creating environment descriptor '/home/algo/Harel/ros2_ws/install/my_cpp_pkg/share/my_cpp_pkg/hook/cmake_prefix_path.dsv'
[8.411s] INFO:colcon.colcon_core.shell:Creating environment hook '/home/algo/Harel/ros2_ws/install/my_cpp_pkg/share/my_cpp_pkg/hook/cmake_prefix_path.sh'
[8.412s] Level 1:colcon.colcon_core.environment:checking '/home/algo/Harel/ros2_ws/install/my_cpp_pkg/lib'
[8.412s] Level 1:colcon.colcon_core.environment:checking '/home/algo/Harel/ros2_ws/install/my_cpp_pkg/bin'
[8.412s] Level 1:colcon.colcon_core.environment:checking '/home/algo/Harel/ros2_ws/install/my_cpp_pkg/lib/pkgconfig/my_cpp_pkg.pc'
[8.412s] Level 1:colcon.colcon_core.environment:checking '/home/algo/Harel/ros2_ws/install/my_cpp_pkg/lib/python3.8/site-packages'
[8.412s] Level 1:colcon.colcon_core.environment:checking '/home/algo/Harel/ros2_ws/install/my_cpp_pkg/bin'
[8.413s] INFO:colcon.colcon_core.shell:Creating package script '/home/algo/Harel/ros2_ws/install/my_cpp_pkg/share/my_cpp_pkg/package.ps1'
[8.413s] INFO:colcon.colcon_core.shell:Creating package descriptor '/home/algo/Harel/ros2_ws/install/my_cpp_pkg/share/my_cpp_pkg/package.dsv'
[8.413s] INFO:colcon.colcon_core.shell:Creating package script '/home/algo/Harel/ros2_ws/install/my_cpp_pkg/share/my_cpp_pkg/package.sh'
[8.413s] INFO:colcon.colcon_core.shell:Creating package script '/home/algo/Harel/ros2_ws/install/my_cpp_pkg/share/my_cpp_pkg/package.bash'
[8.414s] INFO:colcon.colcon_core.shell:Creating package script '/home/algo/Harel/ros2_ws/install/my_cpp_pkg/share/my_cpp_pkg/package.zsh'
[8.414s] Level 1:colcon.colcon_core.environment:create_file_with_runtime_dependencies(/home/algo/Harel/ros2_ws/install/my_cpp_pkg/share/colcon-core/packages/my_cpp_pkg)
[8.446s] Level 1:colcon.colcon_core.environment:create_environment_scripts_only(my_cpp_pkg)
[8.447s] Level 1:colcon.colcon_core.environment:checking '/home/algo/Harel/ros2_ws/install/my_cpp_pkg' for CMake module files
[8.447s] Level 1:colcon.colcon_core.environment:checking '/home/algo/Harel/ros2_ws/install/my_cpp_pkg' for CMake config files
[8.447s] Level 1:colcon.colcon_core.shell:create_environment_hook('my_cpp_pkg', 'cmake_prefix_path')
[8.448s] INFO:colcon.colcon_core.shell:Creating environment hook '/home/algo/Harel/ros2_ws/install/my_cpp_pkg/share/my_cpp_pkg/hook/cmake_prefix_path.ps1'
[8.448s] INFO:colcon.colcon_core.shell:Creating environment descriptor '/home/algo/Harel/ros2_ws/install/my_cpp_pkg/share/my_cpp_pkg/hook/cmake_prefix_path.dsv'
[8.449s] INFO:colcon.colcon_core.shell:Creating environment hook '/home/algo/Harel/ros2_ws/install/my_cpp_pkg/share/my_cpp_pkg/hook/cmake_prefix_path.sh'
[8.449s] Level 1:colcon.colcon_core.environment:checking '/home/algo/Harel/ros2_ws/install/my_cpp_pkg/lib'
[8.449s] Level 1:colcon.colcon_core.environment:checking '/home/algo/Harel/ros2_ws/install/my_cpp_pkg/bin'
[8.449s] Level 1:colcon.colcon_core.environment:checking '/home/algo/Harel/ros2_ws/install/my_cpp_pkg/lib/pkgconfig/my_cpp_pkg.pc'
[8.449s] Level 1:colcon.colcon_core.environment:checking '/home/algo/Harel/ros2_ws/install/my_cpp_pkg/lib/python3.8/site-packages'
[8.450s] Level 1:colcon.colcon_core.environment:checking '/home/algo/Harel/ros2_ws/install/my_cpp_pkg/bin'
[8.450s] INFO:colcon.colcon_core.shell:Creating package script '/home/algo/Harel/ros2_ws/install/my_cpp_pkg/share/my_cpp_pkg/package.ps1'
[8.450s] INFO:colcon.colcon_core.shell:Creating package descriptor '/home/algo/Harel/ros2_ws/install/my_cpp_pkg/share/my_cpp_pkg/package.dsv'
[8.451s] INFO:colcon.colcon_core.shell:Creating package script '/home/algo/Harel/ros2_ws/install/my_cpp_pkg/share/my_cpp_pkg/package.sh'
[8.451s] INFO:colcon.colcon_core.shell:Creating package script '/home/algo/Harel/ros2_ws/install/my_cpp_pkg/share/my_cpp_pkg/package.bash'
[8.451s] INFO:colcon.colcon_core.shell:Creating package script '/home/algo/Harel/ros2_ws/install/my_cpp_pkg/share/my_cpp_pkg/package.zsh'
[8.452s] Level 1:colcon.colcon_core.environment:create_file_with_runtime_dependencies(/home/algo/Harel/ros2_ws/install/my_cpp_pkg/share/colcon-core/packages/my_cpp_pkg)
[8.452s] INFO:colcon.colcon_ros.task.ament_cmake.build:Building ROS package in '/home/algo/Harel/ros2_ws/src/my_robot_bringup' with build type 'ament_cmake'
[8.452s] INFO:colcon.colcon_cmake.task.cmake.build:Building CMake package in '/home/algo/Harel/ros2_ws/src/my_robot_bringup'
[8.452s] INFO:colcon.colcon_core.shell:Skip shell extension 'powershell' for command environment: Not usable outside of PowerShell
[8.452s] DEBUG:colcon.colcon_core.shell:Skip shell extension 'dsv' for command environment
[8.466s] DEBUG:colcon.colcon_core.event_handler.log_command:Invoking command in '/home/algo/Harel/ros2_ws/build/my_robot_bringup': AMENT_PREFIX_PATH=/home/algo/Harel/ros2_ws/install/my_py_pkg:/home/algo/Harel/ros2_ws/install/my_robot_bringup:/home/algo/Harel/ros2_ws/install/my_robot_interfaces:/home/algo/Harel/ros2_ws/install/my_cpp_pkg:/opt/ros/foxy CMAKE_PREFIX_PATH=/home/algo/Harel/ros2_ws/install/my_robot_interfaces:/home/algo/Harel/ros2_ws/install/my_cpp_pkg:/home/algo/Harel/ros2_ws/install/my_robot_bringup:/home/algo/Harel/ros2_ws/install/my_py_pkg:/opt/ros/foxy /usr/bin/cmake /home/algo/Harel/ros2_ws/src/my_robot_bringup -DAMENT_CMAKE_SYMLINK_INSTALL=1 -DCMAKE_INSTALL_PREFIX=/home/algo/Harel/ros2_ws/install/my_robot_bringup
[9.169s] DEBUG:colcon.colcon_core.event_handler.log_command:Invoked command in '/home/algo/Harel/ros2_ws/build/my_robot_bringup' returned '0': AMENT_PREFIX_PATH=/home/algo/Harel/ros2_ws/install/my_py_pkg:/home/algo/Harel/ros2_ws/install/my_robot_bringup:/home/algo/Harel/ros2_ws/install/my_robot_interfaces:/home/algo/Harel/ros2_ws/install/my_cpp_pkg:/opt/ros/foxy CMAKE_PREFIX_PATH=/home/algo/Harel/ros2_ws/install/my_robot_interfaces:/home/algo/Harel/ros2_ws/install/my_cpp_pkg:/home/algo/Harel/ros2_ws/install/my_robot_bringup:/home/algo/Harel/ros2_ws/install/my_py_pkg:/opt/ros/foxy /usr/bin/cmake /home/algo/Harel/ros2_ws/src/my_robot_bringup -DAMENT_CMAKE_SYMLINK_INSTALL=1 -DCMAKE_INSTALL_PREFIX=/home/algo/Harel/ros2_ws/install/my_robot_bringup
[9.171s] DEBUG:colcon.colcon_core.event_handler.log_command:Invoking command in '/home/algo/Harel/ros2_ws/build/my_robot_bringup': AMENT_PREFIX_PATH=/home/algo/Harel/ros2_ws/install/my_py_pkg:/home/algo/Harel/ros2_ws/install/my_robot_bringup:/home/algo/Harel/ros2_ws/install/my_robot_interfaces:/home/algo/Harel/ros2_ws/install/my_cpp_pkg:/opt/ros/foxy CMAKE_PREFIX_PATH=/home/algo/Harel/ros2_ws/install/my_robot_interfaces:/home/algo/Harel/ros2_ws/install/my_cpp_pkg:/home/algo/Harel/ros2_ws/install/my_robot_bringup:/home/algo/Harel/ros2_ws/install/my_py_pkg:/opt/ros/foxy /usr/bin/cmake --build /home/algo/Harel/ros2_ws/build/my_robot_bringup -- -j8 -l8
[9.197s] DEBUG:colcon.colcon_core.event_handler.log_command:Invoked command in '/home/algo/Harel/ros2_ws/build/my_robot_bringup' returned '0': AMENT_PREFIX_PATH=/home/algo/Harel/ros2_ws/install/my_py_pkg:/home/algo/Harel/ros2_ws/install/my_robot_bringup:/home/algo/Harel/ros2_ws/install/my_robot_interfaces:/home/algo/Harel/ros2_ws/install/my_cpp_pkg:/opt/ros/foxy CMAKE_PREFIX_PATH=/home/algo/Harel/ros2_ws/install/my_robot_interfaces:/home/algo/Harel/ros2_ws/install/my_cpp_pkg:/home/algo/Harel/ros2_ws/install/my_robot_bringup:/home/algo/Harel/ros2_ws/install/my_py_pkg:/opt/ros/foxy /usr/bin/cmake --build /home/algo/Harel/ros2_ws/build/my_robot_bringup -- -j8 -l8
[9.214s] DEBUG:colcon.colcon_core.event_handler.log_command:Invoking command in '/home/algo/Harel/ros2_ws/build/my_robot_bringup': AMENT_PREFIX_PATH=/home/algo/Harel/ros2_ws/install/my_py_pkg:/home/algo/Harel/ros2_ws/install/my_robot_bringup:/home/algo/Harel/ros2_ws/install/my_robot_interfaces:/home/algo/Harel/ros2_ws/install/my_cpp_pkg:/opt/ros/foxy CMAKE_PREFIX_PATH=/home/algo/Harel/ros2_ws/install/my_robot_interfaces:/home/algo/Harel/ros2_ws/install/my_cpp_pkg:/home/algo/Harel/ros2_ws/install/my_robot_bringup:/home/algo/Harel/ros2_ws/install/my_py_pkg:/opt/ros/foxy /usr/bin/cmake --install /home/algo/Harel/ros2_ws/build/my_robot_bringup
[9.326s] Level 1:colcon.colcon_core.environment:create_environment_scripts_only(my_robot_bringup)
[9.327s] Level 1:colcon.colcon_core.environment:checking '/home/algo/Harel/ros2_ws/install/my_robot_bringup' for CMake module files
[9.328s] DEBUG:colcon.colcon_core.event_handler.log_command:Invoked command in '/home/algo/Harel/ros2_ws/build/my_robot_bringup' returned '0': AMENT_PREFIX_PATH=/home/algo/Harel/ros2_ws/install/my_py_pkg:/home/algo/Harel/ros2_ws/install/my_robot_bringup:/home/algo/Harel/ros2_ws/install/my_robot_interfaces:/home/algo/Harel/ros2_ws/install/my_cpp_pkg:/opt/ros/foxy CMAKE_PREFIX_PATH=/home/algo/Harel/ros2_ws/install/my_robot_interfaces:/home/algo/Harel/ros2_ws/install/my_cpp_pkg:/home/algo/Harel/ros2_ws/install/my_robot_bringup:/home/algo/Harel/ros2_ws/install/my_py_pkg:/opt/ros/foxy /usr/bin/cmake --install /home/algo/Harel/ros2_ws/build/my_robot_bringup
[9.328s] Level 1:colcon.colcon_core.environment:checking '/home/algo/Harel/ros2_ws/install/my_robot_bringup' for CMake config files
[9.328s] Level 1:colcon.colcon_core.shell:create_environment_hook('my_robot_bringup', 'cmake_prefix_path')
[9.329s] INFO:colcon.colcon_core.shell:Creating environment hook '/home/algo/Harel/ros2_ws/install/my_robot_bringup/share/my_robot_bringup/hook/cmake_prefix_path.ps1'
[9.329s] INFO:colcon.colcon_core.shell:Creating environment descriptor '/home/algo/Harel/ros2_ws/install/my_robot_bringup/share/my_robot_bringup/hook/cmake_prefix_path.dsv'
[9.329s] INFO:colcon.colcon_core.shell:Creating environment hook '/home/algo/Harel/ros2_ws/install/my_robot_bringup/share/my_robot_bringup/hook/cmake_prefix_path.sh'
[9.330s] Level 1:colcon.colcon_core.environment:checking '/home/algo/Harel/ros2_ws/install/my_robot_bringup/bin'
[9.330s] Level 1:colcon.colcon_core.environment:checking '/home/algo/Harel/ros2_ws/install/my_robot_bringup/lib/pkgconfig/my_robot_bringup.pc'
[9.330s] Level 1:colcon.colcon_core.environment:checking '/home/algo/Harel/ros2_ws/install/my_robot_bringup/lib/python3.8/site-packages'
[9.330s] Level 1:colcon.colcon_core.environment:checking '/home/algo/Harel/ros2_ws/install/my_robot_bringup/bin'
[9.331s] INFO:colcon.colcon_core.shell:Creating package script '/home/algo/Harel/ros2_ws/install/my_robot_bringup/share/my_robot_bringup/package.ps1'
[9.331s] INFO:colcon.colcon_core.shell:Creating package descriptor '/home/algo/Harel/ros2_ws/install/my_robot_bringup/share/my_robot_bringup/package.dsv'
[9.331s] INFO:colcon.colcon_core.shell:Creating package script '/home/algo/Harel/ros2_ws/install/my_robot_bringup/share/my_robot_bringup/package.sh'
[9.331s] INFO:colcon.colcon_core.shell:Creating package script '/home/algo/Harel/ros2_ws/install/my_robot_bringup/share/my_robot_bringup/package.bash'
[9.331s] INFO:colcon.colcon_core.shell:Creating package script '/home/algo/Harel/ros2_ws/install/my_robot_bringup/share/my_robot_bringup/package.zsh'
[9.332s] Level 1:colcon.colcon_core.environment:create_file_with_runtime_dependencies(/home/algo/Harel/ros2_ws/install/my_robot_bringup/share/colcon-core/packages/my_robot_bringup)
[9.347s] Level 1:colcon.colcon_core.environment:create_environment_scripts_only(my_robot_bringup)
[9.348s] Level 1:colcon.colcon_core.environment:checking '/home/algo/Harel/ros2_ws/install/my_robot_bringup' for CMake module files
[9.348s] Level 1:colcon.colcon_core.environment:checking '/home/algo/Harel/ros2_ws/install/my_robot_bringup' for CMake config files
[9.348s] Level 1:colcon.colcon_core.shell:create_environment_hook('my_robot_bringup', 'cmake_prefix_path')
[9.349s] INFO:colcon.colcon_core.shell:Creating environment hook '/home/algo/Harel/ros2_ws/install/my_robot_bringup/share/my_robot_bringup/hook/cmake_prefix_path.ps1'
[9.349s] INFO:colcon.colcon_core.shell:Creating environment descriptor '/home/algo/Harel/ros2_ws/install/my_robot_bringup/share/my_robot_bringup/hook/cmake_prefix_path.dsv'
[9.349s] INFO:colcon.colcon_core.shell:Creating environment hook '/home/algo/Harel/ros2_ws/install/my_robot_bringup/share/my_robot_bringup/hook/cmake_prefix_path.sh'
[9.350s] Level 1:colcon.colcon_core.environment:checking '/home/algo/Harel/ros2_ws/install/my_robot_bringup/bin'
[9.350s] Level 1:colcon.colcon_core.environment:checking '/home/algo/Harel/ros2_ws/install/my_robot_bringup/lib/pkgconfig/my_robot_bringup.pc'
[9.350s] Level 1:colcon.colcon_core.environment:checking '/home/algo/Harel/ros2_ws/install/my_robot_bringup/lib/python3.8/site-packages'
[9.350s] Level 1:colcon.colcon_core.environment:checking '/home/algo/Harel/ros2_ws/install/my_robot_bringup/bin'
[9.351s] INFO:colcon.colcon_core.shell:Creating package script '/home/algo/Harel/ros2_ws/install/my_robot_bringup/share/my_robot_bringup/package.ps1'
[9.351s] INFO:colcon.colcon_core.shell:Creating package descriptor '/home/algo/Harel/ros2_ws/install/my_robot_bringup/share/my_robot_bringup/package.dsv'
[9.351s] INFO:colcon.colcon_core.shell:Creating package script '/home/algo/Harel/ros2_ws/install/my_robot_bringup/share/my_robot_bringup/package.sh'
[9.351s] INFO:colcon.colcon_core.shell:Creating package script '/home/algo/Harel/ros2_ws/install/my_robot_bringup/share/my_robot_bringup/package.bash'
[9.352s] INFO:colcon.colcon_core.shell:Creating package script '/home/algo/Harel/ros2_ws/install/my_robot_bringup/share/my_robot_bringup/package.zsh'
[9.352s] Level 1:colcon.colcon_core.environment:create_file_with_runtime_dependencies(/home/algo/Harel/ros2_ws/install/my_robot_bringup/share/colcon-core/packages/my_robot_bringup)
[9.352s] DEBUG:colcon.colcon_parallel_executor.executor.parallel:closing loop
[9.352s] DEBUG:colcon.colcon_parallel_executor.executor.parallel:loop closed
[9.352s] DEBUG:colcon.colcon_parallel_executor.executor.parallel:run_until_complete finished with '0'
[9.352s] DEBUG:colcon.colcon_core.event_reactor:joining thread
[9.359s] INFO:colcon.colcon_core.plugin_system:Skipping extension 'colcon_notification.desktop_notification.terminal_notifier': Not used on non-Darwin systems
[9.359s] INFO:colcon.colcon_core.plugin_system:Skipping extension 'colcon_notification.desktop_notification.win32': Not used on non-Windows systems
[9.360s] INFO:colcon.colcon_notification.desktop_notification:Sending desktop notification using 'notify2'
[9.371s] DEBUG:colcon.colcon_core.event_reactor:joined thread
[9.371s] INFO:colcon.colcon_core.shell:Creating prefix script '/home/algo/Harel/ros2_ws/install/local_setup.ps1'
[9.372s] INFO:colcon.colcon_core.shell:Creating prefix util module '/home/algo/Harel/ros2_ws/install/_local_setup_util_ps1.py'
[9.373s] INFO:colcon.colcon_core.shell:Creating prefix chain script '/home/algo/Harel/ros2_ws/install/setup.ps1'
[9.374s] INFO:colcon.colcon_core.shell:Creating prefix script '/home/algo/Harel/ros2_ws/install/local_setup.sh'
[9.374s] INFO:colcon.colcon_core.shell:Creating prefix util module '/home/algo/Harel/ros2_ws/install/_local_setup_util_sh.py'
[9.375s] INFO:colcon.colcon_core.shell:Creating prefix chain script '/home/algo/Harel/ros2_ws/install/setup.sh'
[9.375s] INFO:colcon.colcon_core.shell:Creating prefix script '/home/algo/Harel/ros2_ws/install/local_setup.bash'
[9.376s] INFO:colcon.colcon_core.shell:Creating prefix chain script '/home/algo/Harel/ros2_ws/install/setup.bash'
[9.376s] INFO:colcon.colcon_core.shell:Creating prefix script '/home/algo/Harel/ros2_ws/install/local_setup.zsh'
[9.377s] INFO:colcon.colcon_core.shell:Creating prefix chain script '/home/algo/Harel/ros2_ws/install/setup.zsh'
