[0.018s] Invoking command in '/home/algo/Harel/ros2_ws/build/my_robot_interfaces': CMAKE_PREFIX_PATH=${CMAKE_PREFIX_PATH}:/home/algo/Harel/ros2_ws/install/my_py_pkg:/opt/ros/foxy /usr/bin/cmake --build /home/algo/Harel/ros2_ws/build/my_robot_interfaces -- -j8 -l8
[0.071s] [  3%] Built target my_robot_interfaces__cpp
[0.075s] [ 12%] Built target my_robot_interfaces__rosidl_generator_c
[0.093s] [ 22%] Built target my_robot_interfaces__rosidl_typesupport_introspection_cpp
[0.093s] [ 32%] Built target my_robot_interfaces__rosidl_typesupport_c
[0.101s] [ 41%] Built target my_robot_interfaces__rosidl_typesupport_cpp
[0.103s] [ 51%] Built target my_robot_interfaces__rosidl_typesupport_introspection_c
[0.104s] [ 61%] Built target my_robot_interfaces__rosidl_typesupport_fastrtps_cpp
[0.122s] [ 70%] Built target my_robot_interfaces__rosidl_typesupport_fastrtps_c
[0.137s] [ 70%] Built target my_robot_interfaces
[0.152s] [ 74%] Built target my_robot_interfaces__py
[0.170s] [ 80%] Built target my_robot_interfaces__python
[0.188s] [ 87%] Built target my_robot_interfaces__rosidl_typesupport_introspection_c__pyext
[0.189s] [100%] Built target my_robot_interfaces__rosidl_typesupport_c__pyext
[0.189s] [100%] Built target my_robot_interfaces__rosidl_typesupport_fastrtps_c__pyext
[0.197s] Invoked command in '/home/algo/Harel/ros2_ws/build/my_robot_interfaces' returned '0': CMAKE_PREFIX_PATH=${CMAKE_PREFIX_PATH}:/home/algo/Harel/ros2_ws/install/my_py_pkg:/opt/ros/foxy /usr/bin/cmake --build /home/algo/Harel/ros2_ws/build/my_robot_interfaces -- -j8 -l8
[0.234s] Invoking command in '/home/algo/Harel/ros2_ws/build/my_robot_interfaces': CMAKE_PREFIX_PATH=${CMAKE_PREFIX_PATH}:/home/algo/Harel/ros2_ws/install/my_py_pkg:/opt/ros/foxy /usr/bin/cmake --install /home/algo/Harel/ros2_ws/build/my_robot_interfaces
[0.240s] -- Install configuration: ""
[0.240s] -- Execute custom install script
[0.240s] -- Up-to-date symlink: /home/algo/Harel/ros2_ws/install/my_robot_interfaces/share/ament_index/resource_index/rosidl_interfaces/my_robot_interfaces
[0.241s] -- Up-to-date symlink: /home/algo/Harel/ros2_ws/install/my_robot_interfaces/include/my_robot_interfaces/msg/detail/hardware_status__functions.h
[0.241s] -- Up-to-date symlink: /home/algo/Harel/ros2_ws/install/my_robot_interfaces/include/my_robot_interfaces/msg/detail/hardware_status__struct.h
[0.241s] -- Up-to-date symlink: /home/algo/Harel/ros2_ws/install/my_robot_interfaces/include/my_robot_interfaces/msg/detail/hardware_status__type_support.h
[0.242s] -- Up-to-date symlink: /home/algo/Harel/ros2_ws/install/my_robot_interfaces/include/my_robot_interfaces/msg/hardware_status.h
[0.242s] -- Up-to-date symlink: /home/algo/Harel/ros2_ws/install/my_robot_interfaces/include/my_robot_interfaces/msg/rosidl_generator_c__visibility_control.h
[0.242s] -- Up-to-date symlink: /home/algo/Harel/ros2_ws/install/my_robot_interfaces/share/my_robot_interfaces/environment/library_path.sh
[0.242s] -- Up-to-date symlink: /home/algo/Harel/ros2_ws/install/my_robot_interfaces/share/my_robot_interfaces/environment/library_path.dsv
[0.242s] -- Up-to-date symlink: /home/algo/Harel/ros2_ws/install/my_robot_interfaces/include/my_robot_interfaces/msg/detail/hardware_status__rosidl_typesupport_fastrtps_c.h
[0.242s] -- Up-to-date symlink: /home/algo/Harel/ros2_ws/install/my_robot_interfaces/include/my_robot_interfaces/msg/rosidl_typesupport_fastrtps_c__visibility_control.h
[0.243s] -- Up-to-date symlink: /home/algo/Harel/ros2_ws/install/my_robot_interfaces/lib/libmy_robot_interfaces__rosidl_typesupport_fastrtps_c.so
[0.243s] -- Up-to-date symlink: /home/algo/Harel/ros2_ws/install/my_robot_interfaces/include/my_robot_interfaces/msg/detail/hardware_status__rosidl_typesupport_fastrtps_cpp.hpp
[0.243s] -- Up-to-date symlink: /home/algo/Harel/ros2_ws/install/my_robot_interfaces/include/my_robot_interfaces/msg/rosidl_typesupport_fastrtps_cpp__visibility_control.h
[0.243s] -- Up-to-date symlink: /home/algo/Harel/ros2_ws/install/my_robot_interfaces/lib/libmy_robot_interfaces__rosidl_typesupport_fastrtps_cpp.so
[0.244s] -- Up-to-date symlink: /home/algo/Harel/ros2_ws/install/my_robot_interfaces/include/my_robot_interfaces/msg/detail/hardware_status__rosidl_typesupport_introspection_c.h
[0.244s] -- Up-to-date symlink: /home/algo/Harel/ros2_ws/install/my_robot_interfaces/include/my_robot_interfaces/msg/rosidl_typesupport_introspection_c__visibility_control.h
[0.244s] -- Up-to-date symlink: /home/algo/Harel/ros2_ws/install/my_robot_interfaces/include/my_robot_interfaces/msg/detail/hardware_status__builder.hpp
[0.244s] -- Up-to-date symlink: /home/algo/Harel/ros2_ws/install/my_robot_interfaces/include/my_robot_interfaces/msg/detail/hardware_status__struct.hpp
[0.245s] -- Up-to-date symlink: /home/algo/Harel/ros2_ws/install/my_robot_interfaces/include/my_robot_interfaces/msg/detail/hardware_status__traits.hpp
[0.245s] -- Up-to-date symlink: /home/algo/Harel/ros2_ws/install/my_robot_interfaces/include/my_robot_interfaces/msg/hardware_status.hpp
[0.245s] -- Up-to-date symlink: /home/algo/Harel/ros2_ws/install/my_robot_interfaces/include/my_robot_interfaces/msg/detail/hardware_status__rosidl_typesupport_introspection_cpp.hpp
[0.245s] -- Up-to-date symlink: /home/algo/Harel/ros2_ws/install/my_robot_interfaces/share/my_robot_interfaces/environment/pythonpath.sh
[0.245s] -- Up-to-date symlink: /home/algo/Harel/ros2_ws/install/my_robot_interfaces/share/my_robot_interfaces/environment/pythonpath.dsv
[0.245s] -- Up-to-date symlink: /home/algo/Harel/ros2_ws/install/my_robot_interfaces/lib/python3.9/site-packages/my_robot_interfaces/__init__.py
[0.246s] -- Up-to-date symlink: /home/algo/Harel/ros2_ws/install/my_robot_interfaces/lib/python3.9/site-packages/my_robot_interfaces/msg/__init__.py
[0.246s] -- Up-to-date symlink: /home/algo/Harel/ros2_ws/install/my_robot_interfaces/lib/python3.9/site-packages/my_robot_interfaces/msg/_hardware_status.py
[0.246s] -- Up-to-date symlink: /home/algo/Harel/ros2_ws/install/my_robot_interfaces/lib/python3.9/site-packages/my_robot_interfaces/my_robot_interfaces_s__rosidl_typesupport_fastrtps_c.cpython-39-x86_64-linux-gnu.so
[0.246s] -- Up-to-date symlink: /home/algo/Harel/ros2_ws/install/my_robot_interfaces/lib/python3.9/site-packages/my_robot_interfaces/my_robot_interfaces_s__rosidl_typesupport_introspection_c.cpython-39-x86_64-linux-gnu.so
[0.247s] -- Up-to-date symlink: /home/algo/Harel/ros2_ws/install/my_robot_interfaces/lib/python3.9/site-packages/my_robot_interfaces/my_robot_interfaces_s__rosidl_typesupport_c.cpython-39-x86_64-linux-gnu.so
[0.247s] -- Up-to-date symlink: /home/algo/Harel/ros2_ws/install/my_robot_interfaces/lib/libmy_robot_interfaces__python.so
[0.247s] -- Up-to-date symlink: /home/algo/Harel/ros2_ws/install/my_robot_interfaces/share/my_robot_interfaces/msg/HardwareStatus.idl
[0.247s] -- Up-to-date symlink: /home/algo/Harel/ros2_ws/install/my_robot_interfaces/share/my_robot_interfaces/msg/HardwareStatus.msg
[0.248s] -- Up-to-date symlink: /home/algo/Harel/ros2_ws/install/my_robot_interfaces/share/ament_index/resource_index/package_run_dependencies/my_robot_interfaces
[0.248s] -- Up-to-date symlink: /home/algo/Harel/ros2_ws/install/my_robot_interfaces/share/ament_index/resource_index/parent_prefix_path/my_robot_interfaces
[0.248s] -- Up-to-date symlink: /home/algo/Harel/ros2_ws/install/my_robot_interfaces/share/my_robot_interfaces/environment/ament_prefix_path.sh
[0.248s] -- Up-to-date symlink: /home/algo/Harel/ros2_ws/install/my_robot_interfaces/share/my_robot_interfaces/environment/ament_prefix_path.dsv
[0.249s] -- Up-to-date symlink: /home/algo/Harel/ros2_ws/install/my_robot_interfaces/share/my_robot_interfaces/environment/path.sh
[0.249s] -- Up-to-date symlink: /home/algo/Harel/ros2_ws/install/my_robot_interfaces/share/my_robot_interfaces/environment/path.dsv
[0.249s] -- Up-to-date symlink: /home/algo/Harel/ros2_ws/install/my_robot_interfaces/share/my_robot_interfaces/local_setup.bash
[0.249s] -- Up-to-date symlink: /home/algo/Harel/ros2_ws/install/my_robot_interfaces/share/my_robot_interfaces/local_setup.sh
[0.249s] -- Up-to-date symlink: /home/algo/Harel/ros2_ws/install/my_robot_interfaces/share/my_robot_interfaces/local_setup.zsh
[0.249s] -- Up-to-date symlink: /home/algo/Harel/ros2_ws/install/my_robot_interfaces/share/my_robot_interfaces/local_setup.dsv
[0.250s] -- Symlinking: /home/algo/Harel/ros2_ws/install/my_robot_interfaces/share/my_robot_interfaces/package.dsv
[0.257s] -- Up-to-date symlink: /home/algo/Harel/ros2_ws/install/my_robot_interfaces/share/ament_index/resource_index/packages/my_robot_interfaces
[0.257s] -- Up-to-date symlink: /home/algo/Harel/ros2_ws/install/my_robot_interfaces/share/my_robot_interfaces/cmake/rosidl_cmake-extras.cmake
[0.257s] -- Up-to-date symlink: /home/algo/Harel/ros2_ws/install/my_robot_interfaces/share/my_robot_interfaces/cmake/ament_cmake_export_dependencies-extras.cmake
[0.257s] -- Up-to-date symlink: /home/algo/Harel/ros2_ws/install/my_robot_interfaces/share/my_robot_interfaces/cmake/ament_cmake_export_libraries-extras.cmake
[0.257s] -- Up-to-date symlink: /home/algo/Harel/ros2_ws/install/my_robot_interfaces/share/my_robot_interfaces/cmake/ament_cmake_export_targets-extras.cmake
[0.257s] -- Up-to-date symlink: /home/algo/Harel/ros2_ws/install/my_robot_interfaces/share/my_robot_interfaces/cmake/ament_cmake_export_include_directories-extras.cmake
[0.257s] -- Up-to-date symlink: /home/algo/Harel/ros2_ws/install/my_robot_interfaces/share/my_robot_interfaces/cmake/rosidl_cmake_export_typesupport_libraries-extras.cmake
[0.258s] -- Up-to-date symlink: /home/algo/Harel/ros2_ws/install/my_robot_interfaces/share/my_robot_interfaces/cmake/rosidl_cmake_export_typesupport_targets-extras.cmake
[0.258s] -- Up-to-date symlink: /home/algo/Harel/ros2_ws/install/my_robot_interfaces/share/my_robot_interfaces/cmake/my_robot_interfacesConfig.cmake
[0.258s] -- Up-to-date symlink: /home/algo/Harel/ros2_ws/install/my_robot_interfaces/share/my_robot_interfaces/cmake/my_robot_interfacesConfig-version.cmake
[0.258s] -- Up-to-date symlink: /home/algo/Harel/ros2_ws/install/my_robot_interfaces/share/my_robot_interfaces/package.xml
[0.258s] -- Up-to-date: /home/algo/Harel/ros2_ws/install/my_robot_interfaces/lib/libmy_robot_interfaces__rosidl_generator_c.so
[0.258s] -- Up-to-date: /home/algo/Harel/ros2_ws/install/my_robot_interfaces/lib/libmy_robot_interfaces__rosidl_typesupport_introspection_c.so
[0.259s] -- Up-to-date: /home/algo/Harel/ros2_ws/install/my_robot_interfaces/lib/libmy_robot_interfaces__rosidl_typesupport_c.so
[0.259s] -- Up-to-date: /home/algo/Harel/ros2_ws/install/my_robot_interfaces/lib/libmy_robot_interfaces__rosidl_typesupport_introspection_cpp.so
[0.259s] -- Up-to-date: /home/algo/Harel/ros2_ws/install/my_robot_interfaces/lib/libmy_robot_interfaces__rosidl_typesupport_cpp.so
[0.327s] -- Up-to-date: /home/algo/Harel/ros2_ws/install/my_robot_interfaces/share/my_robot_interfaces/cmake/my_robot_interfaces__rosidl_generator_cExport.cmake
[0.327s] -- Up-to-date: /home/algo/Harel/ros2_ws/install/my_robot_interfaces/share/my_robot_interfaces/cmake/my_robot_interfaces__rosidl_generator_cExport-noconfig.cmake
[0.327s] -- Up-to-date: /home/algo/Harel/ros2_ws/install/my_robot_interfaces/share/my_robot_interfaces/cmake/my_robot_interfaces__rosidl_typesupport_introspection_cExport.cmake
[0.327s] -- Up-to-date: /home/algo/Harel/ros2_ws/install/my_robot_interfaces/share/my_robot_interfaces/cmake/my_robot_interfaces__rosidl_typesupport_introspection_cExport-noconfig.cmake
[0.327s] -- Up-to-date: /home/algo/Harel/ros2_ws/install/my_robot_interfaces/share/my_robot_interfaces/cmake/my_robot_interfaces__rosidl_typesupport_cExport.cmake
[0.327s] -- Up-to-date: /home/algo/Harel/ros2_ws/install/my_robot_interfaces/share/my_robot_interfaces/cmake/my_robot_interfaces__rosidl_typesupport_cExport-noconfig.cmake
[0.327s] -- Up-to-date: /home/algo/Harel/ros2_ws/install/my_robot_interfaces/share/my_robot_interfaces/cmake/my_robot_interfaces__rosidl_generator_cppExport.cmake
[0.327s] -- Up-to-date: /home/algo/Harel/ros2_ws/install/my_robot_interfaces/share/my_robot_interfaces/cmake/my_robot_interfaces__rosidl_typesupport_introspection_cppExport.cmake
[0.327s] -- Up-to-date: /home/algo/Harel/ros2_ws/install/my_robot_interfaces/share/my_robot_interfaces/cmake/my_robot_interfaces__rosidl_typesupport_introspection_cppExport-noconfig.cmake
[0.328s] -- Up-to-date: /home/algo/Harel/ros2_ws/install/my_robot_interfaces/share/my_robot_interfaces/cmake/my_robot_interfaces__rosidl_typesupport_cppExport.cmake
[0.328s] -- Up-to-date: /home/algo/Harel/ros2_ws/install/my_robot_interfaces/share/my_robot_interfaces/cmake/my_robot_interfaces__rosidl_typesupport_cppExport-noconfig.cmake
[0.331s] Invoked command in '/home/algo/Harel/ros2_ws/build/my_robot_interfaces' returned '0': CMAKE_PREFIX_PATH=${CMAKE_PREFIX_PATH}:/home/algo/Harel/ros2_ws/install/my_py_pkg:/opt/ros/foxy /usr/bin/cmake --install /home/algo/Harel/ros2_ws/build/my_robot_interfaces
