-- The C compiler identification is GNU 8.4.0
-- The CXX compiler identification is GNU 8.4.0
-- Check for working C compiler: /usr/bin/cc
-- Check for working C compiler: /usr/bin/cc -- works
-- Detecting C compiler ABI info
-- Detecting C compiler ABI info - done
-- Detecting C compile features
-- Detecting C compile features - done
-- Check for working CXX compiler: /usr/bin/c++
-- Check for working CXX compiler: /usr/bin/c++ -- works
-- Detecting CXX compiler ABI info
-- Detecting CXX compiler ABI info - done
-- Detecting CXX compile features
-- Detecting CXX compile features - done
-- Found ament_cmake: 0.9.9 (/opt/ros/foxy/share/ament_cmake/cmake)
-- Found PythonInterp: /home/algo/.pyenv/shims/python3 (found suitable version "3.9.10", minimum required is "3") 
-- Using PYTHON_EXECUTABLE: /home/algo/.pyenv/shims/python3
-- Override CMake install command with custom implementation using symlinks instead of copying resources
-- Found rclcpp: 2.4.1 (/opt/ros/foxy/share/rclcpp/cmake)
-- Using all available rosidl_typesupport_c: rosidl_typesupport_fastrtps_c;rosidl_typesupport_introspection_c
-- Found rosidl_adapter: 1.2.1 (/opt/ros/foxy/share/rosidl_adapter/cmake)
-- Found OpenSSL: /usr/lib/x86_64-linux-gnu/libcrypto.so (found version "1.1.1f")  
-- Found FastRTPS: /opt/ros/foxy/include  
-- Using all available rosidl_typesupport_cpp: rosidl_typesupport_fastrtps_cpp;rosidl_typesupport_introspection_cpp
-- Found rmw_implementation_cmake: 1.0.3 (/opt/ros/foxy/share/rmw_implementation_cmake/cmake)
-- Using RMW implementation 'rmw_fastrtps_cpp' as default
-- Looking for pthread.h
-- Looking for pthread.h - found
-- Performing Test CMAKE_HAVE_LIBC_PTHREAD
-- Performing Test CMAKE_HAVE_LIBC_PTHREAD - Failed
-- Looking for pthread_create in pthreads
-- Looking for pthread_create in pthreads - not found
-- Looking for pthread_create in pthread
-- Looking for pthread_create in pthread - found
-- Found Threads: TRUE  
-- Found example_interfaces: 0.9.1 (/opt/ros/foxy/share/example_interfaces/cmake)
-- Configuring done
-- Generating done
-- Build files have been written to: /home/algo/Harel/ros2_ws/build/my_cpp_pkg
[35m[1mScanning dependencies of target number_publisher[0m
[35m[1mScanning dependencies of target number_counter[0m
[35m[1mScanning dependencies of target robot_news_station[0m
[35m[1mScanning dependencies of target cpp_node[0m
[35m[1mScanning dependencies of target add_two_ints_client[0m
[35m[1mScanning dependencies of target add_two_ints_client_no_oop[0m
[35m[1mScanning dependencies of target smartphone[0m
[35m[1mScanning dependencies of target add_two_ints_server[0m
[  6%] [32mBuilding CXX object CMakeFiles/number_counter.dir/src/number_counter.cpp.o[0m
[ 12%] [32mBuilding CXX object CMakeFiles/number_publisher.dir/src/number_publisher.cpp.o[0m
[ 18%] [32mBuilding CXX object CMakeFiles/add_two_ints_client_no_oop.dir/src/add_two_ints_client_no_oop.cpp.o[0m
[ 25%] [32mBuilding CXX object CMakeFiles/add_two_ints_client.dir/src/add_two_ints_client.cpp.o[0m
[ 31%] [32mBuilding CXX object CMakeFiles/robot_news_station.dir/src/robot_news_station.cpp.o[0m
[ 37%] [32mBuilding CXX object CMakeFiles/cpp_node.dir/src/my_first_node.cpp.o[0m
[ 43%] [32mBuilding CXX object CMakeFiles/add_two_ints_server.dir/src/add_two_ints_server.cpp.o[0m
[ 50%] [32mBuilding CXX object CMakeFiles/smartphone.dir/src/smartphone.cpp.o[0m
[ 56%] [32m[1mLinking CXX executable add_two_ints_client_no_oop[0m
[ 56%] Built target add_two_ints_client_no_oop
[ 62%] [32m[1mLinking CXX executable add_two_ints_server[0m
[ 62%] Built target add_two_ints_server
[ 68%] [32m[1mLinking CXX executable cpp_node[0m
[ 68%] Built target cpp_node
[ 75%] [32m[1mLinking CXX executable add_two_ints_client[0m
[ 75%] Built target add_two_ints_client
[ 81%] [32m[1mLinking CXX executable number_publisher[0m
[ 81%] Built target number_publisher
[ 87%] [32m[1mLinking CXX executable robot_news_station[0m
[ 87%] Built target robot_news_station
[ 93%] [32m[1mLinking CXX executable smartphone[0m
[ 93%] Built target smartphone
[100%] [32m[1mLinking CXX executable number_counter[0m
[100%] Built target number_counter
-- Install configuration: ""
-- Execute custom install script
-- Symlinking: /home/algo/Harel/ros2_ws/install/my_cpp_pkg/lib/my_cpp_pkg/cpp_node
-- Symlinking: /home/algo/Harel/ros2_ws/install/my_cpp_pkg/lib/my_cpp_pkg/robot_news_station
-- Symlinking: /home/algo/Harel/ros2_ws/install/my_cpp_pkg/lib/my_cpp_pkg/smartphone
-- Symlinking: /home/algo/Harel/ros2_ws/install/my_cpp_pkg/lib/my_cpp_pkg/number_publisher
-- Symlinking: /home/algo/Harel/ros2_ws/install/my_cpp_pkg/lib/my_cpp_pkg/number_counter
-- Symlinking: /home/algo/Harel/ros2_ws/install/my_cpp_pkg/lib/my_cpp_pkg/add_two_ints_server
-- Symlinking: /home/algo/Harel/ros2_ws/install/my_cpp_pkg/lib/my_cpp_pkg/add_two_ints_client_no_oop
-- Symlinking: /home/algo/Harel/ros2_ws/install/my_cpp_pkg/lib/my_cpp_pkg/add_two_ints_client
-- Symlinking: /home/algo/Harel/ros2_ws/install/my_cpp_pkg/share/ament_index/resource_index/package_run_dependencies/my_cpp_pkg
-- Symlinking: /home/algo/Harel/ros2_ws/install/my_cpp_pkg/share/ament_index/resource_index/parent_prefix_path/my_cpp_pkg
-- Symlinking: /home/algo/Harel/ros2_ws/install/my_cpp_pkg/share/my_cpp_pkg/environment/ament_prefix_path.sh
-- Symlinking: /home/algo/Harel/ros2_ws/install/my_cpp_pkg/share/my_cpp_pkg/environment/ament_prefix_path.dsv
-- Symlinking: /home/algo/Harel/ros2_ws/install/my_cpp_pkg/share/my_cpp_pkg/environment/path.sh
-- Symlinking: /home/algo/Harel/ros2_ws/install/my_cpp_pkg/share/my_cpp_pkg/environment/path.dsv
-- Symlinking: /home/algo/Harel/ros2_ws/install/my_cpp_pkg/share/my_cpp_pkg/local_setup.bash
-- Symlinking: /home/algo/Harel/ros2_ws/install/my_cpp_pkg/share/my_cpp_pkg/local_setup.sh
-- Symlinking: /home/algo/Harel/ros2_ws/install/my_cpp_pkg/share/my_cpp_pkg/local_setup.zsh
-- Symlinking: /home/algo/Harel/ros2_ws/install/my_cpp_pkg/share/my_cpp_pkg/local_setup.dsv
-- Symlinking: /home/algo/Harel/ros2_ws/install/my_cpp_pkg/share/my_cpp_pkg/package.dsv
-- Symlinking: /home/algo/Harel/ros2_ws/install/my_cpp_pkg/share/ament_index/resource_index/packages/my_cpp_pkg
-- Symlinking: /home/algo/Harel/ros2_ws/install/my_cpp_pkg/share/my_cpp_pkg/cmake/my_cpp_pkgConfig.cmake
-- Symlinking: /home/algo/Harel/ros2_ws/install/my_cpp_pkg/share/my_cpp_pkg/cmake/my_cpp_pkgConfig-version.cmake
-- Symlinking: /home/algo/Harel/ros2_ws/install/my_cpp_pkg/share/my_cpp_pkg/package.xml
