[0.012s] Invoking command in '/home/algo/Harel/ros2_ws/build/my_cpp_pkg': CMAKE_PREFIX_PATH=${CMAKE_PREFIX_PATH}:/home/algo/Harel/ros2_ws/install/my_py_pkg:/opt/ros/foxy /usr/bin/cmake /home/algo/Harel/ros2_ws/src/my_cpp_pkg -DAMENT_CMAKE_SYMLINK_INSTALL=1 -DCMAKE_INSTALL_PREFIX=/home/algo/Harel/ros2_ws/install/my_cpp_pkg
[0.047s] -- The C compiler identification is GNU 8.4.0
[0.080s] -- The CXX compiler identification is GNU 8.4.0
[0.083s] -- Check for working C compiler: /usr/bin/cc
[0.126s] -- Check for working C compiler: /usr/bin/cc -- works
[0.127s] -- Detecting C compiler ABI info
[0.170s] -- Detecting C compiler ABI info - done
[0.177s] -- Detecting C compile features
[0.177s] -- Detecting C compile features - done
[0.179s] -- Check for working CXX compiler: /usr/bin/c++
[0.230s] -- Check for working CXX compiler: /usr/bin/c++ -- works
[0.230s] -- Detecting CXX compiler ABI info
[0.281s] -- Detecting CXX compiler ABI info - done
[0.289s] -- Detecting CXX compile features
[0.289s] -- Detecting CXX compile features - done
[0.290s] -- Found ament_cmake: 0.9.9 (/opt/ros/foxy/share/ament_cmake/cmake)
[0.331s] -- Found PythonInterp: /home/algo/.pyenv/shims/python3 (found suitable version "3.9.10", minimum required is "3") 
[0.331s] -- Using PYTHON_EXECUTABLE: /home/algo/.pyenv/shims/python3
[0.471s] -- Override CMake install command with custom implementation using symlinks instead of copying resources
[0.490s] -- Found rclcpp: 2.4.1 (/opt/ros/foxy/share/rclcpp/cmake)
[0.525s] -- Using all available rosidl_typesupport_c: rosidl_typesupport_fastrtps_c;rosidl_typesupport_introspection_c
[0.530s] -- Found rosidl_adapter: 1.2.1 (/opt/ros/foxy/share/rosidl_adapter/cmake)
[0.584s] -- Found OpenSSL: /usr/lib/x86_64-linux-gnu/libcrypto.so (found version "1.1.1f")  
[0.607s] -- Found FastRTPS: /opt/ros/foxy/include  
[0.658s] -- Using all available rosidl_typesupport_cpp: rosidl_typesupport_fastrtps_cpp;rosidl_typesupport_introspection_cpp
[0.694s] -- Found rmw_implementation_cmake: 1.0.3 (/opt/ros/foxy/share/rmw_implementation_cmake/cmake)
[0.695s] -- Using RMW implementation 'rmw_fastrtps_cpp' as default
[0.696s] -- Looking for pthread.h
[0.746s] -- Looking for pthread.h - found
[0.746s] -- Performing Test CMAKE_HAVE_LIBC_PTHREAD
[0.793s] -- Performing Test CMAKE_HAVE_LIBC_PTHREAD - Failed
[0.793s] -- Looking for pthread_create in pthreads
[0.838s] -- Looking for pthread_create in pthreads - not found
[0.838s] -- Looking for pthread_create in pthread
[0.896s] -- Looking for pthread_create in pthread - found
[0.897s] -- Found Threads: TRUE  
[1.019s] -- Found example_interfaces: 0.9.1 (/opt/ros/foxy/share/example_interfaces/cmake)
[1.206s] -- Configuring done
[1.232s] -- Generating done
[1.233s] -- Build files have been written to: /home/algo/Harel/ros2_ws/build/my_cpp_pkg
[1.239s] Invoked command in '/home/algo/Harel/ros2_ws/build/my_cpp_pkg' returned '0': CMAKE_PREFIX_PATH=${CMAKE_PREFIX_PATH}:/home/algo/Harel/ros2_ws/install/my_py_pkg:/opt/ros/foxy /usr/bin/cmake /home/algo/Harel/ros2_ws/src/my_cpp_pkg -DAMENT_CMAKE_SYMLINK_INSTALL=1 -DCMAKE_INSTALL_PREFIX=/home/algo/Harel/ros2_ws/install/my_cpp_pkg
[1.241s] Invoking command in '/home/algo/Harel/ros2_ws/build/my_cpp_pkg': CMAKE_PREFIX_PATH=${CMAKE_PREFIX_PATH}:/home/algo/Harel/ros2_ws/install/my_py_pkg:/opt/ros/foxy /usr/bin/cmake --build /home/algo/Harel/ros2_ws/build/my_cpp_pkg -- -j8 -l8
[1.274s] [35m[1mScanning dependencies of target number_publisher[0m
[1.274s] [35m[1mScanning dependencies of target number_counter[0m
[1.275s] [35m[1mScanning dependencies of target robot_news_station[0m
[1.275s] [35m[1mScanning dependencies of target cpp_node[0m
[1.280s] [35m[1mScanning dependencies of target add_two_ints_client[0m
[1.306s] [35m[1mScanning dependencies of target add_two_ints_client_no_oop[0m
[1.307s] [35m[1mScanning dependencies of target smartphone[0m
[1.312s] [35m[1mScanning dependencies of target add_two_ints_server[0m
[1.338s] [  6%] [32mBuilding CXX object CMakeFiles/number_counter.dir/src/number_counter.cpp.o[0m
[1.354s] [ 12%] [32mBuilding CXX object CMakeFiles/number_publisher.dir/src/number_publisher.cpp.o[0m
[1.360s] [ 18%] [32mBuilding CXX object CMakeFiles/add_two_ints_client_no_oop.dir/src/add_two_ints_client_no_oop.cpp.o[0m
[1.368s] [ 25%] [32mBuilding CXX object CMakeFiles/add_two_ints_client.dir/src/add_two_ints_client.cpp.o[0m
[1.375s] [ 31%] [32mBuilding CXX object CMakeFiles/robot_news_station.dir/src/robot_news_station.cpp.o[0m
[1.398s] [ 37%] [32mBuilding CXX object CMakeFiles/cpp_node.dir/src/my_first_node.cpp.o[0m
[1.431s] [ 43%] [32mBuilding CXX object CMakeFiles/add_two_ints_server.dir/src/add_two_ints_server.cpp.o[0m
[1.441s] [ 50%] [32mBuilding CXX object CMakeFiles/smartphone.dir/src/smartphone.cpp.o[0m
[4.013s] [ 56%] [32m[1mLinking CXX executable add_two_ints_client_no_oop[0m
[4.357s] [ 56%] Built target add_two_ints_client_no_oop
[4.629s] [ 62%] [32m[1mLinking CXX executable add_two_ints_server[0m
[4.883s] [ 62%] Built target add_two_ints_server
[4.912s] [ 68%] [32m[1mLinking CXX executable cpp_node[0m
[5.079s] [ 68%] Built target cpp_node
[5.365s] [ 75%] [32m[1mLinking CXX executable add_two_ints_client[0m
[5.495s] [ 75%] Built target add_two_ints_client
[5.659s] [ 81%] [32m[1mLinking CXX executable number_publisher[0m
[5.875s] [ 81%] Built target number_publisher
[6.280s] [ 87%] [32m[1mLinking CXX executable robot_news_station[0m
[6.490s] [ 87%] Built target robot_news_station
[7.417s] [ 93%] [32m[1mLinking CXX executable smartphone[0m
[7.619s] [ 93%] Built target smartphone
[7.764s] [100%] [32m[1mLinking CXX executable number_counter[0m
[7.999s] [100%] Built target number_counter
[8.009s] Invoked command in '/home/algo/Harel/ros2_ws/build/my_cpp_pkg' returned '0': CMAKE_PREFIX_PATH=${CMAKE_PREFIX_PATH}:/home/algo/Harel/ros2_ws/install/my_py_pkg:/opt/ros/foxy /usr/bin/cmake --build /home/algo/Harel/ros2_ws/build/my_cpp_pkg -- -j8 -l8
[8.042s] Invoking command in '/home/algo/Harel/ros2_ws/build/my_cpp_pkg': CMAKE_PREFIX_PATH=${CMAKE_PREFIX_PATH}:/home/algo/Harel/ros2_ws/install/my_py_pkg:/opt/ros/foxy /usr/bin/cmake --install /home/algo/Harel/ros2_ws/build/my_cpp_pkg
[8.050s] -- Install configuration: ""
[8.050s] -- Execute custom install script
[8.051s] -- Symlinking: /home/algo/Harel/ros2_ws/install/my_cpp_pkg/lib/my_cpp_pkg/cpp_node
[8.059s] -- Symlinking: /home/algo/Harel/ros2_ws/install/my_cpp_pkg/lib/my_cpp_pkg/robot_news_station
[8.067s] -- Symlinking: /home/algo/Harel/ros2_ws/install/my_cpp_pkg/lib/my_cpp_pkg/smartphone
[8.075s] -- Symlinking: /home/algo/Harel/ros2_ws/install/my_cpp_pkg/lib/my_cpp_pkg/number_publisher
[8.082s] -- Symlinking: /home/algo/Harel/ros2_ws/install/my_cpp_pkg/lib/my_cpp_pkg/number_counter
[8.090s] -- Symlinking: /home/algo/Harel/ros2_ws/install/my_cpp_pkg/lib/my_cpp_pkg/add_two_ints_server
[8.097s] -- Symlinking: /home/algo/Harel/ros2_ws/install/my_cpp_pkg/lib/my_cpp_pkg/add_two_ints_client_no_oop
[8.104s] -- Symlinking: /home/algo/Harel/ros2_ws/install/my_cpp_pkg/lib/my_cpp_pkg/add_two_ints_client
[8.112s] -- Symlinking: /home/algo/Harel/ros2_ws/install/my_cpp_pkg/share/ament_index/resource_index/package_run_dependencies/my_cpp_pkg
[8.120s] -- Symlinking: /home/algo/Harel/ros2_ws/install/my_cpp_pkg/share/ament_index/resource_index/parent_prefix_path/my_cpp_pkg
[8.128s] -- Symlinking: /home/algo/Harel/ros2_ws/install/my_cpp_pkg/share/my_cpp_pkg/environment/ament_prefix_path.sh
[8.135s] -- Symlinking: /home/algo/Harel/ros2_ws/install/my_cpp_pkg/share/my_cpp_pkg/environment/ament_prefix_path.dsv
[8.144s] -- Symlinking: /home/algo/Harel/ros2_ws/install/my_cpp_pkg/share/my_cpp_pkg/environment/path.sh
[8.154s] -- Symlinking: /home/algo/Harel/ros2_ws/install/my_cpp_pkg/share/my_cpp_pkg/environment/path.dsv
[8.165s] -- Symlinking: /home/algo/Harel/ros2_ws/install/my_cpp_pkg/share/my_cpp_pkg/local_setup.bash
[8.173s] -- Symlinking: /home/algo/Harel/ros2_ws/install/my_cpp_pkg/share/my_cpp_pkg/local_setup.sh
[8.182s] -- Symlinking: /home/algo/Harel/ros2_ws/install/my_cpp_pkg/share/my_cpp_pkg/local_setup.zsh
[8.190s] -- Symlinking: /home/algo/Harel/ros2_ws/install/my_cpp_pkg/share/my_cpp_pkg/local_setup.dsv
[8.197s] -- Symlinking: /home/algo/Harel/ros2_ws/install/my_cpp_pkg/share/my_cpp_pkg/package.dsv
[8.205s] -- Symlinking: /home/algo/Harel/ros2_ws/install/my_cpp_pkg/share/ament_index/resource_index/packages/my_cpp_pkg
[8.213s] -- Symlinking: /home/algo/Harel/ros2_ws/install/my_cpp_pkg/share/my_cpp_pkg/cmake/my_cpp_pkgConfig.cmake
[8.221s] -- Symlinking: /home/algo/Harel/ros2_ws/install/my_cpp_pkg/share/my_cpp_pkg/cmake/my_cpp_pkgConfig-version.cmake
[8.228s] -- Symlinking: /home/algo/Harel/ros2_ws/install/my_cpp_pkg/share/my_cpp_pkg/package.xml
[8.239s] Invoked command in '/home/algo/Harel/ros2_ws/build/my_cpp_pkg' returned '0': CMAKE_PREFIX_PATH=${CMAKE_PREFIX_PATH}:/home/algo/Harel/ros2_ws/install/my_py_pkg:/opt/ros/foxy /usr/bin/cmake --install /home/algo/Harel/ros2_ws/build/my_cpp_pkg
